20:13:28 **** Incremental Build of configuration Debug for project STM32F407VGT6 ****
make -j12 all 
arm-none-eabi-gcc "../Core/UserCC/pidspeed.c" -mcpu=cortex-m4 -std=gnu11 -g3 -DDEBUG -DUSE_HAL_DRIVER -DSTM32F407xx -c -I../Core/Inc -I../Drivers/STM32F4xx_HAL_Driver/Inc -I../Drivers/STM32F4xx_HAL_Driver/Inc/Legacy -I../Drivers/CMSIS/Device/ST/STM32F4xx/Include -I../Drivers/CMSIS/Include -I../Core/UserCC -I../Core/UserHH -O0 -ffunction-sections -fdata-sections -Wall -fstack-usage -fcyclomatic-complexity -MMD -MP -MF"Core/UserCC/pidspeed.d" -MT"Core/UserCC/pidspeed.o" --specs=nano.specs -mfpu=fpv4-sp-d16 -mfloat-abi=hard -mthumb -o "Core/UserCC/pidspeed.o"
arm-none-eabi-gcc "../Core/Src/main.c" -mcpu=cortex-m4 -std=gnu11 -g3 -DDEBUG -DUSE_HAL_DRIVER -DSTM32F407xx -c -I../Core/Inc -I../Drivers/STM32F4xx_HAL_Driver/Inc -I../Drivers/STM32F4xx_HAL_Driver/Inc/Legacy -I../Drivers/CMSIS/Device/ST/STM32F4xx/Include -I../Drivers/CMSIS/Include -I../Core/UserCC -I../Core/UserHH -O0 -ffunction-sections -fdata-sections -Wall -fstack-usage -fcyclomatic-complexity -MMD -MP -MF"Core/Src/main.d" -MT"Core/Src/main.o" --specs=nano.specs -mfpu=fpv4-sp-d16 -mfloat-abi=hard -mthumb -o "Core/Src/main.o"
arm-none-eabi-gcc -o "STM32F407VGT6.elf" @"objects.list"   -mcpu=cortex-m4 -T"A:\git\PROJECT\STM32F407VGT6\STM32F407VGTX_FLASH.ld" --specs=nosys.specs -Wl,-Map="STM32F407VGT6.map" -Wl,--gc-sections -static --specs=nano.specs -mfpu=fpv4-sp-d16 -mfloat-abi=hard -mthumb -u _printf_float -u _scanf_float -Wl,--start-group -lc -lm -Wl,--end-group
已结束构建目标： STM32F407VGT6.elf
 
arm-none-eabi-size  STM32F407VGT6.elf 
arm-none-eabi-objdump -h -S STM32F407VGT6.elf  > "STM32F407VGT6.list"
   text	   data	    bss	    dec	    hex	filename
  54932	    496	   5160	  60588	   ecac	STM32F407VGT6.elf
已结束构建： default.size.stdout
 
已结束构建： STM32F407VGT6.list
 
20:16:36 **** Incremental Build of configuration Debug for project Myproject ****
make -j12 all 
arm-none-eabi-size  Myproject.elf 
   text	   data	    bss	    dec	    hex	filename
  44020	    468	   4132	  48620	   bdec	Myproject.elf
已结束构建： default.size.stdout
 
20:16:36 **** Incremental Build of configuration Debug for project STM32F407VGT6 ****
make -j12 all 
arm-none-eabi-gcc "../Core/Src/main.c" -mcpu=cortex-m4 -std=gnu11 -g3 -DDEBUG -DUSE_HAL_DRIVER -DSTM32F407xx -c -I../Core/Inc -I../Drivers/STM32F4xx_HAL_Driver/Inc -I../Drivers/STM32F4xx_HAL_Driver/Inc/Legacy -I../Drivers/CMSIS/Device/ST/STM32F4xx/Include -I../Drivers/CMSIS/Include -I../Core/UserCC -I../Core/UserHH -O0 -ffunction-sections -fdata-sections -Wall -fstack-usage -fcyclomatic-complexity -MMD -MP -MF"Core/Src/main.d" -MT"Core/Src/main.o" --specs=nano.specs -mfpu=fpv4-sp-d16 -mfloat-abi=hard -mthumb -o "Core/Src/main.o"
../Core/Src/main.c:65:21: error: 'PID_Trace' redeclared as different kind of symbol
   65 |           PID_Trace PID_Trace;
      |                     ^~~~~~~~~
In file included from ../Core/Src/main.c:36:
../Core/UserHH/Trace_PID.h:18:3: note: previous declaration of 'PID_Trace' with type 'PID_Trace'
   18 | } PID_Trace;
      |   ^~~~~~~~~
../Core/Src/main.c: In function 'main':
../Core/Src/main.c:145:3: warning: implicit declaration of function 'PID_Trace_Init' [-Wimplicit-function-declaration]
  145 |   PID_Trace_Init(&PID_Trace_Init)
      |   ^~~~~~~~~~~~~~
../Core/Src/main.c:145:34: error: expected ';' before 'PID_param_init'
  145 |   PID_Trace_Init(&PID_Trace_Init)
      |                                  ^
      |                                  ;
  146 |  PID_param_init(&PIDL,PIDL.target_val,PIDR_Kp,PIDR_Ki,PIDR_Kd);
      |  ~~~~~~~~~~~~~~                   
make: *** [Core/Src/subdir.mk:49: Core/Src/main.o] Error 1
"make -j12 all" terminated with exit code 2. Build might be incomplete.
20:16:49 **** Incremental Build of configuration Debug for project Myproject ****
make -j12 all 
arm-none-eabi-size  Myproject.elf 
   text	   data	    bss	    dec	    hex	filename
  44020	    468	   4132	  48620	   bdec	Myproject.elf
已结束构建： default.size.stdout
 
20:16:50 **** Incremental Build of configuration Debug for project STM32F407VGT6 ****
make -j12 all 
arm-none-eabi-gcc "../Core/Src/main.c" -mcpu=cortex-m4 -std=gnu11 -g3 -DDEBUG -DUSE_HAL_DRIVER -DSTM32F407xx -c -I../Core/Inc -I../Drivers/STM32F4xx_HAL_Driver/Inc -I../Drivers/STM32F4xx_HAL_Driver/Inc/Legacy -I../Drivers/CMSIS/Device/ST/STM32F4xx/Include -I../Drivers/CMSIS/Include -I../Core/UserCC -I../Core/UserHH -O0 -ffunction-sections -fdata-sections -Wall -fstack-usage -fcyclomatic-complexity -MMD -MP -MF"Core/Src/main.d" -MT"Core/Src/main.o" --specs=nano.specs -mfpu=fpv4-sp-d16 -mfloat-abi=hard -mthumb -o "Core/Src/main.o"
../Core/Src/main.c:65:21: error: 'PID_Trace' redeclared as different kind of symbol
   65 |           PID_Trace PID_Trace;
      |                     ^~~~~~~~~
In file included from ../Core/Src/main.c:36:
../Core/UserHH/Trace_PID.h:18:3: note: previous declaration of 'PID_Trace' with type 'PID_Trace'
   18 | } PID_Trace;
      |   ^~~~~~~~~
make: *** [Core/Src/subdir.mk:49: Core/Src/main.o] Error 1
"make -j12 all" terminated with exit code 2. Build might be incomplete.
20:17:06 **** Incremental Build of configuration Debug for project Myproject ****
make -j12 all 
arm-none-eabi-size  Myproject.elf 
   text	   data	    bss	    dec	    hex	filename
  44020	    468	   4132	  48620	   bdec	Myproject.elf
已结束构建： default.size.stdout
 
20:17:07 **** Incremental Build of configuration Debug for project STM32F407VGT6 ****
make -j12 all 
arm-none-eabi-gcc "../Core/Src/main.c" -mcpu=cortex-m4 -std=gnu11 -g3 -DDEBUG -DUSE_HAL_DRIVER -DSTM32F407xx -c -I../Core/Inc -I../Drivers/STM32F4xx_HAL_Driver/Inc -I../Drivers/STM32F4xx_HAL_Driver/Inc/Legacy -I../Drivers/CMSIS/Device/ST/STM32F4xx/Include -I../Drivers/CMSIS/Include -I../Core/UserCC -I../Core/UserHH -O0 -ffunction-sections -fdata-sections -Wall -fstack-usage -fcyclomatic-complexity -MMD -MP -MF"Core/Src/main.d" -MT"Core/Src/main.o" --specs=nano.specs -mfpu=fpv4-sp-d16 -mfloat-abi=hard -mthumb -o "Core/Src/main.o"
arm-none-eabi-gcc -o "STM32F407VGT6.elf" @"objects.list"   -mcpu=cortex-m4 -T"A:\git\PROJECT\STM32F407VGT6\STM32F407VGTX_FLASH.ld" --specs=nosys.specs -Wl,-Map="STM32F407VGT6.map" -Wl,--gc-sections -static --specs=nano.specs -mfpu=fpv4-sp-d16 -mfloat-abi=hard -mthumb -u _printf_float -u _scanf_float -Wl,--start-group -lc -lm -Wl,--end-group
已结束构建目标： STM32F407VGT6.elf
 
arm-none-eabi-size  STM32F407VGT6.elf 
arm-none-eabi-objdump -h -S STM32F407VGT6.elf  > "STM32F407VGT6.list"
   text	   data	    bss	    dec	    hex	filename
  54932	    496	   5160	  60588	   ecac	STM32F407VGT6.elf
已结束构建： default.size.stdout
 
已结束构建： STM32F407VGT6.list
 
20:20:19 **** Incremental Build of configuration Debug for project Myproject ****
make -j12 all 
arm-none-eabi-size  Myproject.elf 
   text	   data	    bss	    dec	    hex	filename
  44020	    468	   4132	  48620	   bdec	Myproject.elf
已结束构建： default.size.stdout
 
20:20:20 **** Incremental Build of configuration Debug for project STM32F407VGT6 ****
make -j12 all 
arm-none-eabi-gcc "../Core/UserCC/Trace_PID.c" -mcpu=cortex-m4 -std=gnu11 -g3 -DDEBUG -DUSE_HAL_DRIVER -DSTM32F407xx -c -I../Core/Inc -I../Drivers/STM32F4xx_HAL_Driver/Inc -I../Drivers/STM32F4xx_HAL_Driver/Inc/Legacy -I../Drivers/CMSIS/Device/ST/STM32F4xx/Include -I../Drivers/CMSIS/Include -I../Core/UserCC -I../Core/UserHH -O0 -ffunction-sections -fdata-sections -Wall -fstack-usage -fcyclomatic-complexity -MMD -MP -MF"Core/UserCC/Trace_PID.d" -MT"Core/UserCC/Trace_PID.o" --specs=nano.specs -mfpu=fpv4-sp-d16 -mfloat-abi=hard -mthumb -o "Core/UserCC/Trace_PID.o"
arm-none-eabi-gcc "../Core/Src/main.c" -mcpu=cortex-m4 -std=gnu11 -g3 -DDEBUG -DUSE_HAL_DRIVER -DSTM32F407xx -c -I../Core/Inc -I../Drivers/STM32F4xx_HAL_Driver/Inc -I../Drivers/STM32F4xx_HAL_Driver/Inc/Legacy -I../Drivers/CMSIS/Device/ST/STM32F4xx/Include -I../Drivers/CMSIS/Include -I../Core/UserCC -I../Core/UserHH -O0 -ffunction-sections -fdata-sections -Wall -fstack-usage -fcyclomatic-complexity -MMD -MP -MF"Core/Src/main.d" -MT"Core/Src/main.o" --specs=nano.specs -mfpu=fpv4-sp-d16 -mfloat-abi=hard -mthumb -o "Core/Src/main.o"
../Core/Src/main.c: In function 'main':
../Core/Src/main.c:141:3: warning: implicit declaration of function 'PID_Trace_Init'; did you mean 'PID_Trace_init'? [-Wimplicit-function-declaration]
  141 |   PID_Trace_Init(&Trace_PID,Trace_PID_Kp,Trace_PID_Ki,Trace_PID_Kd)
      |   ^~~~~~~~~~~~~~
      |   PID_Trace_init
../Core/Src/main.c:141:68: error: expected ';' before 'PID_param_init'
  141 |   PID_Trace_Init(&Trace_PID,Trace_PID_Kp,Trace_PID_Ki,Trace_PID_Kd)
      |                                                                    ^
      |                                                                    ;
  142 |   PID_param_init(&PIDL,PIDL.target_val,PIDR_Kp,PIDR_Ki,PIDR_Kd);
      |   ~~~~~~~~~~~~~~                                                    
make: *** [Core/Src/subdir.mk:49: Core/Src/main.o] Error 1
make: *** Waiting for unfinished jobs....
"make -j12 all" terminated with exit code 2. Build might be incomplete.
20:20:22 **** Incremental Build of configuration Debug for project Myproject ****
make -j12 all 
arm-none-eabi-size  Myproject.elf 
   text	   data	    bss	    dec	    hex	filename
  44020	    468	   4132	  48620	   bdec	Myproject.elf
已结束构建： default.size.stdout
 
20:20:23 **** Incremental Build of configuration Debug for project STM32F407VGT6 ****
make -j12 all 
arm-none-eabi-gcc "../Core/Src/main.c" -mcpu=cortex-m4 -std=gnu11 -g3 -DDEBUG -DUSE_HAL_DRIVER -DSTM32F407xx -c -I../Core/Inc -I../Drivers/STM32F4xx_HAL_Driver/Inc -I../Drivers/STM32F4xx_HAL_Driver/Inc/Legacy -I../Drivers/CMSIS/Device/ST/STM32F4xx/Include -I../Drivers/CMSIS/Include -I../Core/UserCC -I../Core/UserHH -O0 -ffunction-sections -fdata-sections -Wall -fstack-usage -fcyclomatic-complexity -MMD -MP -MF"Core/Src/main.d" -MT"Core/Src/main.o" --specs=nano.specs -mfpu=fpv4-sp-d16 -mfloat-abi=hard -mthumb -o "Core/Src/main.o"
../Core/Src/main.c: In function 'main':
../Core/Src/main.c:141:3: warning: implicit declaration of function 'PID_Trace_Init'; did you mean 'PID_Trace_init'? [-Wimplicit-function-declaration]
  141 |   PID_Trace_Init(&Trace_PID,Trace_PID_Kp,Trace_PID_Ki,Trace_PID_Kd);
      |   ^~~~~~~~~~~~~~
      |   PID_Trace_init
arm-none-eabi-gcc -o "STM32F407VGT6.elf" @"objects.list"   -mcpu=cortex-m4 -T"A:\git\PROJECT\STM32F407VGT6\STM32F407VGTX_FLASH.ld" --specs=nosys.specs -Wl,-Map="STM32F407VGT6.map" -Wl,--gc-sections -static --specs=nano.specs -mfpu=fpv4-sp-d16 -mfloat-abi=hard -mthumb -u _printf_float -u _scanf_float -Wl,--start-group -lc -lm -Wl,--end-group
A:/STM32CUBEIDE/STM32CubeIDE_1.18.0/STM32CubeIDE/plugins/com.st.stm32cube.ide.mcu.externaltools.gnu-tools-for-stm32.13.3.rel1.win32_1.0.0.202411081344/tools/bin/../lib/gcc/arm-none-eabi/13.3.1/../../../../arm-none-eabi/bin/ld.exe: ./Core/Src/main.o: in function `main':
A:/git/PROJECT/STM32F407VGT6/Debug/../Core/Src/main.c:141:(.text.main+0x7a): undefined reference to `PID_Trace_Init'
collect2.exe: error: ld returned 1 exit status
make: *** [makefile:65: STM32F407VGT6.elf] Error 1
"make -j12 all" terminated with exit code 2. Build might be incomplete.
20:20:56 **** Incremental Build of configuration Debug for project Myproject ****
make -j12 all 
arm-none-eabi-size  Myproject.elf 
   text	   data	    bss	    dec	    hex	filename
  44020	    468	   4132	  48620	   bdec	Myproject.elf
已结束构建： default.size.stdout
 
20:20:57 **** Incremental Build of configuration Debug for project STM32F407VGT6 ****
make -j12 all 
arm-none-eabi-gcc "../Core/Src/main.c" -mcpu=cortex-m4 -std=gnu11 -g3 -DDEBUG -DUSE_HAL_DRIVER -DSTM32F407xx -c -I../Core/Inc -I../Drivers/STM32F4xx_HAL_Driver/Inc -I../Drivers/STM32F4xx_HAL_Driver/Inc/Legacy -I../Drivers/CMSIS/Device/ST/STM32F4xx/Include -I../Drivers/CMSIS/Include -I../Core/UserCC -I../Core/UserHH -O0 -ffunction-sections -fdata-sections -Wall -fstack-usage -fcyclomatic-complexity -MMD -MP -MF"Core/Src/main.d" -MT"Core/Src/main.o" --specs=nano.specs -mfpu=fpv4-sp-d16 -mfloat-abi=hard -mthumb -o "Core/Src/main.o"
../Core/Src/main.c: In function 'main':
../Core/Src/main.c:141:3: warning: implicit declaration of function 'PID_Trace_Init'; did you mean 'PID_Trace_init'? [-Wimplicit-function-declaration]
  141 |   PID_Trace_Init(&Trace_PID,0,Trace_PID_Kp,Trace_PID_Ki,Trace_PID_Kd);
      |   ^~~~~~~~~~~~~~
      |   PID_Trace_init
arm-none-eabi-gcc -o "STM32F407VGT6.elf" @"objects.list"   -mcpu=cortex-m4 -T"A:\git\PROJECT\STM32F407VGT6\STM32F407VGTX_FLASH.ld" --specs=nosys.specs -Wl,-Map="STM32F407VGT6.map" -Wl,--gc-sections -static --specs=nano.specs -mfpu=fpv4-sp-d16 -mfloat-abi=hard -mthumb -u _printf_float -u _scanf_float -Wl,--start-group -lc -lm -Wl,--end-group
A:/STM32CUBEIDE/STM32CubeIDE_1.18.0/STM32CubeIDE/plugins/com.st.stm32cube.ide.mcu.externaltools.gnu-tools-for-stm32.13.3.rel1.win32_1.0.0.202411081344/tools/bin/../lib/gcc/arm-none-eabi/13.3.1/../../../../arm-none-eabi/bin/ld.exe: ./Core/Src/main.o: in function `main':
A:/git/PROJECT/STM32F407VGT6/Debug/../Core/Src/main.c:141:(.text.main+0x7c): undefined reference to `PID_Trace_Init'
collect2.exe: error: ld returned 1 exit status
make: *** [makefile:65: STM32F407VGT6.elf] Error 1
"make -j12 all" terminated with exit code 2. Build might be incomplete.
20:21:16 **** Incremental Build of configuration Debug for project Myproject ****
make -j12 all 
arm-none-eabi-size  Myproject.elf 
   text	   data	    bss	    dec	    hex	filename
  44020	    468	   4132	  48620	   bdec	Myproject.elf
已结束构建： default.size.stdout
 
20:21:17 **** Incremental Build of configuration Debug for project STM32F407VGT6 ****
make -j12 all 
arm-none-eabi-gcc "../Core/Src/main.c" -mcpu=cortex-m4 -std=gnu11 -g3 -DDEBUG -DUSE_HAL_DRIVER -DSTM32F407xx -c -I../Core/Inc -I../Drivers/STM32F4xx_HAL_Driver/Inc -I../Drivers/STM32F4xx_HAL_Driver/Inc/Legacy -I../Drivers/CMSIS/Device/ST/STM32F4xx/Include -I../Drivers/CMSIS/Include -I../Core/UserCC -I../Core/UserHH -O0 -ffunction-sections -fdata-sections -Wall -fstack-usage -fcyclomatic-complexity -MMD -MP -MF"Core/Src/main.d" -MT"Core/Src/main.o" --specs=nano.specs -mfpu=fpv4-sp-d16 -mfloat-abi=hard -mthumb -o "Core/Src/main.o"
arm-none-eabi-gcc -o "STM32F407VGT6.elf" @"objects.list"   -mcpu=cortex-m4 -T"A:\git\PROJECT\STM32F407VGT6\STM32F407VGTX_FLASH.ld" --specs=nosys.specs -Wl,-Map="STM32F407VGT6.map" -Wl,--gc-sections -static --specs=nano.specs -mfpu=fpv4-sp-d16 -mfloat-abi=hard -mthumb -u _printf_float -u _scanf_float -Wl,--start-group -lc -lm -Wl,--end-group
已结束构建目标： STM32F407VGT6.elf
 
arm-none-eabi-size  STM32F407VGT6.elf 
arm-none-eabi-objdump -h -S STM32F407VGT6.elf  > "STM32F407VGT6.list"
   text	   data	    bss	    dec	    hex	filename
  55052	    496	   5208	  60756	   ed54	STM32F407VGT6.elf
已结束构建： default.size.stdout
 
已结束构建： STM32F407VGT6.list
 
20:21:28 **** Incremental Build of configuration Debug for project Myproject ****
make -j12 all 
arm-none-eabi-size  Myproject.elf 
   text	   data	    bss	    dec	    hex	filename
  44020	    468	   4132	  48620	   bdec	Myproject.elf
已结束构建： default.size.stdout
 
20:21:29 **** Incremental Build of configuration Debug for project STM32F407VGT6 ****
make -j12 all 
arm-none-eabi-gcc "../Core/Src/main.c" -mcpu=cortex-m4 -std=gnu11 -g3 -DDEBUG -DUSE_HAL_DRIVER -DSTM32F407xx -c -I../Core/Inc -I../Drivers/STM32F4xx_HAL_Driver/Inc -I../Drivers/STM32F4xx_HAL_Driver/Inc/Legacy -I../Drivers/CMSIS/Device/ST/STM32F4xx/Include -I../Drivers/CMSIS/Include -I../Core/UserCC -I../Core/UserHH -O0 -ffunction-sections -fdata-sections -Wall -fstack-usage -fcyclomatic-complexity -MMD -MP -MF"Core/Src/main.d" -MT"Core/Src/main.o" --specs=nano.specs -mfpu=fpv4-sp-d16 -mfloat-abi=hard -mthumb -o "Core/Src/main.o"
../Core/Src/main.c: In function 'main':
../Core/Src/main.c:141:3: warning: implicit declaration of function 'PID_Trace_Init'; did you mean 'PID_Trace_init'? [-Wimplicit-function-declaration]
  141 |   PID_Trace_Init(&Trace_PID,0,Trace_PID_Kp,Trace_PID_Ki,Trace_PID_Kd);
      |   ^~~~~~~~~~~~~~
      |   PID_Trace_init
arm-none-eabi-gcc -o "STM32F407VGT6.elf" @"objects.list"   -mcpu=cortex-m4 -T"A:\git\PROJECT\STM32F407VGT6\STM32F407VGTX_FLASH.ld" --specs=nosys.specs -Wl,-Map="STM32F407VGT6.map" -Wl,--gc-sections -static --specs=nano.specs -mfpu=fpv4-sp-d16 -mfloat-abi=hard -mthumb -u _printf_float -u _scanf_float -Wl,--start-group -lc -lm -Wl,--end-group
A:/STM32CUBEIDE/STM32CubeIDE_1.18.0/STM32CubeIDE/plugins/com.st.stm32cube.ide.mcu.externaltools.gnu-tools-for-stm32.13.3.rel1.win32_1.0.0.202411081344/tools/bin/../lib/gcc/arm-none-eabi/13.3.1/../../../../arm-none-eabi/bin/ld.exe: ./Core/Src/main.o: in function `main':
A:/git/PROJECT/STM32F407VGT6/Debug/../Core/Src/main.c:141:(.text.main+0x7c): undefined reference to `PID_Trace_Init'
collect2.exe: error: ld returned 1 exit status
make: *** [makefile:65: STM32F407VGT6.elf] Error 1
"make -j12 all" terminated with exit code 2. Build might be incomplete.
20:21:43 **** Incremental Build of configuration Debug for project Myproject ****
make -j12 all 
arm-none-eabi-size  Myproject.elf 
   text	   data	    bss	    dec	    hex	filename
  44020	    468	   4132	  48620	   bdec	Myproject.elf
已结束构建： default.size.stdout
 
20:21:44 **** Incremental Build of configuration Debug for project STM32F407VGT6 ****
make -j12 all 
arm-none-eabi-gcc "../Core/Src/main.c" -mcpu=cortex-m4 -std=gnu11 -g3 -DDEBUG -DUSE_HAL_DRIVER -DSTM32F407xx -c -I../Core/Inc -I../Drivers/STM32F4xx_HAL_Driver/Inc -I../Drivers/STM32F4xx_HAL_Driver/Inc/Legacy -I../Drivers/CMSIS/Device/ST/STM32F4xx/Include -I../Drivers/CMSIS/Include -I../Core/UserCC -I../Core/UserHH -O0 -ffunction-sections -fdata-sections -Wall -fstack-usage -fcyclomatic-complexity -MMD -MP -MF"Core/Src/main.d" -MT"Core/Src/main.o" --specs=nano.specs -mfpu=fpv4-sp-d16 -mfloat-abi=hard -mthumb -o "Core/Src/main.o"
arm-none-eabi-gcc -o "STM32F407VGT6.elf" @"objects.list"   -mcpu=cortex-m4 -T"A:\git\PROJECT\STM32F407VGT6\STM32F407VGTX_FLASH.ld" --specs=nosys.specs -Wl,-Map="STM32F407VGT6.map" -Wl,--gc-sections -static --specs=nano.specs -mfpu=fpv4-sp-d16 -mfloat-abi=hard -mthumb -u _printf_float -u _scanf_float -Wl,--start-group -lc -lm -Wl,--end-group
已结束构建目标： STM32F407VGT6.elf
 
arm-none-eabi-size  STM32F407VGT6.elf 
arm-none-eabi-objdump -h -S STM32F407VGT6.elf  > "STM32F407VGT6.list"
   text	   data	    bss	    dec	    hex	filename
  55052	    496	   5208	  60756	   ed54	STM32F407VGT6.elf
已结束构建： default.size.stdout
 
已结束构建： STM32F407VGT6.list
 
20:30:47 **** Incremental Build of configuration Debug for project Myproject ****
make -j12 all 
arm-none-eabi-size  Myproject.elf 
   text	   data	    bss	    dec	    hex	filename
  44020	    468	   4132	  48620	   bdec	Myproject.elf
已结束构建： default.size.stdout
 
20:30:47 **** Incremental Build of configuration Debug for project STM32F407VGT6 ****
make -j12 all 
arm-none-eabi-gcc "../Core/UserCC/Trace_PID.c" -mcpu=cortex-m4 -std=gnu11 -g3 -DDEBUG -DUSE_HAL_DRIVER -DSTM32F407xx -c -I../Core/Inc -I../Drivers/STM32F4xx_HAL_Driver/Inc -I../Drivers/STM32F4xx_HAL_Driver/Inc/Legacy -I../Drivers/CMSIS/Device/ST/STM32F4xx/Include -I../Drivers/CMSIS/Include -I../Core/UserCC -I../Core/UserHH -O0 -ffunction-sections -fdata-sections -Wall -fstack-usage -fcyclomatic-complexity -MMD -MP -MF"Core/UserCC/Trace_PID.d" -MT"Core/UserCC/Trace_PID.o" --specs=nano.specs -mfpu=fpv4-sp-d16 -mfloat-abi=hard -mthumb -o "Core/UserCC/Trace_PID.o"
arm-none-eabi-gcc "../Core/Src/main.c" -mcpu=cortex-m4 -std=gnu11 -g3 -DDEBUG -DUSE_HAL_DRIVER -DSTM32F407xx -c -I../Core/Inc -I../Drivers/STM32F4xx_HAL_Driver/Inc -I../Drivers/STM32F4xx_HAL_Driver/Inc/Legacy -I../Drivers/CMSIS/Device/ST/STM32F4xx/Include -I../Drivers/CMSIS/Include -I../Core/UserCC -I../Core/UserHH -O0 -ffunction-sections -fdata-sections -Wall -fstack-usage -fcyclomatic-complexity -MMD -MP -MF"Core/Src/main.d" -MT"Core/Src/main.o" --specs=nano.specs -mfpu=fpv4-sp-d16 -mfloat-abi=hard -mthumb -o "Core/Src/main.o"
../Core/UserCC/Trace_PID.c: In function 'Trace_error':
../Core/UserCC/Trace_PID.c:15:102: error: expected ',' or ';' before ')' token
   15 |         float Error=(-2*nowstate[0])+(-1*nowstate[1])+(0*nowstate[2])+(1*nowstate[3])+(2*nowstate[3]));
      |                                                                                                      ^
../Core/UserCC/Trace_PID.c:15:15: warning: unused variable 'Error' [-Wunused-variable]
   15 |         float Error=(-2*nowstate[0])+(-1*nowstate[1])+(0*nowstate[2])+(1*nowstate[3])+(2*nowstate[3]));
      |               ^~~~~
../Core/UserCC/Trace_PID.c:17:1: warning: control reaches end of non-void function [-Wreturn-type]
   17 | }
      | ^
make: *** [Core/UserCC/subdir.mk:34: Core/UserCC/Trace_PID.o] Error 1
make: *** Waiting for unfinished jobs....
../Core/Src/main.c: In function 'HAL_TIM_PeriodElapsedCallback':
../Core/Src/main.c:341:39: warning: implicit declaration of function 'calculate_weighted_error' [-Wimplicit-function-declaration]
  341 |                 float current_error = calculate_weighted_error();
      |                                       ^~~~~~~~~~~~~~~~~~~~~~~~
../Core/Src/main.c:344:17: warning: implicit declaration of function 'PID_Calc' [-Wimplicit-function-declaration]
  344 |                 PID_Calc(&pid_controller, current_error);
      |                 ^~~~~~~~
../Core/Src/main.c:344:27: error: 'pid_controller' undeclared (first use in this function)
  344 |                 PID_Calc(&pid_controller, current_error);
      |                           ^~~~~~~~~~~~~~
../Core/Src/main.c:344:27: note: each undeclared identifier is reported only once for each function it appears in
../Core/Src/main.c:352:17: warning: implicit declaration of function 'set_motor_pwm'; did you mean 'Set_motor_speedR'? [-Wimplicit-function-declaration]
  352 |                 set_motor_pwm(left_speed, right_speed);
      |                 ^~~~~~~~~~~~~
      |                 Set_motor_speedR
make: *** [Core/Src/subdir.mk:49: Core/Src/main.o] Error 1
"make -j12 all" terminated with exit code 2. Build might be incomplete.
20:31:01 **** Incremental Build of configuration Debug for project Myproject ****
make -j12 all 
arm-none-eabi-size  Myproject.elf 
   text	   data	    bss	    dec	    hex	filename
  44020	    468	   4132	  48620	   bdec	Myproject.elf
已结束构建： default.size.stdout
 
20:31:02 **** Incremental Build of configuration Debug for project STM32F407VGT6 ****
make -j12 all 
arm-none-eabi-gcc "../Core/UserCC/Trace_PID.c" -mcpu=cortex-m4 -std=gnu11 -g3 -DDEBUG -DUSE_HAL_DRIVER -DSTM32F407xx -c -I../Core/Inc -I../Drivers/STM32F4xx_HAL_Driver/Inc -I../Drivers/STM32F4xx_HAL_Driver/Inc/Legacy -I../Drivers/CMSIS/Device/ST/STM32F4xx/Include -I../Drivers/CMSIS/Include -I../Core/UserCC -I../Core/UserHH -O0 -ffunction-sections -fdata-sections -Wall -fstack-usage -fcyclomatic-complexity -MMD -MP -MF"Core/UserCC/Trace_PID.d" -MT"Core/UserCC/Trace_PID.o" --specs=nano.specs -mfpu=fpv4-sp-d16 -mfloat-abi=hard -mthumb -o "Core/UserCC/Trace_PID.o"
arm-none-eabi-gcc "../Core/Src/main.c" -mcpu=cortex-m4 -std=gnu11 -g3 -DDEBUG -DUSE_HAL_DRIVER -DSTM32F407xx -c -I../Core/Inc -I../Drivers/STM32F4xx_HAL_Driver/Inc -I../Drivers/STM32F4xx_HAL_Driver/Inc/Legacy -I../Drivers/CMSIS/Device/ST/STM32F4xx/Include -I../Drivers/CMSIS/Include -I../Core/UserCC -I../Core/UserHH -O0 -ffunction-sections -fdata-sections -Wall -fstack-usage -fcyclomatic-complexity -MMD -MP -MF"Core/Src/main.d" -MT"Core/Src/main.o" --specs=nano.specs -mfpu=fpv4-sp-d16 -mfloat-abi=hard -mthumb -o "Core/Src/main.o"
../Core/UserCC/Trace_PID.c: In function 'Trace_error':
../Core/UserCC/Trace_PID.c:15:102: error: expected ',' or ';' before ')' token
   15 |         float Error=(-2*nowstate[0])+(-1*nowstate[1])+(0*nowstate[2])+(1*nowstate[3])+(2*nowstate[3]));
      |                                                                                                      ^
../Core/UserCC/Trace_PID.c:15:15: warning: unused variable 'Error' [-Wunused-variable]
   15 |         float Error=(-2*nowstate[0])+(-1*nowstate[1])+(0*nowstate[2])+(1*nowstate[3])+(2*nowstate[3]));
      |               ^~~~~
../Core/UserCC/Trace_PID.c:17:1: warning: control reaches end of non-void function [-Wreturn-type]
   17 | }
      | ^
make: *** [Core/UserCC/subdir.mk:34: Core/UserCC/Trace_PID.o] Error 1
make: *** Waiting for unfinished jobs....
"make -j12 all" terminated with exit code 2. Build might be incomplete.
20:31:19 **** Incremental Build of configuration Debug for project Myproject ****
make -j12 all 
arm-none-eabi-size  Myproject.elf 
   text	   data	    bss	    dec	    hex	filename
  44020	    468	   4132	  48620	   bdec	Myproject.elf
已结束构建： default.size.stdout
 
20:31:19 **** Incremental Build of configuration Debug for project STM32F407VGT6 ****
make -j12 all 
arm-none-eabi-gcc "../Core/UserCC/Trace_PID.c" -mcpu=cortex-m4 -std=gnu11 -g3 -DDEBUG -DUSE_HAL_DRIVER -DSTM32F407xx -c -I../Core/Inc -I../Drivers/STM32F4xx_HAL_Driver/Inc -I../Drivers/STM32F4xx_HAL_Driver/Inc/Legacy -I../Drivers/CMSIS/Device/ST/STM32F4xx/Include -I../Drivers/CMSIS/Include -I../Core/UserCC -I../Core/UserHH -O0 -ffunction-sections -fdata-sections -Wall -fstack-usage -fcyclomatic-complexity -MMD -MP -MF"Core/UserCC/Trace_PID.d" -MT"Core/UserCC/Trace_PID.o" --specs=nano.specs -mfpu=fpv4-sp-d16 -mfloat-abi=hard -mthumb -o "Core/UserCC/Trace_PID.o"
../Core/UserCC/Trace_PID.c: In function 'Trace_error':
../Core/UserCC/Trace_PID.c:15:15: warning: unused variable 'Error' [-Wunused-variable]
   15 |         float Error=(-2*nowstate[0])+(-1*nowstate[1])+(0*nowstate[2])+(1*nowstate[3])+(2*nowstate[3]);
      |               ^~~~~
../Core/UserCC/Trace_PID.c:17:1: warning: control reaches end of non-void function [-Wreturn-type]
   17 | }
      | ^
arm-none-eabi-gcc -o "STM32F407VGT6.elf" @"objects.list"   -mcpu=cortex-m4 -T"A:\git\PROJECT\STM32F407VGT6\STM32F407VGTX_FLASH.ld" --specs=nosys.specs -Wl,-Map="STM32F407VGT6.map" -Wl,--gc-sections -static --specs=nano.specs -mfpu=fpv4-sp-d16 -mfloat-abi=hard -mthumb -u _printf_float -u _scanf_float -Wl,--start-group -lc -lm -Wl,--end-group
已结束构建目标： STM32F407VGT6.elf
 
arm-none-eabi-size  STM32F407VGT6.elf 
arm-none-eabi-objdump -h -S STM32F407VGT6.elf  > "STM32F407VGT6.list"
   text	   data	    bss	    dec	    hex	filename
  55052	    496	   5208	  60756	   ed54	STM32F407VGT6.elf
已结束构建： default.size.stdout
 
已结束构建： STM32F407VGT6.list
 
20:31:42 **** Incremental Build of configuration Debug for project Myproject ****
make -j12 all 
arm-none-eabi-size  Myproject.elf 
   text	   data	    bss	    dec	    hex	filename
  44020	    468	   4132	  48620	   bdec	Myproject.elf
已结束构建： default.size.stdout
 
20:31:43 **** Incremental Build of configuration Debug for project STM32F407VGT6 ****
make -j12 all 
arm-none-eabi-gcc "../Core/UserCC/Trace_PID.c" -mcpu=cortex-m4 -std=gnu11 -g3 -DDEBUG -DUSE_HAL_DRIVER -DSTM32F407xx -c -I../Core/Inc -I../Drivers/STM32F4xx_HAL_Driver/Inc -I../Drivers/STM32F4xx_HAL_Driver/Inc/Legacy -I../Drivers/CMSIS/Device/ST/STM32F4xx/Include -I../Drivers/CMSIS/Include -I../Core/UserCC -I../Core/UserHH -O0 -ffunction-sections -fdata-sections -Wall -fstack-usage -fcyclomatic-complexity -MMD -MP -MF"Core/UserCC/Trace_PID.d" -MT"Core/UserCC/Trace_PID.o" --specs=nano.specs -mfpu=fpv4-sp-d16 -mfloat-abi=hard -mthumb -o "Core/UserCC/Trace_PID.o"
arm-none-eabi-gcc -o "STM32F407VGT6.elf" @"objects.list"   -mcpu=cortex-m4 -T"A:\git\PROJECT\STM32F407VGT6\STM32F407VGTX_FLASH.ld" --specs=nosys.specs -Wl,-Map="STM32F407VGT6.map" -Wl,--gc-sections -static --specs=nano.specs -mfpu=fpv4-sp-d16 -mfloat-abi=hard -mthumb -u _printf_float -u _scanf_float -Wl,--start-group -lc -lm -Wl,--end-group
已结束构建目标： STM32F407VGT6.elf
 
arm-none-eabi-size  STM32F407VGT6.elf 
arm-none-eabi-objdump -h -S STM32F407VGT6.elf  > "STM32F407VGT6.list"
   text	   data	    bss	    dec	    hex	filename
  55052	    496	   5208	  60756	   ed54	STM32F407VGT6.elf
已结束构建： default.size.stdout
 
已结束构建： STM32F407VGT6.list
 
20:37:43 **** Incremental Build of configuration Debug for project Myproject ****
make -j12 all 
arm-none-eabi-size  Myproject.elf 
   text	   data	    bss	    dec	    hex	filename
  44020	    468	   4132	  48620	   bdec	Myproject.elf
已结束构建： default.size.stdout
 
20:37:44 **** Incremental Build of configuration Debug for project STM32F407VGT6 ****
make -j12 all 
arm-none-eabi-gcc "../Core/UserCC/Trace_PID.c" -mcpu=cortex-m4 -std=gnu11 -g3 -DDEBUG -DUSE_HAL_DRIVER -DSTM32F407xx -c -I../Core/Inc -I../Drivers/STM32F4xx_HAL_Driver/Inc -I../Drivers/STM32F4xx_HAL_Driver/Inc/Legacy -I../Drivers/CMSIS/Device/ST/STM32F4xx/Include -I../Drivers/CMSIS/Include -I../Core/UserCC -I../Core/UserHH -O0 -ffunction-sections -fdata-sections -Wall -fstack-usage -fcyclomatic-complexity -MMD -MP -MF"Core/UserCC/Trace_PID.d" -MT"Core/UserCC/Trace_PID.o" --specs=nano.specs -mfpu=fpv4-sp-d16 -mfloat-abi=hard -mthumb -o "Core/UserCC/Trace_PID.o"
arm-none-eabi-gcc "../Core/Src/main.c" -mcpu=cortex-m4 -std=gnu11 -g3 -DDEBUG -DUSE_HAL_DRIVER -DSTM32F407xx -c -I../Core/Inc -I../Drivers/STM32F4xx_HAL_Driver/Inc -I../Drivers/STM32F4xx_HAL_Driver/Inc/Legacy -I../Drivers/CMSIS/Device/ST/STM32F4xx/Include -I../Drivers/CMSIS/Include -I../Core/UserCC -I../Core/UserHH -O0 -ffunction-sections -fdata-sections -Wall -fstack-usage -fcyclomatic-complexity -MMD -MP -MF"Core/Src/main.d" -MT"Core/Src/main.o" --specs=nano.specs -mfpu=fpv4-sp-d16 -mfloat-abi=hard -mthumb -o "Core/Src/main.o"
../Core/UserCC/Trace_PID.c:6:8: error: expected identifier or '(' before '[' token
    6 | uint8_t[5]={HAL_GPIO_ReadPin(out5_GPIO_Port, out5_Pin)};
      |        ^
../Core/UserCC/Trace_PID.c: In function 'Read_GPIO':
../Core/UserCC/Trace_PID.c:5:1: warning: control reaches end of non-void function [-Wreturn-type]
    5 | }
      | ^
make: *** [Core/UserCC/subdir.mk:34: Core/UserCC/Trace_PID.o] Error 1
make: *** Waiting for unfinished jobs....
"make -j12 all" terminated with exit code 2. Build might be incomplete.
20:37:52 **** Incremental Build of configuration Debug for project Myproject ****
make -j12 all 
arm-none-eabi-size  Myproject.elf 
   text	   data	    bss	    dec	    hex	filename
  44020	    468	   4132	  48620	   bdec	Myproject.elf
已结束构建： default.size.stdout
 
20:37:53 **** Incremental Build of configuration Debug for project STM32F407VGT6 ****
make -j12 all 
arm-none-eabi-gcc "../Core/UserCC/Trace_PID.c" -mcpu=cortex-m4 -std=gnu11 -g3 -DDEBUG -DUSE_HAL_DRIVER -DSTM32F407xx -c -I../Core/Inc -I../Drivers/STM32F4xx_HAL_Driver/Inc -I../Drivers/STM32F4xx_HAL_Driver/Inc/Legacy -I../Drivers/CMSIS/Device/ST/STM32F4xx/Include -I../Drivers/CMSIS/Include -I../Core/UserCC -I../Core/UserHH -O0 -ffunction-sections -fdata-sections -Wall -fstack-usage -fcyclomatic-complexity -MMD -MP -MF"Core/UserCC/Trace_PID.d" -MT"Core/UserCC/Trace_PID.o" --specs=nano.specs -mfpu=fpv4-sp-d16 -mfloat-abi=hard -mthumb -o "Core/UserCC/Trace_PID.o"
arm-none-eabi-gcc -o "STM32F407VGT6.elf" @"objects.list"   -mcpu=cortex-m4 -T"A:\git\PROJECT\STM32F407VGT6\STM32F407VGTX_FLASH.ld" --specs=nosys.specs -Wl,-Map="STM32F407VGT6.map" -Wl,--gc-sections -static --specs=nano.specs -mfpu=fpv4-sp-d16 -mfloat-abi=hard -mthumb -u _printf_float -u _scanf_float -Wl,--start-group -lc -lm -Wl,--end-group
已结束构建目标： STM32F407VGT6.elf
 
arm-none-eabi-size  STM32F407VGT6.elf 
arm-none-eabi-objdump -h -S STM32F407VGT6.elf  > "STM32F407VGT6.list"
   text	   data	    bss	    dec	    hex	filename
  55052	    496	   5208	  60756	   ed54	STM32F407VGT6.elf
已结束构建： default.size.stdout
 
已结束构建： STM32F407VGT6.list
 
20:39:42 **** Incremental Build of configuration Debug for project Myproject ****
make -j12 all 
arm-none-eabi-size  Myproject.elf 
   text	   data	    bss	    dec	    hex	filename
  44020	    468	   4132	  48620	   bdec	Myproject.elf
已结束构建： default.size.stdout
 
20:39:43 **** Incremental Build of configuration Debug for project STM32F407VGT6 ****
make -j12 all 
arm-none-eabi-gcc "../Core/UserCC/Trace_PID.c" -mcpu=cortex-m4 -std=gnu11 -g3 -DDEBUG -DUSE_HAL_DRIVER -DSTM32F407xx -c -I../Core/Inc -I../Drivers/STM32F4xx_HAL_Driver/Inc -I../Drivers/STM32F4xx_HAL_Driver/Inc/Legacy -I../Drivers/CMSIS/Device/ST/STM32F4xx/Include -I../Drivers/CMSIS/Include -I../Core/UserCC -I../Core/UserHH -O0 -ffunction-sections -fdata-sections -Wall -fstack-usage -fcyclomatic-complexity -MMD -MP -MF"Core/UserCC/Trace_PID.d" -MT"Core/UserCC/Trace_PID.o" --specs=nano.specs -mfpu=fpv4-sp-d16 -mfloat-abi=hard -mthumb -o "Core/UserCC/Trace_PID.o"
In file included from ../Core/Inc/stm32f4xx_hal_conf.h:279,
                 from ../Drivers/STM32F4xx_HAL_Driver/Inc/stm32f4xx_hal.h:29,
                 from ../Core/Inc/main.h:30,
                 from ../Core/UserHH/Trace_PID.h:4,
                 from ../Core/UserCC/Trace_PID.c:1:
../Drivers/STM32F4xx_HAL_Driver/Inc/stm32f4xx_hal_gpio.h:99:36: warning: conversion from 'short unsigned int' to 'uint8_t' {aka 'unsigned char'} changes value from '16384' to '0' [-Woverflow]
   99 | #define GPIO_PIN_14                ((uint16_t)0x4000)  /* Pin 14 selected   */
      |                                    ^~~~~~~~~~~~~~~~~~
../Core/Inc/main.h:70:18: note: in expansion of macro 'GPIO_PIN_14'
   70 | #define out5_Pin GPIO_PIN_14
      |                  ^~~~~~~~~~~
../Core/UserCC/Trace_PID.c:6:29: note: in expansion of macro 'out5_Pin'
    6 | uint8_t state[5]={Read_GPIO(out5_Pin),Read_GPIO(out4_Pin),Read_GPIO(out3_Pin),
      |                             ^~~~~~~~
../Core/UserCC/Trace_PID.c:6:19: error: initializer element is not constant
    6 | uint8_t state[5]={Read_GPIO(out5_Pin),Read_GPIO(out4_Pin),Read_GPIO(out3_Pin),
      |                   ^~~~~~~~~
../Core/UserCC/Trace_PID.c:6:19: note: (near initialization for 'state[0]')
../Drivers/STM32F4xx_HAL_Driver/Inc/stm32f4xx_hal_gpio.h:98:36: warning: conversion from 'short unsigned int' to 'uint8_t' {aka 'unsigned char'} changes value from '8192' to '0' [-Woverflow]
   98 | #define GPIO_PIN_13                ((uint16_t)0x2000)  /* Pin 13 selected   */
      |                                    ^~~~~~~~~~~~~~~~~~
../Core/Inc/main.h:68:18: note: in expansion of macro 'GPIO_PIN_13'
   68 | #define out4_Pin GPIO_PIN_13
      |                  ^~~~~~~~~~~
../Core/UserCC/Trace_PID.c:6:49: note: in expansion of macro 'out4_Pin'
    6 | uint8_t state[5]={Read_GPIO(out5_Pin),Read_GPIO(out4_Pin),Read_GPIO(out3_Pin),
      |                                                 ^~~~~~~~
../Core/UserCC/Trace_PID.c:6:39: error: initializer element is not constant
    6 | uint8_t state[5]={Read_GPIO(out5_Pin),Read_GPIO(out4_Pin),Read_GPIO(out3_Pin),
      |                                       ^~~~~~~~~
../Core/UserCC/Trace_PID.c:6:39: note: (near initialization for 'state[1]')
../Drivers/STM32F4xx_HAL_Driver/Inc/stm32f4xx_hal_gpio.h:97:36: warning: conversion from 'short unsigned int' to 'uint8_t' {aka 'unsigned char'} changes value from '4096' to '0' [-Woverflow]
   97 | #define GPIO_PIN_12                ((uint16_t)0x1000)  /* Pin 12 selected   */
      |                                    ^~~~~~~~~~~~~~~~~~
../Core/Inc/main.h:66:18: note: in expansion of macro 'GPIO_PIN_12'
   66 | #define out3_Pin GPIO_PIN_12
      |                  ^~~~~~~~~~~
../Core/UserCC/Trace_PID.c:6:69: note: in expansion of macro 'out3_Pin'
    6 | uint8_t state[5]={Read_GPIO(out5_Pin),Read_GPIO(out4_Pin),Read_GPIO(out3_Pin),
      |                                                                     ^~~~~~~~
../Core/UserCC/Trace_PID.c:6:59: error: initializer element is not constant
    6 | uint8_t state[5]={Read_GPIO(out5_Pin),Read_GPIO(out4_Pin),Read_GPIO(out3_Pin),
      |                                                           ^~~~~~~~~
../Core/UserCC/Trace_PID.c:6:59: note: (near initialization for 'state[2]')
../Drivers/STM32F4xx_HAL_Driver/Inc/stm32f4xx_hal_gpio.h:96:36: warning: conversion from 'short unsigned int' to 'uint8_t' {aka 'unsigned char'} changes value from '2048' to '0' [-Woverflow]
   96 | #define GPIO_PIN_11                ((uint16_t)0x0800)  /* Pin 11 selected   */
      |                                    ^~~~~~~~~~~~~~~~~~
../Core/Inc/main.h:64:18: note: in expansion of macro 'GPIO_PIN_11'
   64 | #define out2_Pin GPIO_PIN_11
      |                  ^~~~~~~~~~~
../Core/UserCC/Trace_PID.c:7:27: note: in expansion of macro 'out2_Pin'
    7 |                 Read_GPIO(out2_Pin),Read_GPIO(out1_Pin)};
      |                           ^~~~~~~~
../Core/UserCC/Trace_PID.c:7:17: error: initializer element is not constant
    7 |                 Read_GPIO(out2_Pin),Read_GPIO(out1_Pin)};
      |                 ^~~~~~~~~
../Core/UserCC/Trace_PID.c:7:17: note: (near initialization for 'state[3]')
../Drivers/STM32F4xx_HAL_Driver/Inc/stm32f4xx_hal_gpio.h:95:36: warning: conversion from 'short unsigned int' to 'uint8_t' {aka 'unsigned char'} changes value from '1024' to '0' [-Woverflow]
   95 | #define GPIO_PIN_10                ((uint16_t)0x0400)  /* Pin 10 selected   */
      |                                    ^~~~~~~~~~~~~~~~~~
../Core/Inc/main.h:62:18: note: in expansion of macro 'GPIO_PIN_10'
   62 | #define out1_Pin GPIO_PIN_10
      |                  ^~~~~~~~~~~
../Core/UserCC/Trace_PID.c:7:47: note: in expansion of macro 'out1_Pin'
    7 |                 Read_GPIO(out2_Pin),Read_GPIO(out1_Pin)};
      |                                               ^~~~~~~~
../Core/UserCC/Trace_PID.c:7:37: error: initializer element is not constant
    7 |                 Read_GPIO(out2_Pin),Read_GPIO(out1_Pin)};
      |                                     ^~~~~~~~~
../Core/UserCC/Trace_PID.c:7:37: note: (near initialization for 'state[4]')
../Core/UserCC/Trace_PID.c:19:7: error: conflicting types for 'Trace_error'; have 'float(void)'
   19 | float Trace_error(void){
      |       ^~~~~~~~~~~
../Core/UserHH/Trace_PID.h:23:7: note: previous declaration of 'Trace_error' with type 'float(uint8_t *)' {aka 'float(unsigned char *)'}
   23 | float Trace_error (uint8_t* nowstate);
      |       ^~~~~~~~~~~
make: *** [Core/UserCC/subdir.mk:34: Core/UserCC/Trace_PID.o] Error 1
"make -j12 all" terminated with exit code 2. Build might be incomplete.
20:42:33 **** Incremental Build of configuration Debug for project Myproject ****
make -j12 all 
arm-none-eabi-size  Myproject.elf 
   text	   data	    bss	    dec	    hex	filename
  44020	    468	   4132	  48620	   bdec	Myproject.elf
已结束构建： default.size.stdout
 
20:42:34 **** Incremental Build of configuration Debug for project STM32F407VGT6 ****
make -j12 all 
arm-none-eabi-gcc "../Core/UserCC/Trace_PID.c" -mcpu=cortex-m4 -std=gnu11 -g3 -DDEBUG -DUSE_HAL_DRIVER -DSTM32F407xx -c -I../Core/Inc -I../Drivers/STM32F4xx_HAL_Driver/Inc -I../Drivers/STM32F4xx_HAL_Driver/Inc/Legacy -I../Drivers/CMSIS/Device/ST/STM32F4xx/Include -I../Drivers/CMSIS/Include -I../Core/UserCC -I../Core/UserHH -O0 -ffunction-sections -fdata-sections -Wall -fstack-usage -fcyclomatic-complexity -MMD -MP -MF"Core/UserCC/Trace_PID.d" -MT"Core/UserCC/Trace_PID.o" --specs=nano.specs -mfpu=fpv4-sp-d16 -mfloat-abi=hard -mthumb -o "Core/UserCC/Trace_PID.o"
../Core/UserCC/Trace_PID.c: In function 'Read_GPIO':
../Core/UserCC/Trace_PID.c:4:40: error: expected expression before 'uint16_t'
    4 |         return HAL_GPIO_ReadPin(GPIOE, uint16_t GPIO_Pin);
      |                                        ^~~~~~~~
../Core/UserCC/Trace_PID.c: At top level:
../Core/UserCC/Trace_PID.c:18:7: error: conflicting types for 'Trace_error'; have 'float(void)'
   18 | float Trace_error(void){
      |       ^~~~~~~~~~~
In file included from ../Core/UserCC/Trace_PID.c:1:
../Core/UserHH/Trace_PID.h:23:7: note: previous declaration of 'Trace_error' with type 'float(uint8_t *)' {aka 'float(unsigned char *)'}
   23 | float Trace_error (uint8_t* nowstate);
      |       ^~~~~~~~~~~
../Core/UserCC/Trace_PID.c: In function 'Trace_error':
../Core/UserCC/Trace_PID.c:19:25: error: 'state' undeclared (first use in this function)
   19 |         float Error=(-2*state[0])+(-1*state[1])+(0*state[2])+(1*state[3])+(2*state[4]);
      |                         ^~~~~
../Core/UserCC/Trace_PID.c:19:25: note: each undeclared identifier is reported only once for each function it appears in
../Core/UserCC/Trace_PID.c: In function 'Read_GPIO':
../Core/UserCC/Trace_PID.c:5:1: warning: control reaches end of non-void function [-Wreturn-type]
    5 | }
      | ^
make: *** [Core/UserCC/subdir.mk:34: Core/UserCC/Trace_PID.o] Error 1
"make -j12 all" terminated with exit code 2. Build might be incomplete.
20:42:41 **** Incremental Build of configuration Debug for project Myproject ****
make -j12 all 
arm-none-eabi-size  Myproject.elf 
   text	   data	    bss	    dec	    hex	filename
  44020	    468	   4132	  48620	   bdec	Myproject.elf
已结束构建： default.size.stdout
 
20:42:42 **** Incremental Build of configuration Debug for project STM32F407VGT6 ****
make -j12 all 
arm-none-eabi-gcc "../Core/UserCC/Trace_PID.c" -mcpu=cortex-m4 -std=gnu11 -g3 -DDEBUG -DUSE_HAL_DRIVER -DSTM32F407xx -c -I../Core/Inc -I../Drivers/STM32F4xx_HAL_Driver/Inc -I../Drivers/STM32F4xx_HAL_Driver/Inc/Legacy -I../Drivers/CMSIS/Device/ST/STM32F4xx/Include -I../Drivers/CMSIS/Include -I../Core/UserCC -I../Core/UserHH -O0 -ffunction-sections -fdata-sections -Wall -fstack-usage -fcyclomatic-complexity -MMD -MP -MF"Core/UserCC/Trace_PID.d" -MT"Core/UserCC/Trace_PID.o" --specs=nano.specs -mfpu=fpv4-sp-d16 -mfloat-abi=hard -mthumb -o "Core/UserCC/Trace_PID.o"
../Core/UserCC/Trace_PID.c:18:7: error: conflicting types for 'Trace_error'; have 'float(void)'
   18 | float Trace_error(void){
      |       ^~~~~~~~~~~
In file included from ../Core/UserCC/Trace_PID.c:1:
../Core/UserHH/Trace_PID.h:23:7: note: previous declaration of 'Trace_error' with type 'float(uint8_t *)' {aka 'float(unsigned char *)'}
   23 | float Trace_error (uint8_t* nowstate);
      |       ^~~~~~~~~~~
../Core/UserCC/Trace_PID.c: In function 'Trace_error':
../Core/UserCC/Trace_PID.c:19:25: error: 'state' undeclared (first use in this function)
   19 |         float Error=(-2*state[0])+(-1*state[1])+(0*state[2])+(1*state[3])+(2*state[4]);
      |                         ^~~~~
../Core/UserCC/Trace_PID.c:19:25: note: each undeclared identifier is reported only once for each function it appears in
make: *** [Core/UserCC/subdir.mk:34: Core/UserCC/Trace_PID.o] Error 1
"make -j12 all" terminated with exit code 2. Build might be incomplete.
20:43:42 **** Incremental Build of configuration Debug for project Myproject ****
make -j12 all 
arm-none-eabi-size  Myproject.elf 
   text	   data	    bss	    dec	    hex	filename
  44020	    468	   4132	  48620	   bdec	Myproject.elf
已结束构建： default.size.stdout
 
20:43:42 **** Incremental Build of configuration Debug for project STM32F407VGT6 ****
make -j12 all 
arm-none-eabi-gcc "../Core/UserCC/Trace_PID.c" -mcpu=cortex-m4 -std=gnu11 -g3 -DDEBUG -DUSE_HAL_DRIVER -DSTM32F407xx -c -I../Core/Inc -I../Drivers/STM32F4xx_HAL_Driver/Inc -I../Drivers/STM32F4xx_HAL_Driver/Inc/Legacy -I../Drivers/CMSIS/Device/ST/STM32F4xx/Include -I../Drivers/CMSIS/Include -I../Core/UserCC -I../Core/UserHH -O0 -ffunction-sections -fdata-sections -Wall -fstack-usage -fcyclomatic-complexity -MMD -MP -MF"Core/UserCC/Trace_PID.d" -MT"Core/UserCC/Trace_PID.o" --specs=nano.specs -mfpu=fpv4-sp-d16 -mfloat-abi=hard -mthumb -o "Core/UserCC/Trace_PID.o"
../Core/UserCC/Trace_PID.c:7:19: error: initializer element is not constant
    7 | uint8_t state[5]={Read_GPIO(out5_Pin),Read_GPIO(out4_Pin),Read_GPIO(out3_Pin),
      |                   ^~~~~~~~~
../Core/UserCC/Trace_PID.c:7:19: note: (near initialization for 'state[0]')
../Core/UserCC/Trace_PID.c:7:39: error: initializer element is not constant
    7 | uint8_t state[5]={Read_GPIO(out5_Pin),Read_GPIO(out4_Pin),Read_GPIO(out3_Pin),
      |                                       ^~~~~~~~~
../Core/UserCC/Trace_PID.c:7:39: note: (near initialization for 'state[1]')
../Core/UserCC/Trace_PID.c:7:59: error: initializer element is not constant
    7 | uint8_t state[5]={Read_GPIO(out5_Pin),Read_GPIO(out4_Pin),Read_GPIO(out3_Pin),
      |                                                           ^~~~~~~~~
../Core/UserCC/Trace_PID.c:7:59: note: (near initialization for 'state[2]')
../Core/UserCC/Trace_PID.c:8:17: error: initializer element is not constant
    8 |                 Read_GPIO(out2_Pin),Read_GPIO(out1_Pin)};
      |                 ^~~~~~~~~
../Core/UserCC/Trace_PID.c:8:17: note: (near initialization for 'state[3]')
../Core/UserCC/Trace_PID.c:8:37: error: initializer element is not constant
    8 |                 Read_GPIO(out2_Pin),Read_GPIO(out1_Pin)};
      |                                     ^~~~~~~~~
../Core/UserCC/Trace_PID.c:8:37: note: (near initialization for 'state[4]')
../Core/UserCC/Trace_PID.c:20:7: error: conflicting types for 'Trace_error'; have 'float(void)'
   20 | float Trace_error(void){
      |       ^~~~~~~~~~~
In file included from ../Core/UserCC/Trace_PID.c:1:
../Core/UserHH/Trace_PID.h:23:7: note: previous declaration of 'Trace_error' with type 'float(uint8_t *)' {aka 'float(unsigned char *)'}
   23 | float Trace_error (uint8_t* nowstate);
      |       ^~~~~~~~~~~
make: *** [Core/UserCC/subdir.mk:34: Core/UserCC/Trace_PID.o] Error 1
"make -j12 all" terminated with exit code 2. Build might be incomplete.
20:44:27 **** Incremental Build of configuration Debug for project Myproject ****
make -j12 all 
arm-none-eabi-size  Myproject.elf 
   text	   data	    bss	    dec	    hex	filename
  44020	    468	   4132	  48620	   bdec	Myproject.elf
已结束构建： default.size.stdout
 
20:44:27 **** Incremental Build of configuration Debug for project STM32F407VGT6 ****
make -j12 all 
arm-none-eabi-gcc "../Core/UserCC/Trace_PID.c" -mcpu=cortex-m4 -std=gnu11 -g3 -DDEBUG -DUSE_HAL_DRIVER -DSTM32F407xx -c -I../Core/Inc -I../Drivers/STM32F4xx_HAL_Driver/Inc -I../Drivers/STM32F4xx_HAL_Driver/Inc/Legacy -I../Drivers/CMSIS/Device/ST/STM32F4xx/Include -I../Drivers/CMSIS/Include -I../Core/UserCC -I../Core/UserHH -O0 -ffunction-sections -fdata-sections -Wall -fstack-usage -fcyclomatic-complexity -MMD -MP -MF"Core/UserCC/Trace_PID.d" -MT"Core/UserCC/Trace_PID.o" --specs=nano.specs -mfpu=fpv4-sp-d16 -mfloat-abi=hard -mthumb -o "Core/UserCC/Trace_PID.o"
../Core/UserCC/Trace_PID.c:7:43: error: 'GPIO_Pin_10' undeclared here (not in a function); did you mean 'GPIO_PIN_10'?
    7 | uint8_t state[5]={HAL_GPIO_ReadPin(GPIOE, GPIO_Pin_10)};
      |                                           ^~~~~~~~~~~
      |                                           GPIO_PIN_10
../Core/UserCC/Trace_PID.c:19:7: error: conflicting types for 'Trace_error'; have 'float(void)'
   19 | float Trace_error(void){
      |       ^~~~~~~~~~~
In file included from ../Core/UserCC/Trace_PID.c:1:
../Core/UserHH/Trace_PID.h:23:7: note: previous declaration of 'Trace_error' with type 'float(uint8_t *)' {aka 'float(unsigned char *)'}
   23 | float Trace_error (uint8_t* nowstate);
      |       ^~~~~~~~~~~
make: *** [Core/UserCC/subdir.mk:34: Core/UserCC/Trace_PID.o] Error 1
"make -j12 all" terminated with exit code 2. Build might be incomplete.
20:44:34 **** Incremental Build of configuration Debug for project Myproject ****
make -j12 all 
arm-none-eabi-size  Myproject.elf 
   text	   data	    bss	    dec	    hex	filename
  44020	    468	   4132	  48620	   bdec	Myproject.elf
已结束构建： default.size.stdout
 
20:44:35 **** Incremental Build of configuration Debug for project STM32F407VGT6 ****
make -j12 all 
arm-none-eabi-gcc "../Core/UserCC/Trace_PID.c" -mcpu=cortex-m4 -std=gnu11 -g3 -DDEBUG -DUSE_HAL_DRIVER -DSTM32F407xx -c -I../Core/Inc -I../Drivers/STM32F4xx_HAL_Driver/Inc -I../Drivers/STM32F4xx_HAL_Driver/Inc/Legacy -I../Drivers/CMSIS/Device/ST/STM32F4xx/Include -I../Drivers/CMSIS/Include -I../Core/UserCC -I../Core/UserHH -O0 -ffunction-sections -fdata-sections -Wall -fstack-usage -fcyclomatic-complexity -MMD -MP -MF"Core/UserCC/Trace_PID.d" -MT"Core/UserCC/Trace_PID.o" --specs=nano.specs -mfpu=fpv4-sp-d16 -mfloat-abi=hard -mthumb -o "Core/UserCC/Trace_PID.o"
../Core/UserCC/Trace_PID.c:7:19: error: initializer element is not constant
    7 | uint8_t state[5]={HAL_GPIO_ReadPin(GPIOE, GPIO_PIN_10)};
      |                   ^~~~~~~~~~~~~~~~
../Core/UserCC/Trace_PID.c:7:19: note: (near initialization for 'state[0]')
../Core/UserCC/Trace_PID.c:19:7: error: conflicting types for 'Trace_error'; have 'float(void)'
   19 | float Trace_error(void){
      |       ^~~~~~~~~~~
In file included from ../Core/UserCC/Trace_PID.c:1:
../Core/UserHH/Trace_PID.h:23:7: note: previous declaration of 'Trace_error' with type 'float(uint8_t *)' {aka 'float(unsigned char *)'}
   23 | float Trace_error (uint8_t* nowstate);
      |       ^~~~~~~~~~~
make: *** [Core/UserCC/subdir.mk:34: Core/UserCC/Trace_PID.o] Error 1
"make -j12 all" terminated with exit code 2. Build might be incomplete.
20:45:08 **** Incremental Build of configuration Debug for project Myproject ****
make -j12 all 
arm-none-eabi-size  Myproject.elf 
   text	   data	    bss	    dec	    hex	filename
  44020	    468	   4132	  48620	   bdec	Myproject.elf
已结束构建： default.size.stdout
 
20:45:09 **** Incremental Build of configuration Debug for project STM32F407VGT6 ****
make -j12 all 
arm-none-eabi-gcc "../Core/UserCC/Trace_PID.c" -mcpu=cortex-m4 -std=gnu11 -g3 -DDEBUG -DUSE_HAL_DRIVER -DSTM32F407xx -c -I../Core/Inc -I../Drivers/STM32F4xx_HAL_Driver/Inc -I../Drivers/STM32F4xx_HAL_Driver/Inc/Legacy -I../Drivers/CMSIS/Device/ST/STM32F4xx/Include -I../Drivers/CMSIS/Include -I../Core/UserCC -I../Core/UserHH -O0 -ffunction-sections -fdata-sections -Wall -fstack-usage -fcyclomatic-complexity -MMD -MP -MF"Core/UserCC/Trace_PID.d" -MT"Core/UserCC/Trace_PID.o" --specs=nano.specs -mfpu=fpv4-sp-d16 -mfloat-abi=hard -mthumb -o "Core/UserCC/Trace_PID.o"
../Core/UserCC/Trace_PID.c:19:7: error: conflicting types for 'Trace_error'; have 'float(void)'
   19 | float Trace_error(void){
      |       ^~~~~~~~~~~
In file included from ../Core/UserCC/Trace_PID.c:1:
../Core/UserHH/Trace_PID.h:23:7: note: previous declaration of 'Trace_error' with type 'float(uint8_t *)' {aka 'float(unsigned char *)'}
   23 | float Trace_error (uint8_t* nowstate);
      |       ^~~~~~~~~~~
../Core/UserCC/Trace_PID.c: In function 'Trace_error':
../Core/UserCC/Trace_PID.c:20:25: error: 'state' undeclared (first use in this function)
   20 |         float Error=(-2*state[0])+(-1*state[1])+(0*state[2])+(1*state[3])+(2*state[4]);
      |                         ^~~~~
../Core/UserCC/Trace_PID.c:20:25: note: each undeclared identifier is reported only once for each function it appears in
make: *** [Core/UserCC/subdir.mk:34: Core/UserCC/Trace_PID.o] Error 1
"make -j12 all" terminated with exit code 2. Build might be incomplete.
20:45:37 **** Incremental Build of configuration Debug for project Myproject ****
make -j12 all 
arm-none-eabi-size  Myproject.elf 
   text	   data	    bss	    dec	    hex	filename
  44020	    468	   4132	  48620	   bdec	Myproject.elf
已结束构建： default.size.stdout
 
20:45:38 **** Incremental Build of configuration Debug for project STM32F407VGT6 ****
make -j12 all 
arm-none-eabi-gcc "../Core/UserCC/Trace_PID.c" -mcpu=cortex-m4 -std=gnu11 -g3 -DDEBUG -DUSE_HAL_DRIVER -DSTM32F407xx -c -I../Core/Inc -I../Drivers/STM32F4xx_HAL_Driver/Inc -I../Drivers/STM32F4xx_HAL_Driver/Inc/Legacy -I../Drivers/CMSIS/Device/ST/STM32F4xx/Include -I../Drivers/CMSIS/Include -I../Core/UserCC -I../Core/UserHH -O0 -ffunction-sections -fdata-sections -Wall -fstack-usage -fcyclomatic-complexity -MMD -MP -MF"Core/UserCC/Trace_PID.d" -MT"Core/UserCC/Trace_PID.o" --specs=nano.specs -mfpu=fpv4-sp-d16 -mfloat-abi=hard -mthumb -o "Core/UserCC/Trace_PID.o"
arm-none-eabi-gcc -o "STM32F407VGT6.elf" @"objects.list"   -mcpu=cortex-m4 -T"A:\git\PROJECT\STM32F407VGT6\STM32F407VGTX_FLASH.ld" --specs=nosys.specs -Wl,-Map="STM32F407VGT6.map" -Wl,--gc-sections -static --specs=nano.specs -mfpu=fpv4-sp-d16 -mfloat-abi=hard -mthumb -u _printf_float -u _scanf_float -Wl,--start-group -lc -lm -Wl,--end-group
已结束构建目标： STM32F407VGT6.elf
 
arm-none-eabi-size  STM32F407VGT6.elf 
arm-none-eabi-objdump -h -S STM32F407VGT6.elf  > "STM32F407VGT6.list"
   text	   data	    bss	    dec	    hex	filename
  55052	    496	   5208	  60756	   ed54	STM32F407VGT6.elf
已结束构建： default.size.stdout
 
已结束构建： STM32F407VGT6.list
 
20:46:19 **** Incremental Build of configuration Debug for project Myproject ****
make -j12 all 
arm-none-eabi-size  Myproject.elf 
   text	   data	    bss	    dec	    hex	filename
  44020	    468	   4132	  48620	   bdec	Myproject.elf
已结束构建： default.size.stdout
 
20:46:20 **** Incremental Build of configuration Debug for project STM32F407VGT6 ****
make -j12 all 
arm-none-eabi-gcc "../Core/UserCC/Trace_PID.c" -mcpu=cortex-m4 -std=gnu11 -g3 -DDEBUG -DUSE_HAL_DRIVER -DSTM32F407xx -c -I../Core/Inc -I../Drivers/STM32F4xx_HAL_Driver/Inc -I../Drivers/STM32F4xx_HAL_Driver/Inc/Legacy -I../Drivers/CMSIS/Device/ST/STM32F4xx/Include -I../Drivers/CMSIS/Include -I../Core/UserCC -I../Core/UserHH -O0 -ffunction-sections -fdata-sections -Wall -fstack-usage -fcyclomatic-complexity -MMD -MP -MF"Core/UserCC/Trace_PID.d" -MT"Core/UserCC/Trace_PID.o" --specs=nano.specs -mfpu=fpv4-sp-d16 -mfloat-abi=hard -mthumb -o "Core/UserCC/Trace_PID.o"
../Core/UserCC/Trace_PID.c:6:19: error: initializer element is not constant
    6 | uint8_t state[5]={Read_GPIO(out5_Pin),Read_GPIO(out4_Pin),Read_GPIO(out3_Pin),
      |                   ^~~~~~~~~
../Core/UserCC/Trace_PID.c:6:19: note: (near initialization for 'state[0]')
../Core/UserCC/Trace_PID.c:6:39: error: initializer element is not constant
    6 | uint8_t state[5]={Read_GPIO(out5_Pin),Read_GPIO(out4_Pin),Read_GPIO(out3_Pin),
      |                                       ^~~~~~~~~
../Core/UserCC/Trace_PID.c:6:39: note: (near initialization for 'state[1]')
../Core/UserCC/Trace_PID.c:6:59: error: initializer element is not constant
    6 | uint8_t state[5]={Read_GPIO(out5_Pin),Read_GPIO(out4_Pin),Read_GPIO(out3_Pin),
      |                                                           ^~~~~~~~~
../Core/UserCC/Trace_PID.c:6:59: note: (near initialization for 'state[2]')
../Core/UserCC/Trace_PID.c:7:17: error: initializer element is not constant
    7 |                 Read_GPIO(out2_Pin),Read_GPIO(out1_Pin)};
      |                 ^~~~~~~~~
../Core/UserCC/Trace_PID.c:7:17: note: (near initialization for 'state[3]')
../Core/UserCC/Trace_PID.c:7:37: error: initializer element is not constant
    7 |                 Read_GPIO(out2_Pin),Read_GPIO(out1_Pin)};
      |                                     ^~~~~~~~~
../Core/UserCC/Trace_PID.c:7:37: note: (near initialization for 'state[4]')
make: *** [Core/UserCC/subdir.mk:34: Core/UserCC/Trace_PID.o] Error 1
"make -j12 all" terminated with exit code 2. Build might be incomplete.
20:46:43 **** Incremental Build of configuration Debug for project Myproject ****
make -j12 all 
arm-none-eabi-size  Myproject.elf 
   text	   data	    bss	    dec	    hex	filename
  44020	    468	   4132	  48620	   bdec	Myproject.elf
已结束构建： default.size.stdout
 
20:46:43 **** Incremental Build of configuration Debug for project STM32F407VGT6 ****
make -j12 all 
arm-none-eabi-gcc "../Core/UserCC/Trace_PID.c" -mcpu=cortex-m4 -std=gnu11 -g3 -DDEBUG -DUSE_HAL_DRIVER -DSTM32F407xx -c -I../Core/Inc -I../Drivers/STM32F4xx_HAL_Driver/Inc -I../Drivers/STM32F4xx_HAL_Driver/Inc/Legacy -I../Drivers/CMSIS/Device/ST/STM32F4xx/Include -I../Drivers/CMSIS/Include -I../Core/UserCC -I../Core/UserHH -O0 -ffunction-sections -fdata-sections -Wall -fstack-usage -fcyclomatic-complexity -MMD -MP -MF"Core/UserCC/Trace_PID.d" -MT"Core/UserCC/Trace_PID.o" --specs=nano.specs -mfpu=fpv4-sp-d16 -mfloat-abi=hard -mthumb -o "Core/UserCC/Trace_PID.o"
../Core/UserCC/Trace_PID.c:6:19: error: initializer element is not constant
    6 | uint8_t state[5]={(uint8_t)Read_GPIO(out5_Pin),(uint8_t)Read_GPIO(out4_Pin),(uint8_t)Read_GPIO(out3_Pin),
      |                   ^
../Core/UserCC/Trace_PID.c:6:19: note: (near initialization for 'state[0]')
../Core/UserCC/Trace_PID.c:6:48: error: initializer element is not constant
    6 | uint8_t state[5]={(uint8_t)Read_GPIO(out5_Pin),(uint8_t)Read_GPIO(out4_Pin),(uint8_t)Read_GPIO(out3_Pin),
      |                                                ^
../Core/UserCC/Trace_PID.c:6:48: note: (near initialization for 'state[1]')
../Core/UserCC/Trace_PID.c:6:77: error: initializer element is not constant
    6 | uint8_t state[5]={(uint8_t)Read_GPIO(out5_Pin),(uint8_t)Read_GPIO(out4_Pin),(uint8_t)Read_GPIO(out3_Pin),
      |                                                                             ^
../Core/UserCC/Trace_PID.c:6:77: note: (near initialization for 'state[2]')
../Core/UserCC/Trace_PID.c:7:17: error: initializer element is not constant
    7 |                 (uint8_t)Read_GPIO(out2_Pin),(uint8_t)Read_GPIO(out1_Pin)};
      |                 ^
../Core/UserCC/Trace_PID.c:7:17: note: (near initialization for 'state[3]')
../Core/UserCC/Trace_PID.c:7:46: error: initializer element is not constant
    7 |                 (uint8_t)Read_GPIO(out2_Pin),(uint8_t)Read_GPIO(out1_Pin)};
      |                                              ^
../Core/UserCC/Trace_PID.c:7:46: note: (near initialization for 'state[4]')
make: *** [Core/UserCC/subdir.mk:34: Core/UserCC/Trace_PID.o] Error 1
"make -j12 all" terminated with exit code 2. Build might be incomplete.
20:47:12 **** Incremental Build of configuration Debug for project Myproject ****
make -j12 all 
arm-none-eabi-size  Myproject.elf 
   text	   data	    bss	    dec	    hex	filename
  44020	    468	   4132	  48620	   bdec	Myproject.elf
已结束构建： default.size.stdout
 
20:47:13 **** Incremental Build of configuration Debug for project STM32F407VGT6 ****
make -j12 all 
arm-none-eabi-gcc "../Core/UserCC/Trace_PID.c" -mcpu=cortex-m4 -std=gnu11 -g3 -DDEBUG -DUSE_HAL_DRIVER -DSTM32F407xx -c -I../Core/Inc -I../Drivers/STM32F4xx_HAL_Driver/Inc -I../Drivers/STM32F4xx_HAL_Driver/Inc/Legacy -I../Drivers/CMSIS/Device/ST/STM32F4xx/Include -I../Drivers/CMSIS/Include -I../Core/UserCC -I../Core/UserHH -O0 -ffunction-sections -fdata-sections -Wall -fstack-usage -fcyclomatic-complexity -MMD -MP -MF"Core/UserCC/Trace_PID.d" -MT"Core/UserCC/Trace_PID.o" --specs=nano.specs -mfpu=fpv4-sp-d16 -mfloat-abi=hard -mthumb -o "Core/UserCC/Trace_PID.o"
../Core/UserCC/Trace_PID.c:6:19: error: initializer element is not constant
    6 | uint8_t state[5]={Read_GPIO(GPIO_PIN_14),Read_GPIO(GPIO_PIN_13),Read_GPIO(GPIO_PIN_12),
      |                   ^~~~~~~~~
../Core/UserCC/Trace_PID.c:6:19: note: (near initialization for 'state[0]')
../Core/UserCC/Trace_PID.c:6:42: error: initializer element is not constant
    6 | uint8_t state[5]={Read_GPIO(GPIO_PIN_14),Read_GPIO(GPIO_PIN_13),Read_GPIO(GPIO_PIN_12),
      |                                          ^~~~~~~~~
../Core/UserCC/Trace_PID.c:6:42: note: (near initialization for 'state[1]')
../Core/UserCC/Trace_PID.c:6:65: error: initializer element is not constant
    6 | uint8_t state[5]={Read_GPIO(GPIO_PIN_14),Read_GPIO(GPIO_PIN_13),Read_GPIO(GPIO_PIN_12),
      |                                                                 ^~~~~~~~~
../Core/UserCC/Trace_PID.c:6:65: note: (near initialization for 'state[2]')
../Core/UserCC/Trace_PID.c:7:17: error: initializer element is not constant
    7 |                 Read_GPIO(GPIO_PIN_11),Read_GPIO(GPIO_PIN_10)};
      |                 ^~~~~~~~~
../Core/UserCC/Trace_PID.c:7:17: note: (near initialization for 'state[3]')
../Core/UserCC/Trace_PID.c:7:40: error: initializer element is not constant
    7 |                 Read_GPIO(GPIO_PIN_11),Read_GPIO(GPIO_PIN_10)};
      |                                        ^~~~~~~~~
../Core/UserCC/Trace_PID.c:7:40: note: (near initialization for 'state[4]')
make: *** [Core/UserCC/subdir.mk:34: Core/UserCC/Trace_PID.o] Error 1
"make -j12 all" terminated with exit code 2. Build might be incomplete.
20:47:39 **** Incremental Build of configuration Debug for project Myproject ****
make -j12 all 
arm-none-eabi-size  Myproject.elf 
   text	   data	    bss	    dec	    hex	filename
  44020	    468	   4132	  48620	   bdec	Myproject.elf
已结束构建： default.size.stdout
 
20:47:39 **** Incremental Build of configuration Debug for project STM32F407VGT6 ****
make -j12 all 
arm-none-eabi-gcc "../Core/UserCC/Trace_PID.c" -mcpu=cortex-m4 -std=gnu11 -g3 -DDEBUG -DUSE_HAL_DRIVER -DSTM32F407xx -c -I../Core/Inc -I../Drivers/STM32F4xx_HAL_Driver/Inc -I../Drivers/STM32F4xx_HAL_Driver/Inc/Legacy -I../Drivers/CMSIS/Device/ST/STM32F4xx/Include -I../Drivers/CMSIS/Include -I../Core/UserCC -I../Core/UserHH -O0 -ffunction-sections -fdata-sections -Wall -fstack-usage -fcyclomatic-complexity -MMD -MP -MF"Core/UserCC/Trace_PID.d" -MT"Core/UserCC/Trace_PID.o" --specs=nano.specs -mfpu=fpv4-sp-d16 -mfloat-abi=hard -mthumb -o "Core/UserCC/Trace_PID.o"
../Core/UserCC/Trace_PID.c: In function 'Read_GPIO':
../Core/UserCC/Trace_PID.c:4:49: error: 'GPIO_Pin_x' undeclared (first use in this function); did you mean 'GPIO_PIN_3'?
    4 |         return (uint8_t)HAL_GPIO_ReadPin(GPIOE, GPIO_Pin_x);
      |                                                 ^~~~~~~~~~
      |                                                 GPIO_PIN_3
../Core/UserCC/Trace_PID.c:4:49: note: each undeclared identifier is reported only once for each function it appears in
../Core/UserCC/Trace_PID.c: At top level:
../Core/UserCC/Trace_PID.c:6:19: error: initializer element is not constant
    6 | uint8_t state[5]={Read_GPIO(14),Read_GPIO(14),Read_GPIO(12),
      |                   ^~~~~~~~~
../Core/UserCC/Trace_PID.c:6:19: note: (near initialization for 'state[0]')
../Core/UserCC/Trace_PID.c:6:33: error: initializer element is not constant
    6 | uint8_t state[5]={Read_GPIO(14),Read_GPIO(14),Read_GPIO(12),
      |                                 ^~~~~~~~~
../Core/UserCC/Trace_PID.c:6:33: note: (near initialization for 'state[1]')
../Core/UserCC/Trace_PID.c:6:47: error: initializer element is not constant
    6 | uint8_t state[5]={Read_GPIO(14),Read_GPIO(14),Read_GPIO(12),
      |                                               ^~~~~~~~~
../Core/UserCC/Trace_PID.c:6:47: note: (near initialization for 'state[2]')
../Core/UserCC/Trace_PID.c:7:17: error: initializer element is not constant
    7 |                 Read_GPIO(11),Read_GPIO(10)};
      |                 ^~~~~~~~~
../Core/UserCC/Trace_PID.c:7:17: note: (near initialization for 'state[3]')
../Core/UserCC/Trace_PID.c:7:31: error: initializer element is not constant
    7 |                 Read_GPIO(11),Read_GPIO(10)};
      |                               ^~~~~~~~~
../Core/UserCC/Trace_PID.c:7:31: note: (near initialization for 'state[4]')
../Core/UserCC/Trace_PID.c: In function 'Read_GPIO':
../Core/UserCC/Trace_PID.c:5:1: warning: control reaches end of non-void function [-Wreturn-type]
    5 | }
      | ^
make: *** [Core/UserCC/subdir.mk:34: Core/UserCC/Trace_PID.o] Error 1
"make -j12 all" terminated with exit code 2. Build might be incomplete.
20:49:06 **** Incremental Build of configuration Debug for project Myproject ****
make -j12 all 
arm-none-eabi-size  Myproject.elf 
   text	   data	    bss	    dec	    hex	filename
  44020	    468	   4132	  48620	   bdec	Myproject.elf
已结束构建： default.size.stdout
 
20:49:07 **** Incremental Build of configuration Debug for project STM32F407VGT6 ****
make -j12 all 
arm-none-eabi-gcc "../Core/UserCC/Trace_PID.c" -mcpu=cortex-m4 -std=gnu11 -g3 -DDEBUG -DUSE_HAL_DRIVER -DSTM32F407xx -c -I../Core/Inc -I../Drivers/STM32F4xx_HAL_Driver/Inc -I../Drivers/STM32F4xx_HAL_Driver/Inc/Legacy -I../Drivers/CMSIS/Device/ST/STM32F4xx/Include -I../Drivers/CMSIS/Include -I../Core/UserCC -I../Core/UserHH -O0 -ffunction-sections -fdata-sections -Wall -fstack-usage -fcyclomatic-complexity -MMD -MP -MF"Core/UserCC/Trace_PID.d" -MT"Core/UserCC/Trace_PID.o" --specs=nano.specs -mfpu=fpv4-sp-d16 -mfloat-abi=hard -mthumb -o "Core/UserCC/Trace_PID.o"
../Core/UserCC/Trace_PID.c:6:19: error: initializer element is not constant
    6 | uint8_t state[5]={(uint8_t)HAL_GPIO_ReadPin(out5_GPIO_Port, out5_Pin)};
      |                   ^
../Core/UserCC/Trace_PID.c:6:19: note: (near initialization for 'state[0]')
make: *** [Core/UserCC/subdir.mk:34: Core/UserCC/Trace_PID.o] Error 1
"make -j12 all" terminated with exit code 2. Build might be incomplete.
20:50:36 **** Incremental Build of configuration Debug for project Myproject ****
make -j12 all 
arm-none-eabi-size  Myproject.elf 
   text	   data	    bss	    dec	    hex	filename
  44020	    468	   4132	  48620	   bdec	Myproject.elf
已结束构建： default.size.stdout
 
20:50:36 **** Incremental Build of configuration Debug for project STM32F407VGT6 ****
make -j12 all 
arm-none-eabi-gcc "../Core/UserCC/Trace_PID.c" -mcpu=cortex-m4 -std=gnu11 -g3 -DDEBUG -DUSE_HAL_DRIVER -DSTM32F407xx -c -I../Core/Inc -I../Drivers/STM32F4xx_HAL_Driver/Inc -I../Drivers/STM32F4xx_HAL_Driver/Inc/Legacy -I../Drivers/CMSIS/Device/ST/STM32F4xx/Include -I../Drivers/CMSIS/Include -I../Core/UserCC -I../Core/UserHH -O0 -ffunction-sections -fdata-sections -Wall -fstack-usage -fcyclomatic-complexity -MMD -MP -MF"Core/UserCC/Trace_PID.d" -MT"Core/UserCC/Trace_PID.o" --specs=nano.specs -mfpu=fpv4-sp-d16 -mfloat-abi=hard -mthumb -o "Core/UserCC/Trace_PID.o"
../Core/UserCC/Trace_PID.c:3:1: warning: data definition has no type or storage class
    3 | out5=(uint8_t)HAL_GPIO_ReadPin(out5_GPIO_Port, out5_Pin);
      | ^~~~
../Core/UserCC/Trace_PID.c:3:1: warning: type defaults to 'int' in declaration of 'out5' [-Wimplicit-int]
../Core/UserCC/Trace_PID.c:3:1: error: conflicting types for 'out5'; have 'int'
../Core/UserCC/Trace_PID.c:2:9: note: previous declaration of 'out5' with type 'uint8_t' {aka 'unsigned char'}
    2 | uint8_t out5,out4,out3,out2,out1;
      |         ^~~~
../Core/UserCC/Trace_PID.c:3:6: error: initializer element is not constant
    3 | out5=(uint8_t)HAL_GPIO_ReadPin(out5_GPIO_Port, out5_Pin);
      |      ^
make: *** [Core/UserCC/subdir.mk:34: Core/UserCC/Trace_PID.o] Error 1
"make -j12 all" terminated with exit code 2. Build might be incomplete.
20:50:57 **** Incremental Build of configuration Debug for project Myproject ****
make -j12 all 
arm-none-eabi-size  Myproject.elf 
   text	   data	    bss	    dec	    hex	filename
  44020	    468	   4132	  48620	   bdec	Myproject.elf
已结束构建： default.size.stdout
 
20:50:58 **** Incremental Build of configuration Debug for project STM32F407VGT6 ****
make -j12 all 
arm-none-eabi-gcc "../Core/UserCC/Trace_PID.c" -mcpu=cortex-m4 -std=gnu11 -g3 -DDEBUG -DUSE_HAL_DRIVER -DSTM32F407xx -c -I../Core/Inc -I../Drivers/STM32F4xx_HAL_Driver/Inc -I../Drivers/STM32F4xx_HAL_Driver/Inc/Legacy -I../Drivers/CMSIS/Device/ST/STM32F4xx/Include -I../Drivers/CMSIS/Include -I../Core/UserCC -I../Core/UserHH -O0 -ffunction-sections -fdata-sections -Wall -fstack-usage -fcyclomatic-complexity -MMD -MP -MF"Core/UserCC/Trace_PID.d" -MT"Core/UserCC/Trace_PID.o" --specs=nano.specs -mfpu=fpv4-sp-d16 -mfloat-abi=hard -mthumb -o "Core/UserCC/Trace_PID.o"
../Core/UserCC/Trace_PID.c:3:1: warning: data definition has no type or storage class
    3 | out5=HAL_GPIO_ReadPin(out5_GPIO_Port, out5_Pin);
      | ^~~~
../Core/UserCC/Trace_PID.c:3:1: warning: type defaults to 'int' in declaration of 'out5' [-Wimplicit-int]
../Core/UserCC/Trace_PID.c:3:6: error: initializer element is not constant
    3 | out5=HAL_GPIO_ReadPin(out5_GPIO_Port, out5_Pin);
      |      ^~~~~~~~~~~~~~~~
make: *** [Core/UserCC/subdir.mk:34: Core/UserCC/Trace_PID.o] Error 1
"make -j12 all" terminated with exit code 2. Build might be incomplete.
20:51:10 **** Incremental Build of configuration Debug for project Myproject ****
make -j12 all 
arm-none-eabi-size  Myproject.elf 
   text	   data	    bss	    dec	    hex	filename
  44020	    468	   4132	  48620	   bdec	Myproject.elf
已结束构建： default.size.stdout
 
20:51:11 **** Incremental Build of configuration Debug for project STM32F407VGT6 ****
make -j12 all 
arm-none-eabi-gcc "../Core/UserCC/Trace_PID.c" -mcpu=cortex-m4 -std=gnu11 -g3 -DDEBUG -DUSE_HAL_DRIVER -DSTM32F407xx -c -I../Core/Inc -I../Drivers/STM32F4xx_HAL_Driver/Inc -I../Drivers/STM32F4xx_HAL_Driver/Inc/Legacy -I../Drivers/CMSIS/Device/ST/STM32F4xx/Include -I../Drivers/CMSIS/Include -I../Core/UserCC -I../Core/UserHH -O0 -ffunction-sections -fdata-sections -Wall -fstack-usage -fcyclomatic-complexity -MMD -MP -MF"Core/UserCC/Trace_PID.d" -MT"Core/UserCC/Trace_PID.o" --specs=nano.specs -mfpu=fpv4-sp-d16 -mfloat-abi=hard -mthumb -o "Core/UserCC/Trace_PID.o"
../Core/UserCC/Trace_PID.c:3:1: warning: data definition has no type or storage class
    3 | out5=(int)HAL_GPIO_ReadPin(out5_GPIO_Port, out5_Pin);
      | ^~~~
../Core/UserCC/Trace_PID.c:3:1: warning: type defaults to 'int' in declaration of 'out5' [-Wimplicit-int]
../Core/UserCC/Trace_PID.c:3:6: error: initializer element is not constant
    3 | out5=(int)HAL_GPIO_ReadPin(out5_GPIO_Port, out5_Pin);
      |      ^
make: *** [Core/UserCC/subdir.mk:34: Core/UserCC/Trace_PID.o] Error 1
"make -j12 all" terminated with exit code 2. Build might be incomplete.
20:55:15 **** Incremental Build of configuration Debug for project Myproject ****
make -j12 all 
arm-none-eabi-size  Myproject.elf 
   text	   data	    bss	    dec	    hex	filename
  44020	    468	   4132	  48620	   bdec	Myproject.elf
已结束构建： default.size.stdout
 
20:55:16 **** Incremental Build of configuration Debug for project STM32F407VGT6 ****
make -j12 all 
arm-none-eabi-gcc "../Core/UserCC/Trace_PID.c" -mcpu=cortex-m4 -std=gnu11 -g3 -DDEBUG -DUSE_HAL_DRIVER -DSTM32F407xx -c -I../Core/Inc -I../Drivers/STM32F4xx_HAL_Driver/Inc -I../Drivers/STM32F4xx_HAL_Driver/Inc/Legacy -I../Drivers/CMSIS/Device/ST/STM32F4xx/Include -I../Drivers/CMSIS/Include -I../Core/UserCC -I../Core/UserHH -O0 -ffunction-sections -fdata-sections -Wall -fstack-usage -fcyclomatic-complexity -MMD -MP -MF"Core/UserCC/Trace_PID.d" -MT"Core/UserCC/Trace_PID.o" --specs=nano.specs -mfpu=fpv4-sp-d16 -mfloat-abi=hard -mthumb -o "Core/UserCC/Trace_PID.o"
../Core/UserCC/Trace_PID.c:10:1: error: unknown type name 'out'
   10 | out
      | ^~~
../Core/UserCC/Trace_PID.c:11:9: error: expected '=', ',', ';', 'asm' or '__attribute__' before 'state'
   11 | uint8_t state[5]={};
      |         ^~~~~
make: *** [Core/UserCC/subdir.mk:34: Core/UserCC/Trace_PID.o] Error 1
"make -j12 all" terminated with exit code 2. Build might be incomplete.
20:55:20 **** Incremental Build of configuration Debug for project Myproject ****
make -j12 all 
arm-none-eabi-size  Myproject.elf 
   text	   data	    bss	    dec	    hex	filename
  44020	    468	   4132	  48620	   bdec	Myproject.elf
已结束构建： default.size.stdout
 
20:55:21 **** Incremental Build of configuration Debug for project STM32F407VGT6 ****
make -j12 all 
arm-none-eabi-gcc "../Core/UserCC/Trace_PID.c" -mcpu=cortex-m4 -std=gnu11 -g3 -DDEBUG -DUSE_HAL_DRIVER -DSTM32F407xx -c -I../Core/Inc -I../Drivers/STM32F4xx_HAL_Driver/Inc -I../Drivers/STM32F4xx_HAL_Driver/Inc/Legacy -I../Drivers/CMSIS/Device/ST/STM32F4xx/Include -I../Drivers/CMSIS/Include -I../Core/UserCC -I../Core/UserHH -O0 -ffunction-sections -fdata-sections -Wall -fstack-usage -fcyclomatic-complexity -MMD -MP -MF"Core/UserCC/Trace_PID.d" -MT"Core/UserCC/Trace_PID.o" --specs=nano.specs -mfpu=fpv4-sp-d16 -mfloat-abi=hard -mthumb -o "Core/UserCC/Trace_PID.o"
arm-none-eabi-gcc -o "STM32F407VGT6.elf" @"objects.list"   -mcpu=cortex-m4 -T"A:\git\PROJECT\STM32F407VGT6\STM32F407VGTX_FLASH.ld" --specs=nosys.specs -Wl,-Map="STM32F407VGT6.map" -Wl,--gc-sections -static --specs=nano.specs -mfpu=fpv4-sp-d16 -mfloat-abi=hard -mthumb -u _printf_float -u _scanf_float -Wl,--start-group -lc -lm -Wl,--end-group
已结束构建目标： STM32F407VGT6.elf
 
arm-none-eabi-size  STM32F407VGT6.elf 
arm-none-eabi-objdump -h -S STM32F407VGT6.elf  > "STM32F407VGT6.list"
   text	   data	    bss	    dec	    hex	filename
  55052	    496	   5208	  60756	   ed54	STM32F407VGT6.elf
已结束构建： default.size.stdout
 
已结束构建： STM32F407VGT6.list
 
20:55:45 **** Incremental Build of configuration Debug for project Myproject ****
make -j12 all 
arm-none-eabi-size  Myproject.elf 
   text	   data	    bss	    dec	    hex	filename
  44020	    468	   4132	  48620	   bdec	Myproject.elf
已结束构建： default.size.stdout
 
20:55:46 **** Incremental Build of configuration Debug for project STM32F407VGT6 ****
make -j12 all 
arm-none-eabi-gcc "../Core/UserCC/Trace_PID.c" -mcpu=cortex-m4 -std=gnu11 -g3 -DDEBUG -DUSE_HAL_DRIVER -DSTM32F407xx -c -I../Core/Inc -I../Drivers/STM32F4xx_HAL_Driver/Inc -I../Drivers/STM32F4xx_HAL_Driver/Inc/Legacy -I../Drivers/CMSIS/Device/ST/STM32F4xx/Include -I../Drivers/CMSIS/Include -I../Core/UserCC -I../Core/UserHH -O0 -ffunction-sections -fdata-sections -Wall -fstack-usage -fcyclomatic-complexity -MMD -MP -MF"Core/UserCC/Trace_PID.d" -MT"Core/UserCC/Trace_PID.o" --specs=nano.specs -mfpu=fpv4-sp-d16 -mfloat-abi=hard -mthumb -o "Core/UserCC/Trace_PID.o"
../Core/UserCC/Trace_PID.c:10:1: warning: data definition has no type or storage class
   10 | out5=Read_GPIO(out5_Pin);
      | ^~~~
../Core/UserCC/Trace_PID.c:10:1: warning: type defaults to 'int' in declaration of 'out5' [-Wimplicit-int]
../Core/UserCC/Trace_PID.c:10:6: error: initializer element is not constant
   10 | out5=Read_GPIO(out5_Pin);
      |      ^~~~~~~~~
make: *** [Core/UserCC/subdir.mk:34: Core/UserCC/Trace_PID.o] Error 1
"make -j12 all" terminated with exit code 2. Build might be incomplete.
20:56:03 **** Incremental Build of configuration Debug for project Myproject ****
make -j12 all 
arm-none-eabi-size  Myproject.elf 
   text	   data	    bss	    dec	    hex	filename
  44020	    468	   4132	  48620	   bdec	Myproject.elf
已结束构建： default.size.stdout
 
20:56:04 **** Incremental Build of configuration Debug for project STM32F407VGT6 ****
make -j12 all 
arm-none-eabi-gcc "../Core/UserCC/Trace_PID.c" -mcpu=cortex-m4 -std=gnu11 -g3 -DDEBUG -DUSE_HAL_DRIVER -DSTM32F407xx -c -I../Core/Inc -I../Drivers/STM32F4xx_HAL_Driver/Inc -I../Drivers/STM32F4xx_HAL_Driver/Inc/Legacy -I../Drivers/CMSIS/Device/ST/STM32F4xx/Include -I../Drivers/CMSIS/Include -I../Core/UserCC -I../Core/UserHH -O0 -ffunction-sections -fdata-sections -Wall -fstack-usage -fcyclomatic-complexity -MMD -MP -MF"Core/UserCC/Trace_PID.d" -MT"Core/UserCC/Trace_PID.o" --specs=nano.specs -mfpu=fpv4-sp-d16 -mfloat-abi=hard -mthumb -o "Core/UserCC/Trace_PID.o"
../Core/UserCC/Trace_PID.c:10:1: warning: data definition has no type or storage class
   10 | out5=Read_GPIO(GPIO_PIN_12);
      | ^~~~
../Core/UserCC/Trace_PID.c:10:1: warning: type defaults to 'int' in declaration of 'out5' [-Wimplicit-int]
../Core/UserCC/Trace_PID.c:10:6: error: initializer element is not constant
   10 | out5=Read_GPIO(GPIO_PIN_12);
      |      ^~~~~~~~~
make: *** [Core/UserCC/subdir.mk:34: Core/UserCC/Trace_PID.o] Error 1
"make -j12 all" terminated with exit code 2. Build might be incomplete.
20:56:17 **** Incremental Build of configuration Debug for project Myproject ****
make -j12 all 
arm-none-eabi-size  Myproject.elf 
   text	   data	    bss	    dec	    hex	filename
  44020	    468	   4132	  48620	   bdec	Myproject.elf
已结束构建： default.size.stdout
 
20:56:17 **** Incremental Build of configuration Debug for project STM32F407VGT6 ****
make -j12 all 
arm-none-eabi-gcc "../Core/UserCC/Trace_PID.c" -mcpu=cortex-m4 -std=gnu11 -g3 -DDEBUG -DUSE_HAL_DRIVER -DSTM32F407xx -c -I../Core/Inc -I../Drivers/STM32F4xx_HAL_Driver/Inc -I../Drivers/STM32F4xx_HAL_Driver/Inc/Legacy -I../Drivers/CMSIS/Device/ST/STM32F4xx/Include -I../Drivers/CMSIS/Include -I../Core/UserCC -I../Core/UserHH -O0 -ffunction-sections -fdata-sections -Wall -fstack-usage -fcyclomatic-complexity -MMD -MP -MF"Core/UserCC/Trace_PID.d" -MT"Core/UserCC/Trace_PID.o" --specs=nano.specs -mfpu=fpv4-sp-d16 -mfloat-abi=hard -mthumb -o "Core/UserCC/Trace_PID.o"
../Core/UserCC/Trace_PID.c:10:1: warning: data definition has no type or storage class
   10 | out5=Read_GPIO(GPIO_PIN_12);
      | ^~~~
../Core/UserCC/Trace_PID.c:10:1: warning: type defaults to 'int' in declaration of 'out5' [-Wimplicit-int]
../Core/UserCC/Trace_PID.c:10:1: error: conflicting types for 'out5'; have 'int'
../Core/UserCC/Trace_PID.c:9:9: note: previous declaration of 'out5' with type 'uint8_t' {aka 'unsigned char'}
    9 | uint8_t out5,out4,out3,out2,out1;
      |         ^~~~
../Core/UserCC/Trace_PID.c:10:6: error: initializer element is not constant
   10 | out5=Read_GPIO(GPIO_PIN_12);
      |      ^~~~~~~~~
make: *** [Core/UserCC/subdir.mk:34: Core/UserCC/Trace_PID.o] Error 1
"make -j12 all" terminated with exit code 2. Build might be incomplete.
20:56:36 **** Incremental Build of configuration Debug for project Myproject ****
make -j12 all 
arm-none-eabi-size  Myproject.elf 
   text	   data	    bss	    dec	    hex	filename
  44020	    468	   4132	  48620	   bdec	Myproject.elf
已结束构建： default.size.stdout
 
20:56:37 **** Incremental Build of configuration Debug for project STM32F407VGT6 ****
make -j12 all 
arm-none-eabi-gcc "../Core/UserCC/Trace_PID.c" -mcpu=cortex-m4 -std=gnu11 -g3 -DDEBUG -DUSE_HAL_DRIVER -DSTM32F407xx -c -I../Core/Inc -I../Drivers/STM32F4xx_HAL_Driver/Inc -I../Drivers/STM32F4xx_HAL_Driver/Inc/Legacy -I../Drivers/CMSIS/Device/ST/STM32F4xx/Include -I../Drivers/CMSIS/Include -I../Core/UserCC -I../Core/UserHH -O0 -ffunction-sections -fdata-sections -Wall -fstack-usage -fcyclomatic-complexity -MMD -MP -MF"Core/UserCC/Trace_PID.d" -MT"Core/UserCC/Trace_PID.o" --specs=nano.specs -mfpu=fpv4-sp-d16 -mfloat-abi=hard -mthumb -o "Core/UserCC/Trace_PID.o"
../Core/UserCC/Trace_PID.c: In function 'Read_GPIO':
../Core/UserCC/Trace_PID.c:4:24: warning: 'return' with a value, in function returning void [-Wreturn-type]
    4 |                 return 0;
      |                        ^
../Core/UserCC/Trace_PID.c:2:6: note: declared here
    2 | void Read_GPIO(uint16_t PIN){
      |      ^~~~~~~~~
../Core/UserCC/Trace_PID.c:6:24: warning: 'return' with a value, in function returning void [-Wreturn-type]
    6 |                 return 1;
      |                        ^
../Core/UserCC/Trace_PID.c:2:6: note: declared here
    2 | void Read_GPIO(uint16_t PIN){
      |      ^~~~~~~~~
../Core/UserCC/Trace_PID.c: At top level:
../Core/UserCC/Trace_PID.c:10:1: warning: data definition has no type or storage class
   10 | out5=Read_GPIO(GPIO_PIN_12);
      | ^~~~
../Core/UserCC/Trace_PID.c:10:1: warning: type defaults to 'int' in declaration of 'out5' [-Wimplicit-int]
../Core/UserCC/Trace_PID.c:10:1: error: conflicting types for 'out5'; have 'int'
../Core/UserCC/Trace_PID.c:9:9: note: previous declaration of 'out5' with type 'uint8_t' {aka 'unsigned char'}
    9 | uint8_t out5,out4,out3,out2,out1;
      |         ^~~~
../Core/UserCC/Trace_PID.c:10:6: error: void value not ignored as it ought to be
   10 | out5=Read_GPIO(GPIO_PIN_12);
      |      ^~~~~~~~~
make: *** [Core/UserCC/subdir.mk:34: Core/UserCC/Trace_PID.o] Error 1
"make -j12 all" terminated with exit code 2. Build might be incomplete.
20:57:20 **** Incremental Build of configuration Debug for project Myproject ****
make -j12 all 
arm-none-eabi-size  Myproject.elf 
   text	   data	    bss	    dec	    hex	filename
  44020	    468	   4132	  48620	   bdec	Myproject.elf
已结束构建： default.size.stdout
 
20:57:21 **** Incremental Build of configuration Debug for project STM32F407VGT6 ****
make -j12 all 
arm-none-eabi-gcc "../Core/UserCC/Trace_PID.c" -mcpu=cortex-m4 -std=gnu11 -g3 -DDEBUG -DUSE_HAL_DRIVER -DSTM32F407xx -c -I../Core/Inc -I../Drivers/STM32F4xx_HAL_Driver/Inc -I../Drivers/STM32F4xx_HAL_Driver/Inc/Legacy -I../Drivers/CMSIS/Device/ST/STM32F4xx/Include -I../Drivers/CMSIS/Include -I../Core/UserCC -I../Core/UserHH -O0 -ffunction-sections -fdata-sections -Wall -fstack-usage -fcyclomatic-complexity -MMD -MP -MF"Core/UserCC/Trace_PID.d" -MT"Core/UserCC/Trace_PID.o" --specs=nano.specs -mfpu=fpv4-sp-d16 -mfloat-abi=hard -mthumb -o "Core/UserCC/Trace_PID.o"
../Core/UserCC/Trace_PID.c:10:1: warning: data definition has no type or storage class
   10 | out5=Read_GPIO(GPIO_PIN_12);
      | ^~~~
../Core/UserCC/Trace_PID.c:10:1: warning: type defaults to 'int' in declaration of 'out5' [-Wimplicit-int]
../Core/UserCC/Trace_PID.c:10:1: error: conflicting types for 'out5'; have 'int'
../Core/UserCC/Trace_PID.c:9:9: note: previous declaration of 'out5' with type 'uint8_t' {aka 'unsigned char'}
    9 | uint8_t out5,out4,out3,out2,out1;
      |         ^~~~
../Core/UserCC/Trace_PID.c:10:6: error: initializer element is not constant
   10 | out5=Read_GPIO(GPIO_PIN_12);
      |      ^~~~~~~~~
make: *** [Core/UserCC/subdir.mk:34: Core/UserCC/Trace_PID.o] Error 1
"make -j12 all" terminated with exit code 2. Build might be incomplete.
20:58:24 **** Incremental Build of configuration Debug for project Myproject ****
make -j12 all 
arm-none-eabi-size  Myproject.elf 
   text	   data	    bss	    dec	    hex	filename
  44020	    468	   4132	  48620	   bdec	Myproject.elf
已结束构建： default.size.stdout
 
20:58:25 **** Incremental Build of configuration Debug for project STM32F407VGT6 ****
make -j12 all 
arm-none-eabi-gcc "../Core/UserCC/Trace_PID.c" -mcpu=cortex-m4 -std=gnu11 -g3 -DDEBUG -DUSE_HAL_DRIVER -DSTM32F407xx -c -I../Core/Inc -I../Drivers/STM32F4xx_HAL_Driver/Inc -I../Drivers/STM32F4xx_HAL_Driver/Inc/Legacy -I../Drivers/CMSIS/Device/ST/STM32F4xx/Include -I../Drivers/CMSIS/Include -I../Core/UserCC -I../Core/UserHH -O0 -ffunction-sections -fdata-sections -Wall -fstack-usage -fcyclomatic-complexity -MMD -MP -MF"Core/UserCC/Trace_PID.d" -MT"Core/UserCC/Trace_PID.o" --specs=nano.specs -mfpu=fpv4-sp-d16 -mfloat-abi=hard -mthumb -o "Core/UserCC/Trace_PID.o"
../Core/UserCC/Trace_PID.c:9:1: warning: data definition has no type or storage class
    9 | out5 = Read_GPIO(GPIOE, GPIO_PIN_12);
      | ^~~~
../Core/UserCC/Trace_PID.c:9:1: warning: type defaults to 'int' in declaration of 'out5' [-Wimplicit-int]
../Core/UserCC/Trace_PID.c:9:1: error: conflicting types for 'out5'; have 'int'
../Core/UserCC/Trace_PID.c:8:9: note: previous declaration of 'out5' with type 'uint8_t' {aka 'unsigned char'}
    8 | uint8_t out5,out4,out3,out2,out1;
      |         ^~~~
../Core/UserCC/Trace_PID.c:9:8: error: initializer element is not constant
    9 | out5 = Read_GPIO(GPIOE, GPIO_PIN_12);
      |        ^~~~~~~~~
make: *** [Core/UserCC/subdir.mk:34: Core/UserCC/Trace_PID.o] Error 1
"make -j12 all" terminated with exit code 2. Build might be incomplete.
21:00:05 **** Incremental Build of configuration Debug for project Myproject ****
make -j12 all 
arm-none-eabi-size  Myproject.elf 
   text	   data	    bss	    dec	    hex	filename
  44020	    468	   4132	  48620	   bdec	Myproject.elf
已结束构建： default.size.stdout
 
21:00:06 **** Incremental Build of configuration Debug for project STM32F407VGT6 ****
make -j12 all 
arm-none-eabi-gcc "../Core/UserCC/Trace_PID.c" -mcpu=cortex-m4 -std=gnu11 -g3 -DDEBUG -DUSE_HAL_DRIVER -DSTM32F407xx -c -I../Core/Inc -I../Drivers/STM32F4xx_HAL_Driver/Inc -I../Drivers/STM32F4xx_HAL_Driver/Inc/Legacy -I../Drivers/CMSIS/Device/ST/STM32F4xx/Include -I../Drivers/CMSIS/Include -I../Core/UserCC -I../Core/UserHH -O0 -ffunction-sections -fdata-sections -Wall -fstack-usage -fcyclomatic-complexity -MMD -MP -MF"Core/UserCC/Trace_PID.d" -MT"Core/UserCC/Trace_PID.o" --specs=nano.specs -mfpu=fpv4-sp-d16 -mfloat-abi=hard -mthumb -o "Core/UserCC/Trace_PID.o"
arm-none-eabi-gcc -o "STM32F407VGT6.elf" @"objects.list"   -mcpu=cortex-m4 -T"A:\git\PROJECT\STM32F407VGT6\STM32F407VGTX_FLASH.ld" --specs=nosys.specs -Wl,-Map="STM32F407VGT6.map" -Wl,--gc-sections -static --specs=nano.specs -mfpu=fpv4-sp-d16 -mfloat-abi=hard -mthumb -u _printf_float -u _scanf_float -Wl,--start-group -lc -lm -Wl,--end-group
已结束构建目标： STM32F407VGT6.elf
 
arm-none-eabi-size  STM32F407VGT6.elf 
arm-none-eabi-objdump -h -S STM32F407VGT6.elf  > "STM32F407VGT6.list"
   text	   data	    bss	    dec	    hex	filename
  55052	    496	   5208	  60756	   ed54	STM32F407VGT6.elf
已结束构建： default.size.stdout
 
已结束构建： STM32F407VGT6.list
 
21:01:09 **** Incremental Build of configuration Debug for project Myproject ****
make -j12 all 
arm-none-eabi-size  Myproject.elf 
   text	   data	    bss	    dec	    hex	filename
  44020	    468	   4132	  48620	   bdec	Myproject.elf
已结束构建： default.size.stdout
 
21:01:09 **** Incremental Build of configuration Debug for project STM32F407VGT6 ****
make -j12 all 
arm-none-eabi-gcc "../Core/UserCC/Trace_PID.c" -mcpu=cortex-m4 -std=gnu11 -g3 -DDEBUG -DUSE_HAL_DRIVER -DSTM32F407xx -c -I../Core/Inc -I../Drivers/STM32F4xx_HAL_Driver/Inc -I../Drivers/STM32F4xx_HAL_Driver/Inc/Legacy -I../Drivers/CMSIS/Device/ST/STM32F4xx/Include -I../Drivers/CMSIS/Include -I../Core/UserCC -I../Core/UserHH -O0 -ffunction-sections -fdata-sections -Wall -fstack-usage -fcyclomatic-complexity -MMD -MP -MF"Core/UserCC/Trace_PID.d" -MT"Core/UserCC/Trace_PID.o" --specs=nano.specs -mfpu=fpv4-sp-d16 -mfloat-abi=hard -mthumb -o "Core/UserCC/Trace_PID.o"
arm-none-eabi-gcc -o "STM32F407VGT6.elf" @"objects.list"   -mcpu=cortex-m4 -T"A:\git\PROJECT\STM32F407VGT6\STM32F407VGTX_FLASH.ld" --specs=nosys.specs -Wl,-Map="STM32F407VGT6.map" -Wl,--gc-sections -static --specs=nano.specs -mfpu=fpv4-sp-d16 -mfloat-abi=hard -mthumb -u _printf_float -u _scanf_float -Wl,--start-group -lc -lm -Wl,--end-group
已结束构建目标： STM32F407VGT6.elf
 
arm-none-eabi-size  STM32F407VGT6.elf 
arm-none-eabi-objdump -h -S STM32F407VGT6.elf  > "STM32F407VGT6.list"
   text	   data	    bss	    dec	    hex	filename
  55052	    496	   5208	  60756	   ed54	STM32F407VGT6.elf
已结束构建： default.size.stdout
 
已结束构建： STM32F407VGT6.list
 
21:02:21 **** Incremental Build of configuration Debug for project Myproject ****
make -j12 all 
arm-none-eabi-size  Myproject.elf 
   text	   data	    bss	    dec	    hex	filename
  44020	    468	   4132	  48620	   bdec	Myproject.elf
已结束构建： default.size.stdout
 
21:02:22 **** Incremental Build of configuration Debug for project STM32F407VGT6 ****
make -j12 all 
arm-none-eabi-gcc "../Core/UserCC/Trace_PID.c" -mcpu=cortex-m4 -std=gnu11 -g3 -DDEBUG -DUSE_HAL_DRIVER -DSTM32F407xx -c -I../Core/Inc -I../Drivers/STM32F4xx_HAL_Driver/Inc -I../Drivers/STM32F4xx_HAL_Driver/Inc/Legacy -I../Drivers/CMSIS/Device/ST/STM32F4xx/Include -I../Drivers/CMSIS/Include -I../Core/UserCC -I../Core/UserHH -O0 -ffunction-sections -fdata-sections -Wall -fstack-usage -fcyclomatic-complexity -MMD -MP -MF"Core/UserCC/Trace_PID.d" -MT"Core/UserCC/Trace_PID.o" --specs=nano.specs -mfpu=fpv4-sp-d16 -mfloat-abi=hard -mthumb -o "Core/UserCC/Trace_PID.o"
arm-none-eabi-gcc "../Core/Src/main.c" -mcpu=cortex-m4 -std=gnu11 -g3 -DDEBUG -DUSE_HAL_DRIVER -DSTM32F407xx -c -I../Core/Inc -I../Drivers/STM32F4xx_HAL_Driver/Inc -I../Drivers/STM32F4xx_HAL_Driver/Inc/Legacy -I../Drivers/CMSIS/Device/ST/STM32F4xx/Include -I../Drivers/CMSIS/Include -I../Core/UserCC -I../Core/UserHH -O0 -ffunction-sections -fdata-sections -Wall -fstack-usage -fcyclomatic-complexity -MMD -MP -MF"Core/Src/main.d" -MT"Core/Src/main.o" --specs=nano.specs -mfpu=fpv4-sp-d16 -mfloat-abi=hard -mthumb -o "Core/Src/main.o"
../Core/UserCC/Trace_PID.c: In function 'Trace_error':
../Core/UserCC/Trace_PID.c:23:7: warning: type of 'VOID' defaults to 'int' [-Wimplicit-int]
   23 | float Trace_error(VOID){
      |       ^~~~~~~~~~~
../Core/UserCC/Trace_PID.c:23:7: error: argument 'VOID' doesn't match prototype
In file included from ../Core/UserCC/Trace_PID.c:1:
../Core/UserHH/Trace_PID.h:23:7: error: prototype declaration
   23 | float Trace_error (uint8_t* nowstate);
      |       ^~~~~~~~~~~
make: *** [Core/UserCC/subdir.mk:34: Core/UserCC/Trace_PID.o] Error 1
make: *** Waiting for unfinished jobs....
"make -j12 all" terminated with exit code 2. Build might be incomplete.
21:02:25 **** Incremental Build of configuration Debug for project Myproject ****
make -j12 all 
arm-none-eabi-size  Myproject.elf 
   text	   data	    bss	    dec	    hex	filename
  44020	    468	   4132	  48620	   bdec	Myproject.elf
已结束构建： default.size.stdout
 
21:02:26 **** Incremental Build of configuration Debug for project STM32F407VGT6 ****
make -j12 all 
arm-none-eabi-gcc "../Core/UserCC/Trace_PID.c" -mcpu=cortex-m4 -std=gnu11 -g3 -DDEBUG -DUSE_HAL_DRIVER -DSTM32F407xx -c -I../Core/Inc -I../Drivers/STM32F4xx_HAL_Driver/Inc -I../Drivers/STM32F4xx_HAL_Driver/Inc/Legacy -I../Drivers/CMSIS/Device/ST/STM32F4xx/Include -I../Drivers/CMSIS/Include -I../Core/UserCC -I../Core/UserHH -O0 -ffunction-sections -fdata-sections -Wall -fstack-usage -fcyclomatic-complexity -MMD -MP -MF"Core/UserCC/Trace_PID.d" -MT"Core/UserCC/Trace_PID.o" --specs=nano.specs -mfpu=fpv4-sp-d16 -mfloat-abi=hard -mthumb -o "Core/UserCC/Trace_PID.o"
../Core/UserCC/Trace_PID.c:23:7: error: conflicting types for 'Trace_error'; have 'float(void)'
   23 | float Trace_error(void){
      |       ^~~~~~~~~~~
In file included from ../Core/UserCC/Trace_PID.c:1:
../Core/UserHH/Trace_PID.h:23:7: note: previous declaration of 'Trace_error' with type 'float(uint8_t *)' {aka 'float(unsigned char *)'}
   23 | float Trace_error (uint8_t* nowstate);
      |       ^~~~~~~~~~~
make: *** [Core/UserCC/subdir.mk:34: Core/UserCC/Trace_PID.o] Error 1
"make -j12 all" terminated with exit code 2. Build might be incomplete.
21:03:23 **** Incremental Build of configuration Debug for project Myproject ****
make -j12 all 
arm-none-eabi-size  Myproject.elf 
   text	   data	    bss	    dec	    hex	filename
  44020	    468	   4132	  48620	   bdec	Myproject.elf
已结束构建： default.size.stdout
 
21:03:24 **** Incremental Build of configuration Debug for project STM32F407VGT6 ****
make -j12 all 
arm-none-eabi-gcc "../Core/UserCC/Trace_PID.c" -mcpu=cortex-m4 -std=gnu11 -g3 -DDEBUG -DUSE_HAL_DRIVER -DSTM32F407xx -c -I../Core/Inc -I../Drivers/STM32F4xx_HAL_Driver/Inc -I../Drivers/STM32F4xx_HAL_Driver/Inc/Legacy -I../Drivers/CMSIS/Device/ST/STM32F4xx/Include -I../Drivers/CMSIS/Include -I../Core/UserCC -I../Core/UserHH -O0 -ffunction-sections -fdata-sections -Wall -fstack-usage -fcyclomatic-complexity -MMD -MP -MF"Core/UserCC/Trace_PID.d" -MT"Core/UserCC/Trace_PID.o" --specs=nano.specs -mfpu=fpv4-sp-d16 -mfloat-abi=hard -mthumb -o "Core/UserCC/Trace_PID.o"
arm-none-eabi-gcc "../Core/Src/main.c" -mcpu=cortex-m4 -std=gnu11 -g3 -DDEBUG -DUSE_HAL_DRIVER -DSTM32F407xx -c -I../Core/Inc -I../Drivers/STM32F4xx_HAL_Driver/Inc -I../Drivers/STM32F4xx_HAL_Driver/Inc/Legacy -I../Drivers/CMSIS/Device/ST/STM32F4xx/Include -I../Drivers/CMSIS/Include -I../Core/UserCC -I../Core/UserHH -O0 -ffunction-sections -fdata-sections -Wall -fstack-usage -fcyclomatic-complexity -MMD -MP -MF"Core/Src/main.d" -MT"Core/Src/main.o" --specs=nano.specs -mfpu=fpv4-sp-d16 -mfloat-abi=hard -mthumb -o "Core/Src/main.o"
arm-none-eabi-gcc -o "STM32F407VGT6.elf" @"objects.list"   -mcpu=cortex-m4 -T"A:\git\PROJECT\STM32F407VGT6\STM32F407VGTX_FLASH.ld" --specs=nosys.specs -Wl,-Map="STM32F407VGT6.map" -Wl,--gc-sections -static --specs=nano.specs -mfpu=fpv4-sp-d16 -mfloat-abi=hard -mthumb -u _printf_float -u _scanf_float -Wl,--start-group -lc -lm -Wl,--end-group
已结束构建目标： STM32F407VGT6.elf
 
arm-none-eabi-size  STM32F407VGT6.elf 
arm-none-eabi-objdump -h -S STM32F407VGT6.elf  > "STM32F407VGT6.list"
   text	   data	    bss	    dec	    hex	filename
  55052	    496	   5208	  60756	   ed54	STM32F407VGT6.elf
已结束构建： default.size.stdout
 
已结束构建： STM32F407VGT6.list
 
21:03:58 **** Incremental Build of configuration Debug for project Myproject ****
make -j12 all 
arm-none-eabi-size  Myproject.elf 
   text	   data	    bss	    dec	    hex	filename
  44020	    468	   4132	  48620	   bdec	Myproject.elf
已结束构建： default.size.stdout
 
21:03:59 **** Incremental Build of configuration Debug for project STM32F407VGT6 ****
make -j12 all 
arm-none-eabi-gcc "../Core/UserCC/Trace_PID.c" -mcpu=cortex-m4 -std=gnu11 -g3 -DDEBUG -DUSE_HAL_DRIVER -DSTM32F407xx -c -I../Core/Inc -I../Drivers/STM32F4xx_HAL_Driver/Inc -I../Drivers/STM32F4xx_HAL_Driver/Inc/Legacy -I../Drivers/CMSIS/Device/ST/STM32F4xx/Include -I../Drivers/CMSIS/Include -I../Core/UserCC -I../Core/UserHH -O0 -ffunction-sections -fdata-sections -Wall -fstack-usage -fcyclomatic-complexity -MMD -MP -MF"Core/UserCC/Trace_PID.d" -MT"Core/UserCC/Trace_PID.o" --specs=nano.specs -mfpu=fpv4-sp-d16 -mfloat-abi=hard -mthumb -o "Core/UserCC/Trace_PID.o"
arm-none-eabi-gcc "../Core/Src/main.c" -mcpu=cortex-m4 -std=gnu11 -g3 -DDEBUG -DUSE_HAL_DRIVER -DSTM32F407xx -c -I../Core/Inc -I../Drivers/STM32F4xx_HAL_Driver/Inc -I../Drivers/STM32F4xx_HAL_Driver/Inc/Legacy -I../Drivers/CMSIS/Device/ST/STM32F4xx/Include -I../Drivers/CMSIS/Include -I../Core/UserCC -I../Core/UserHH -O0 -ffunction-sections -fdata-sections -Wall -fstack-usage -fcyclomatic-complexity -MMD -MP -MF"Core/Src/main.d" -MT"Core/Src/main.o" --specs=nano.specs -mfpu=fpv4-sp-d16 -mfloat-abi=hard -mthumb -o "Core/Src/main.o"
../Core/Src/main.c: In function 'main':
../Core/Src/main.c:165:39: warning: format '%d' expects argument of type 'int', but argument 3 has type 'double' [-Wformat=]
  165 |           sprintf(message,"distanceL:%d",Trace_error());
      |                                      ~^  ~~~~~~~~~~~~~
      |                                       |  |
      |                                       |  double
      |                                       int
      |                                      %f
arm-none-eabi-gcc -o "STM32F407VGT6.elf" @"objects.list"   -mcpu=cortex-m4 -T"A:\git\PROJECT\STM32F407VGT6\STM32F407VGTX_FLASH.ld" --specs=nosys.specs -Wl,-Map="STM32F407VGT6.map" -Wl,--gc-sections -static --specs=nano.specs -mfpu=fpv4-sp-d16 -mfloat-abi=hard -mthumb -u _printf_float -u _scanf_float -Wl,--start-group -lc -lm -Wl,--end-group
已结束构建目标： STM32F407VGT6.elf
 
arm-none-eabi-size  STM32F407VGT6.elf 
arm-none-eabi-objdump -h -S STM32F407VGT6.elf  > "STM32F407VGT6.list"
   text	   data	    bss	    dec	    hex	filename
  55372	    496	   5216	  61084	   ee9c	STM32F407VGT6.elf
已结束构建： default.size.stdout
 
已结束构建： STM32F407VGT6.list
 
21:04:02 **** Incremental Build of configuration Debug for project Myproject ****
make -j12 all 
arm-none-eabi-size  Myproject.elf 
   text	   data	    bss	    dec	    hex	filename
  44020	    468	   4132	  48620	   bdec	Myproject.elf
已结束构建： default.size.stdout
 
21:04:03 **** Incremental Build of configuration Debug for project STM32F407VGT6 ****
make -j12 all 
arm-none-eabi-gcc "../Core/Src/main.c" -mcpu=cortex-m4 -std=gnu11 -g3 -DDEBUG -DUSE_HAL_DRIVER -DSTM32F407xx -c -I../Core/Inc -I../Drivers/STM32F4xx_HAL_Driver/Inc -I../Drivers/STM32F4xx_HAL_Driver/Inc/Legacy -I../Drivers/CMSIS/Device/ST/STM32F4xx/Include -I../Drivers/CMSIS/Include -I../Core/UserCC -I../Core/UserHH -O0 -ffunction-sections -fdata-sections -Wall -fstack-usage -fcyclomatic-complexity -MMD -MP -MF"Core/Src/main.d" -MT"Core/Src/main.o" --specs=nano.specs -mfpu=fpv4-sp-d16 -mfloat-abi=hard -mthumb -o "Core/Src/main.o"
arm-none-eabi-gcc -o "STM32F407VGT6.elf" @"objects.list"   -mcpu=cortex-m4 -T"A:\git\PROJECT\STM32F407VGT6\STM32F407VGTX_FLASH.ld" --specs=nosys.specs -Wl,-Map="STM32F407VGT6.map" -Wl,--gc-sections -static --specs=nano.specs -mfpu=fpv4-sp-d16 -mfloat-abi=hard -mthumb -u _printf_float -u _scanf_float -Wl,--start-group -lc -lm -Wl,--end-group
已结束构建目标： STM32F407VGT6.elf
 
arm-none-eabi-size  STM32F407VGT6.elf 
arm-none-eabi-objdump -h -S STM32F407VGT6.elf  > "STM32F407VGT6.list"
   text	   data	    bss	    dec	    hex	filename
  55372	    496	   5216	  61084	   ee9c	STM32F407VGT6.elf
已结束构建： default.size.stdout
 
已结束构建： STM32F407VGT6.list
 
21:04:07 **** Incremental Build of configuration Debug for project STM32F407VGT6 ****
make -j12 all 
arm-none-eabi-size  STM32F407VGT6.elf 
   text	   data	    bss	    dec	    hex	filename
  55372	    496	   5216	  61084	   ee9c	STM32F407VGT6.elf
已结束构建： default.size.stdout
 
21:10:30 **** Incremental Build of configuration Debug for project Myproject ****
make -j12 all 
arm-none-eabi-size  Myproject.elf 
   text	   data	    bss	    dec	    hex	filename
  44020	    468	   4132	  48620	   bdec	Myproject.elf
已结束构建： default.size.stdout
 
21:10:31 **** Incremental Build of configuration Debug for project STM32F407VGT6 ****
make -j12 all 
arm-none-eabi-gcc "../Core/UserCC/Trace_PID.c" -mcpu=cortex-m4 -std=gnu11 -g3 -DDEBUG -DUSE_HAL_DRIVER -DSTM32F407xx -c -I../Core/Inc -I../Drivers/STM32F4xx_HAL_Driver/Inc -I../Drivers/STM32F4xx_HAL_Driver/Inc/Legacy -I../Drivers/CMSIS/Device/ST/STM32F4xx/Include -I../Drivers/CMSIS/Include -I../Core/UserCC -I../Core/UserHH -O0 -ffunction-sections -fdata-sections -Wall -fstack-usage -fcyclomatic-complexity -MMD -MP -MF"Core/UserCC/Trace_PID.d" -MT"Core/UserCC/Trace_PID.o" --specs=nano.specs -mfpu=fpv4-sp-d16 -mfloat-abi=hard -mthumb -o "Core/UserCC/Trace_PID.o"
arm-none-eabi-gcc "../Core/Src/main.c" -mcpu=cortex-m4 -std=gnu11 -g3 -DDEBUG -DUSE_HAL_DRIVER -DSTM32F407xx -c -I../Core/Inc -I../Drivers/STM32F4xx_HAL_Driver/Inc -I../Drivers/STM32F4xx_HAL_Driver/Inc/Legacy -I../Drivers/CMSIS/Device/ST/STM32F4xx/Include -I../Drivers/CMSIS/Include -I../Core/UserCC -I../Core/UserHH -O0 -ffunction-sections -fdata-sections -Wall -fstack-usage -fcyclomatic-complexity -MMD -MP -MF"Core/Src/main.d" -MT"Core/Src/main.o" --specs=nano.specs -mfpu=fpv4-sp-d16 -mfloat-abi=hard -mthumb -o "Core/Src/main.o"
../Core/Src/main.c: In function 'HAL_TIM_PeriodElapsedCallback':
../Core/Src/main.c:333:48: error: void value not ignored as it ought to be
  333 |         Set_motor_speedL(&PIDL,PIDL.target_val-PID_Trace_realize(&Trace_PID, Trace_error()));
      |                                                ^~~~~~~~~~~~~~~~~~~~~~~~~~~~~~~~~~~~~~~~~~~~
../Core/Src/main.c:334:48: error: void value not ignored as it ought to be
  334 |         Set_motor_speedR(&PIDR,PIDR.target_val+PID_Trace_realize(&Trace_PID, Trace_error()));
      |                                                ^~~~~~~~~~~~~~~~~~~~~~~~~~~~~~~~~~~~~~~~~~~~
make: *** [Core/Src/subdir.mk:49: Core/Src/main.o] Error 1
make: *** Waiting for unfinished jobs....
"make -j12 all" terminated with exit code 2. Build might be incomplete.
21:11:19 **** Incremental Build of configuration Debug for project Myproject ****
make -j12 all 
arm-none-eabi-size  Myproject.elf 
   text	   data	    bss	    dec	    hex	filename
  44020	    468	   4132	  48620	   bdec	Myproject.elf
已结束构建： default.size.stdout
 
21:11:19 **** Incremental Build of configuration Debug for project STM32F407VGT6 ****
make -j12 all 
arm-none-eabi-gcc "../Core/Src/main.c" -mcpu=cortex-m4 -std=gnu11 -g3 -DDEBUG -DUSE_HAL_DRIVER -DSTM32F407xx -c -I../Core/Inc -I../Drivers/STM32F4xx_HAL_Driver/Inc -I../Drivers/STM32F4xx_HAL_Driver/Inc/Legacy -I../Drivers/CMSIS/Device/ST/STM32F4xx/Include -I../Drivers/CMSIS/Include -I../Core/UserCC -I../Core/UserHH -O0 -ffunction-sections -fdata-sections -Wall -fstack-usage -fcyclomatic-complexity -MMD -MP -MF"Core/Src/main.d" -MT"Core/Src/main.o" --specs=nano.specs -mfpu=fpv4-sp-d16 -mfloat-abi=hard -mthumb -o "Core/Src/main.o"
../Core/Src/main.c: In function 'HAL_TIM_PeriodElapsedCallback':
../Core/Src/main.c:333:57: error: invalid type argument of '->' (have 'PID_Trace')
  333 |         Set_motor_speedL(&PIDL,PIDL.target_val-Trace_PID->output_val);
      |                                                         ^~
../Core/Src/main.c:334:57: error: invalid type argument of '->' (have 'PID_Trace')
  334 |         Set_motor_speedR(&PIDR,PIDR.target_val+Trace_PID->output_val);
      |                                                         ^~
make: *** [Core/Src/subdir.mk:49: Core/Src/main.o] Error 1
"make -j12 all" terminated with exit code 2. Build might be incomplete.
21:11:42 **** Incremental Build of configuration Debug for project Myproject ****
make -j12 all 
arm-none-eabi-size  Myproject.elf 
   text	   data	    bss	    dec	    hex	filename
  44020	    468	   4132	  48620	   bdec	Myproject.elf
已结束构建： default.size.stdout
 
21:11:43 **** Incremental Build of configuration Debug for project STM32F407VGT6 ****
make -j12 all 
arm-none-eabi-gcc "../Core/Src/main.c" -mcpu=cortex-m4 -std=gnu11 -g3 -DDEBUG -DUSE_HAL_DRIVER -DSTM32F407xx -c -I../Core/Inc -I../Drivers/STM32F4xx_HAL_Driver/Inc -I../Drivers/STM32F4xx_HAL_Driver/Inc/Legacy -I../Drivers/CMSIS/Device/ST/STM32F4xx/Include -I../Drivers/CMSIS/Include -I../Core/UserCC -I../Core/UserHH -O0 -ffunction-sections -fdata-sections -Wall -fstack-usage -fcyclomatic-complexity -MMD -MP -MF"Core/Src/main.d" -MT"Core/Src/main.o" --specs=nano.specs -mfpu=fpv4-sp-d16 -mfloat-abi=hard -mthumb -o "Core/Src/main.o"
arm-none-eabi-gcc -o "STM32F407VGT6.elf" @"objects.list"   -mcpu=cortex-m4 -T"A:\git\PROJECT\STM32F407VGT6\STM32F407VGTX_FLASH.ld" --specs=nosys.specs -Wl,-Map="STM32F407VGT6.map" -Wl,--gc-sections -static --specs=nano.specs -mfpu=fpv4-sp-d16 -mfloat-abi=hard -mthumb -u _printf_float -u _scanf_float -Wl,--start-group -lc -lm -Wl,--end-group
已结束构建目标： STM32F407VGT6.elf
 
arm-none-eabi-size  STM32F407VGT6.elf 
arm-none-eabi-objdump -h -S STM32F407VGT6.elf  > "STM32F407VGT6.list"
   text	   data	    bss	    dec	    hex	filename
  55636	    496	   5216	  61348	   efa4	STM32F407VGT6.elf
已结束构建： default.size.stdout
 
已结束构建： STM32F407VGT6.list
 
21:13:25 **** Incremental Build of configuration Debug for project STM32F407VGT6 ****
make -j12 all 
arm-none-eabi-gcc "../Core/UserCC/Trace_PID.c" -mcpu=cortex-m4 -std=gnu11 -g3 -DDEBUG -DUSE_HAL_DRIVER -DSTM32F407xx -c -I../Core/Inc -I../Drivers/STM32F4xx_HAL_Driver/Inc -I../Drivers/STM32F4xx_HAL_Driver/Inc/Legacy -I../Drivers/CMSIS/Device/ST/STM32F4xx/Include -I../Drivers/CMSIS/Include -I../Core/UserCC -I../Core/UserHH -O0 -ffunction-sections -fdata-sections -Wall -fstack-usage -fcyclomatic-complexity -MMD -MP -MF"Core/UserCC/Trace_PID.d" -MT"Core/UserCC/Trace_PID.o" --specs=nano.specs -mfpu=fpv4-sp-d16 -mfloat-abi=hard -mthumb -o "Core/UserCC/Trace_PID.o"
arm-none-eabi-gcc "../Core/Src/main.c" -mcpu=cortex-m4 -std=gnu11 -g3 -DDEBUG -DUSE_HAL_DRIVER -DSTM32F407xx -c -I../Core/Inc -I../Drivers/STM32F4xx_HAL_Driver/Inc -I../Drivers/STM32F4xx_HAL_Driver/Inc/Legacy -I../Drivers/CMSIS/Device/ST/STM32F4xx/Include -I../Drivers/CMSIS/Include -I../Core/UserCC -I../Core/UserHH -O0 -ffunction-sections -fdata-sections -Wall -fstack-usage -fcyclomatic-complexity -MMD -MP -MF"Core/Src/main.d" -MT"Core/Src/main.o" --specs=nano.specs -mfpu=fpv4-sp-d16 -mfloat-abi=hard -mthumb -o "Core/Src/main.o"
arm-none-eabi-gcc -o "STM32F407VGT6.elf" @"objects.list"   -mcpu=cortex-m4 -T"A:\git\PROJECT\STM32F407VGT6\STM32F407VGTX_FLASH.ld" --specs=nosys.specs -Wl,-Map="STM32F407VGT6.map" -Wl,--gc-sections -static --specs=nano.specs -mfpu=fpv4-sp-d16 -mfloat-abi=hard -mthumb -u _printf_float -u _scanf_float -Wl,--start-group -lc -lm -Wl,--end-group
已结束构建目标： STM32F407VGT6.elf
 
arm-none-eabi-size  STM32F407VGT6.elf 
arm-none-eabi-objdump -h -S STM32F407VGT6.elf  > "STM32F407VGT6.list"
   text	   data	    bss	    dec	    hex	filename
  54892	    496	   5216	  60604	   ecbc	STM32F407VGT6.elf
已结束构建： default.size.stdout
 
已结束构建： STM32F407VGT6.list
 
21:14:07 **** Incremental Build of configuration Debug for project STM32F407VGT6 ****
make -j12 all 
arm-none-eabi-gcc "../Core/Src/main.c" -mcpu=cortex-m4 -std=gnu11 -g3 -DDEBUG -DUSE_HAL_DRIVER -DSTM32F407xx -c -I../Core/Inc -I../Drivers/STM32F4xx_HAL_Driver/Inc -I../Drivers/STM32F4xx_HAL_Driver/Inc/Legacy -I../Drivers/CMSIS/Device/ST/STM32F4xx/Include -I../Drivers/CMSIS/Include -I../Core/UserCC -I../Core/UserHH -O0 -ffunction-sections -fdata-sections -Wall -fstack-usage -fcyclomatic-complexity -MMD -MP -MF"Core/Src/main.d" -MT"Core/Src/main.o" --specs=nano.specs -mfpu=fpv4-sp-d16 -mfloat-abi=hard -mthumb -o "Core/Src/main.o"
arm-none-eabi-gcc "../Core/Src/tim.c" -mcpu=cortex-m4 -std=gnu11 -g3 -DDEBUG -DUSE_HAL_DRIVER -DSTM32F407xx -c -I../Core/Inc -I../Drivers/STM32F4xx_HAL_Driver/Inc -I../Drivers/STM32F4xx_HAL_Driver/Inc/Legacy -I../Drivers/CMSIS/Device/ST/STM32F4xx/Include -I../Drivers/CMSIS/Include -I../Core/UserCC -I../Core/UserHH -O0 -ffunction-sections -fdata-sections -Wall -fstack-usage -fcyclomatic-complexity -MMD -MP -MF"Core/Src/tim.d" -MT"Core/Src/tim.o" --specs=nano.specs -mfpu=fpv4-sp-d16 -mfloat-abi=hard -mthumb -o "Core/Src/tim.o"
arm-none-eabi-gcc -o "STM32F407VGT6.elf" @"objects.list"   -mcpu=cortex-m4 -T"A:\git\PROJECT\STM32F407VGT6\STM32F407VGTX_FLASH.ld" --specs=nosys.specs -Wl,-Map="STM32F407VGT6.map" -Wl,--gc-sections -static --specs=nano.specs -mfpu=fpv4-sp-d16 -mfloat-abi=hard -mthumb -u _printf_float -u _scanf_float -Wl,--start-group -lc -lm -Wl,--end-group
已结束构建目标： STM32F407VGT6.elf
 
arm-none-eabi-size  STM32F407VGT6.elf 
arm-none-eabi-objdump -h -S STM32F407VGT6.elf  > "STM32F407VGT6.list"
   text	   data	    bss	    dec	    hex	filename
  54892	    496	   5216	  60604	   ecbc	STM32F407VGT6.elf
已结束构建： default.size.stdout
 
已结束构建： STM32F407VGT6.list
 
21:20:44 **** Incremental Build of configuration Debug for project Myproject ****
make -j12 all 
arm-none-eabi-size  Myproject.elf 
   text	   data	    bss	    dec	    hex	filename
  44020	    468	   4132	  48620	   bdec	Myproject.elf
已结束构建： default.size.stdout
 
21:20:45 **** Incremental Build of configuration Debug for project STM32F407VGT6 ****
make -j12 all 
arm-none-eabi-gcc "../Core/UserCC/Trace_PID.c" -mcpu=cortex-m4 -std=gnu11 -g3 -DDEBUG -DUSE_HAL_DRIVER -DSTM32F407xx -c -I../Core/Inc -I../Drivers/STM32F4xx_HAL_Driver/Inc -I../Drivers/STM32F4xx_HAL_Driver/Inc/Legacy -I../Drivers/CMSIS/Device/ST/STM32F4xx/Include -I../Drivers/CMSIS/Include -I../Core/UserCC -I../Core/UserHH -O0 -ffunction-sections -fdata-sections -Wall -fstack-usage -fcyclomatic-complexity -MMD -MP -MF"Core/UserCC/Trace_PID.d" -MT"Core/UserCC/Trace_PID.o" --specs=nano.specs -mfpu=fpv4-sp-d16 -mfloat-abi=hard -mthumb -o "Core/UserCC/Trace_PID.o"
arm-none-eabi-gcc "../Core/Src/main.c" -mcpu=cortex-m4 -std=gnu11 -g3 -DDEBUG -DUSE_HAL_DRIVER -DSTM32F407xx -c -I../Core/Inc -I../Drivers/STM32F4xx_HAL_Driver/Inc -I../Drivers/STM32F4xx_HAL_Driver/Inc/Legacy -I../Drivers/CMSIS/Device/ST/STM32F4xx/Include -I../Drivers/CMSIS/Include -I../Core/UserCC -I../Core/UserHH -O0 -ffunction-sections -fdata-sections -Wall -fstack-usage -fcyclomatic-complexity -MMD -MP -MF"Core/Src/main.d" -MT"Core/Src/main.o" --specs=nano.specs -mfpu=fpv4-sp-d16 -mfloat-abi=hard -mthumb -o "Core/Src/main.o"
In file included from ../Core/UserCC/Trace_PID.c:1:
../Core/UserHH/Trace_PID.h:16:21: error: expected ':', ',', ';', '}' or '__attribute__' before '=' token
   16 |     float target_val=0; // 目标值，对于循迹，通常是0
      |                     ^
../Core/UserCC/Trace_PID.c: In function 'PID_Trace_init':
../Core/UserCC/Trace_PID.c:14:12: error: 'PID_Trace' has no member named 'target_val'
   14 |         pid->target_val=target_val;
      |            ^~
../Core/UserCC/Trace_PID.c: In function 'PID_Trace_realize':
../Core/UserCC/Trace_PID.c:36:21: error: 'PID_Trace' has no member named 'target_val'
   36 |     pid->Error = pid->target_val - CurrentValue;
      |                     ^~
../Core/UserCC/Trace_PID.c:47:8: error: 'PID_Trace' has no member named 'output_val'
   47 |     pid->output_val = (pid->Kp * pid->Error) +
      |        ^~
make: *** [Core/UserCC/subdir.mk:34: Core/UserCC/Trace_PID.o] Error 1
make: *** Waiting for unfinished jobs....
In file included from ../Core/Src/main.c:35:
../Core/UserHH/Trace_PID.h:16:21: error: expected ':', ',', ';', '}' or '__attribute__' before '=' token
   16 |     float target_val=0; // 目标值，对于循迹，通常是0
      |                     ^
../Core/Src/main.c: In function 'main':
../Core/Src/main.c:140:38: error: 'PID_Trace' has no member named 'target_val'
  140 |   PID_Trace_init(&Trace_PID,Trace_PID.target_val,Trace_PID_Kp,Trace_PID_Ki,Trace_PID_Kd);
      |                                      ^
../Core/Src/main.c: In function 'HAL_TIM_PeriodElapsedCallback':
../Core/Src/main.c:332:57: error: 'PID_Trace' has no member named 'output_val'
  332 |         Set_motor_speedL(&PIDL,PIDL.target_val-Trace_PID.output_val);
      |                                                         ^
../Core/Src/main.c:333:57: error: 'PID_Trace' has no member named 'output_val'
  333 |         Set_motor_speedR(&PIDR,PIDR.target_val+Trace_PID.output_val);
      |                                                         ^
make: *** [Core/Src/subdir.mk:49: Core/Src/main.o] Error 1
"make -j12 all" terminated with exit code 2. Build might be incomplete.
21:20:56 **** Incremental Build of configuration Debug for project Myproject ****
make -j12 all 
arm-none-eabi-size  Myproject.elf 
   text	   data	    bss	    dec	    hex	filename
  44020	    468	   4132	  48620	   bdec	Myproject.elf
已结束构建： default.size.stdout
 
21:20:57 **** Incremental Build of configuration Debug for project STM32F407VGT6 ****
make -j12 all 
arm-none-eabi-gcc "../Core/UserCC/Trace_PID.c" -mcpu=cortex-m4 -std=gnu11 -g3 -DDEBUG -DUSE_HAL_DRIVER -DSTM32F407xx -c -I../Core/Inc -I../Drivers/STM32F4xx_HAL_Driver/Inc -I../Drivers/STM32F4xx_HAL_Driver/Inc/Legacy -I../Drivers/CMSIS/Device/ST/STM32F4xx/Include -I../Drivers/CMSIS/Include -I../Core/UserCC -I../Core/UserHH -O0 -ffunction-sections -fdata-sections -Wall -fstack-usage -fcyclomatic-complexity -MMD -MP -MF"Core/UserCC/Trace_PID.d" -MT"Core/UserCC/Trace_PID.o" --specs=nano.specs -mfpu=fpv4-sp-d16 -mfloat-abi=hard -mthumb -o "Core/UserCC/Trace_PID.o"
arm-none-eabi-gcc "../Core/Src/main.c" -mcpu=cortex-m4 -std=gnu11 -g3 -DDEBUG -DUSE_HAL_DRIVER -DSTM32F407xx -c -I../Core/Inc -I../Drivers/STM32F4xx_HAL_Driver/Inc -I../Drivers/STM32F4xx_HAL_Driver/Inc/Legacy -I../Drivers/CMSIS/Device/ST/STM32F4xx/Include -I../Drivers/CMSIS/Include -I../Core/UserCC -I../Core/UserHH -O0 -ffunction-sections -fdata-sections -Wall -fstack-usage -fcyclomatic-complexity -MMD -MP -MF"Core/Src/main.d" -MT"Core/Src/main.o" --specs=nano.specs -mfpu=fpv4-sp-d16 -mfloat-abi=hard -mthumb -o "Core/Src/main.o"
arm-none-eabi-gcc -o "STM32F407VGT6.elf" @"objects.list"   -mcpu=cortex-m4 -T"A:\git\PROJECT\STM32F407VGT6\STM32F407VGTX_FLASH.ld" --specs=nosys.specs -Wl,-Map="STM32F407VGT6.map" -Wl,--gc-sections -static --specs=nano.specs -mfpu=fpv4-sp-d16 -mfloat-abi=hard -mthumb -u _printf_float -u _scanf_float -Wl,--start-group -lc -lm -Wl,--end-group
已结束构建目标： STM32F407VGT6.elf
 
arm-none-eabi-size  STM32F407VGT6.elf 
arm-none-eabi-objdump -h -S STM32F407VGT6.elf  > "STM32F407VGT6.list"
   text	   data	    bss	    dec	    hex	filename
  55644	    496	   5216	  61356	   efac	STM32F407VGT6.elf
已结束构建： default.size.stdout
 
已结束构建： STM32F407VGT6.list
 
21:21:22 **** Incremental Build of configuration Debug for project Myproject ****
make -j12 all 
arm-none-eabi-size  Myproject.elf 
   text	   data	    bss	    dec	    hex	filename
  44020	    468	   4132	  48620	   bdec	Myproject.elf
已结束构建： default.size.stdout
 
21:21:23 **** Incremental Build of configuration Debug for project STM32F407VGT6 ****
make -j12 all 
arm-none-eabi-gcc "../Core/Src/main.c" -mcpu=cortex-m4 -std=gnu11 -g3 -DDEBUG -DUSE_HAL_DRIVER -DSTM32F407xx -c -I../Core/Inc -I../Drivers/STM32F4xx_HAL_Driver/Inc -I../Drivers/STM32F4xx_HAL_Driver/Inc/Legacy -I../Drivers/CMSIS/Device/ST/STM32F4xx/Include -I../Drivers/CMSIS/Include -I../Core/UserCC -I../Core/UserHH -O0 -ffunction-sections -fdata-sections -Wall -fstack-usage -fcyclomatic-complexity -MMD -MP -MF"Core/Src/main.d" -MT"Core/Src/main.o" --specs=nano.specs -mfpu=fpv4-sp-d16 -mfloat-abi=hard -mthumb -o "Core/Src/main.o"
../Core/Src/main.c:68:18: error: expected '=', ',', ';', 'asm' or '__attribute__' before '.' token
   68 |         Trace_PID.target_val=0;
      |                  ^
make: *** [Core/Src/subdir.mk:49: Core/Src/main.o] Error 1
"make -j12 all" terminated with exit code 2. Build might be incomplete.
21:22:11 **** Incremental Build of configuration Debug for project Myproject ****
make -j12 all 
arm-none-eabi-size  Myproject.elf 
   text	   data	    bss	    dec	    hex	filename
  44020	    468	   4132	  48620	   bdec	Myproject.elf
已结束构建： default.size.stdout
 
21:22:12 **** Incremental Build of configuration Debug for project STM32F407VGT6 ****
make -j12 all 
arm-none-eabi-gcc "../Core/Src/main.c" -mcpu=cortex-m4 -std=gnu11 -g3 -DDEBUG -DUSE_HAL_DRIVER -DSTM32F407xx -c -I../Core/Inc -I../Drivers/STM32F4xx_HAL_Driver/Inc -I../Drivers/STM32F4xx_HAL_Driver/Inc/Legacy -I../Drivers/CMSIS/Device/ST/STM32F4xx/Include -I../Drivers/CMSIS/Include -I../Core/UserCC -I../Core/UserHH -O0 -ffunction-sections -fdata-sections -Wall -fstack-usage -fcyclomatic-complexity -MMD -MP -MF"Core/Src/main.d" -MT"Core/Src/main.o" --specs=nano.specs -mfpu=fpv4-sp-d16 -mfloat-abi=hard -mthumb -o "Core/Src/main.o"
../Core/Src/main.c: In function 'main':
../Core/Src/main.c:106:22: error: invalid suffix "f" on integer constant
  106 | Trace_PID.target_val=0f;
      |                      ^~
make: *** [Core/Src/subdir.mk:49: Core/Src/main.o] Error 1
"make -j12 all" terminated with exit code 2. Build might be incomplete.
21:22:17 **** Incremental Build of configuration Debug for project Myproject ****
make -j12 all 
arm-none-eabi-size  Myproject.elf 
   text	   data	    bss	    dec	    hex	filename
  44020	    468	   4132	  48620	   bdec	Myproject.elf
已结束构建： default.size.stdout
 
21:22:18 **** Incremental Build of configuration Debug for project STM32F407VGT6 ****
make -j12 all 
arm-none-eabi-gcc "../Core/Src/main.c" -mcpu=cortex-m4 -std=gnu11 -g3 -DDEBUG -DUSE_HAL_DRIVER -DSTM32F407xx -c -I../Core/Inc -I../Drivers/STM32F4xx_HAL_Driver/Inc -I../Drivers/STM32F4xx_HAL_Driver/Inc/Legacy -I../Drivers/CMSIS/Device/ST/STM32F4xx/Include -I../Drivers/CMSIS/Include -I../Core/UserCC -I../Core/UserHH -O0 -ffunction-sections -fdata-sections -Wall -fstack-usage -fcyclomatic-complexity -MMD -MP -MF"Core/Src/main.d" -MT"Core/Src/main.o" --specs=nano.specs -mfpu=fpv4-sp-d16 -mfloat-abi=hard -mthumb -o "Core/Src/main.o"
arm-none-eabi-gcc -o "STM32F407VGT6.elf" @"objects.list"   -mcpu=cortex-m4 -T"A:\git\PROJECT\STM32F407VGT6\STM32F407VGTX_FLASH.ld" --specs=nosys.specs -Wl,-Map="STM32F407VGT6.map" -Wl,--gc-sections -static --specs=nano.specs -mfpu=fpv4-sp-d16 -mfloat-abi=hard -mthumb -u _printf_float -u _scanf_float -Wl,--start-group -lc -lm -Wl,--end-group
已结束构建目标： STM32F407VGT6.elf
 
arm-none-eabi-size  STM32F407VGT6.elf 
arm-none-eabi-objdump -h -S STM32F407VGT6.elf  > "STM32F407VGT6.list"
   text	   data	    bss	    dec	    hex	filename
  55652	    496	   5216	  61364	   efb4	STM32F407VGT6.elf
已结束构建： default.size.stdout
 
已结束构建： STM32F407VGT6.list
 
21:22:43 **** Incremental Build of configuration Debug for project STM32F407VGT6 ****
make -j12 all 
arm-none-eabi-size  STM32F407VGT6.elf 
   text	   data	    bss	    dec	    hex	filename
  55652	    496	   5216	  61364	   efb4	STM32F407VGT6.elf
已结束构建： default.size.stdout
 
21:23:35 **** Incremental Build of configuration Debug for project STM32F407VGT6 ****
make -j12 all 
arm-none-eabi-size  STM32F407VGT6.elf 
   text	   data	    bss	    dec	    hex	filename
  55652	    496	   5216	  61364	   efb4	STM32F407VGT6.elf
已结束构建： default.size.stdout
 
21:25:41 **** Incremental Build of configuration Debug for project Myproject ****
make -j12 all 
arm-none-eabi-size  Myproject.elf 
   text	   data	    bss	    dec	    hex	filename
  44020	    468	   4132	  48620	   bdec	Myproject.elf
已结束构建： default.size.stdout
 
21:25:42 **** Incremental Build of configuration Debug for project STM32F407VGT6 ****
make -j12 all 
arm-none-eabi-gcc "../Core/Src/main.c" -mcpu=cortex-m4 -std=gnu11 -g3 -DDEBUG -DUSE_HAL_DRIVER -DSTM32F407xx -c -I../Core/Inc -I../Drivers/STM32F4xx_HAL_Driver/Inc -I../Drivers/STM32F4xx_HAL_Driver/Inc/Legacy -I../Drivers/CMSIS/Device/ST/STM32F4xx/Include -I../Drivers/CMSIS/Include -I../Core/UserCC -I../Core/UserHH -O0 -ffunction-sections -fdata-sections -Wall -fstack-usage -fcyclomatic-complexity -MMD -MP -MF"Core/Src/main.d" -MT"Core/Src/main.o" --specs=nano.specs -mfpu=fpv4-sp-d16 -mfloat-abi=hard -mthumb -o "Core/Src/main.o"
arm-none-eabi-gcc -o "STM32F407VGT6.elf" @"objects.list"   -mcpu=cortex-m4 -T"A:\git\PROJECT\STM32F407VGT6\STM32F407VGTX_FLASH.ld" --specs=nosys.specs -Wl,-Map="STM32F407VGT6.map" -Wl,--gc-sections -static --specs=nano.specs -mfpu=fpv4-sp-d16 -mfloat-abi=hard -mthumb -u _printf_float -u _scanf_float -Wl,--start-group -lc -lm -Wl,--end-group
已结束构建目标： STM32F407VGT6.elf
 
arm-none-eabi-size  STM32F407VGT6.elf 
arm-none-eabi-objdump -h -S STM32F407VGT6.elf  > "STM32F407VGT6.list"
   text	   data	    bss	    dec	    hex	filename
  55628	    496	   5216	  61340	   ef9c	STM32F407VGT6.elf
已结束构建： default.size.stdout
 
已结束构建： STM32F407VGT6.list
 
21:25:46 **** Incremental Build of configuration Debug for project STM32F407VGT6 ****
make -j12 all 
arm-none-eabi-size  STM32F407VGT6.elf 
   text	   data	    bss	    dec	    hex	filename
  55628	    496	   5216	  61340	   ef9c	STM32F407VGT6.elf
已结束构建： default.size.stdout
 
21:27:55 **** Incremental Build of configuration Debug for project Myproject ****
make -j12 all 
arm-none-eabi-size  Myproject.elf 
   text	   data	    bss	    dec	    hex	filename
  44020	    468	   4132	  48620	   bdec	Myproject.elf
已结束构建： default.size.stdout
 
21:27:56 **** Incremental Build of configuration Debug for project STM32F407VGT6 ****
make -j12 all 
arm-none-eabi-gcc "../Core/Src/main.c" -mcpu=cortex-m4 -std=gnu11 -g3 -DDEBUG -DUSE_HAL_DRIVER -DSTM32F407xx -c -I../Core/Inc -I../Drivers/STM32F4xx_HAL_Driver/Inc -I../Drivers/STM32F4xx_HAL_Driver/Inc/Legacy -I../Drivers/CMSIS/Device/ST/STM32F4xx/Include -I../Drivers/CMSIS/Include -I../Core/UserCC -I../Core/UserHH -O0 -ffunction-sections -fdata-sections -Wall -fstack-usage -fcyclomatic-complexity -MMD -MP -MF"Core/Src/main.d" -MT"Core/Src/main.o" --specs=nano.specs -mfpu=fpv4-sp-d16 -mfloat-abi=hard -mthumb -o "Core/Src/main.o"
arm-none-eabi-gcc -o "STM32F407VGT6.elf" @"objects.list"   -mcpu=cortex-m4 -T"A:\git\PROJECT\STM32F407VGT6\STM32F407VGTX_FLASH.ld" --specs=nosys.specs -Wl,-Map="STM32F407VGT6.map" -Wl,--gc-sections -static --specs=nano.specs -mfpu=fpv4-sp-d16 -mfloat-abi=hard -mthumb -u _printf_float -u _scanf_float -Wl,--start-group -lc -lm -Wl,--end-group
已结束构建目标： STM32F407VGT6.elf
 
arm-none-eabi-size  STM32F407VGT6.elf 
arm-none-eabi-objdump -h -S STM32F407VGT6.elf  > "STM32F407VGT6.list"
   text	   data	    bss	    dec	    hex	filename
  55636	    496	   5216	  61348	   efa4	STM32F407VGT6.elf
已结束构建： default.size.stdout
 
已结束构建： STM32F407VGT6.list
 
21:28:00 **** Incremental Build of configuration Debug for project STM32F407VGT6 ****
make -j12 all 
arm-none-eabi-size  STM32F407VGT6.elf 
   text	   data	    bss	    dec	    hex	filename
  55636	    496	   5216	  61348	   efa4	STM32F407VGT6.elf
已结束构建： default.size.stdout
 
21:28:32 **** Incremental Build of configuration Debug for project STM32F407VGT6 ****
make -j12 all 
arm-none-eabi-gcc "../Core/Src/main.c" -mcpu=cortex-m4 -std=gnu11 -g3 -DDEBUG -DUSE_HAL_DRIVER -DSTM32F407xx -c -I../Core/Inc -I../Drivers/STM32F4xx_HAL_Driver/Inc -I../Drivers/STM32F4xx_HAL_Driver/Inc/Legacy -I../Drivers/CMSIS/Device/ST/STM32F4xx/Include -I../Drivers/CMSIS/Include -I../Core/UserCC -I../Core/UserHH -O0 -ffunction-sections -fdata-sections -Wall -fstack-usage -fcyclomatic-complexity -MMD -MP -MF"Core/Src/main.d" -MT"Core/Src/main.o" --specs=nano.specs -mfpu=fpv4-sp-d16 -mfloat-abi=hard -mthumb -o "Core/Src/main.o"
arm-none-eabi-gcc -o "STM32F407VGT6.elf" @"objects.list"   -mcpu=cortex-m4 -T"A:\git\PROJECT\STM32F407VGT6\STM32F407VGTX_FLASH.ld" --specs=nosys.specs -Wl,-Map="STM32F407VGT6.map" -Wl,--gc-sections -static --specs=nano.specs -mfpu=fpv4-sp-d16 -mfloat-abi=hard -mthumb -u _printf_float -u _scanf_float -Wl,--start-group -lc -lm -Wl,--end-group
已结束构建目标： STM32F407VGT6.elf
 
arm-none-eabi-size  STM32F407VGT6.elf 
arm-none-eabi-objdump -h -S STM32F407VGT6.elf  > "STM32F407VGT6.list"
   text	   data	    bss	    dec	    hex	filename
  55628	    496	   5216	  61340	   ef9c	STM32F407VGT6.elf
已结束构建： default.size.stdout
 
已结束构建： STM32F407VGT6.list
 
21:30:58 **** Incremental Build of configuration Debug for project STM32F407VGT6 ****
make -j12 all 
arm-none-eabi-gcc "../Core/Src/main.c" -mcpu=cortex-m4 -std=gnu11 -g3 -DDEBUG -DUSE_HAL_DRIVER -DSTM32F407xx -c -I../Core/Inc -I../Drivers/STM32F4xx_HAL_Driver/Inc -I../Drivers/STM32F4xx_HAL_Driver/Inc/Legacy -I../Drivers/CMSIS/Device/ST/STM32F4xx/Include -I../Drivers/CMSIS/Include -I../Core/UserCC -I../Core/UserHH -O0 -ffunction-sections -fdata-sections -Wall -fstack-usage -fcyclomatic-complexity -MMD -MP -MF"Core/Src/main.d" -MT"Core/Src/main.o" --specs=nano.specs -mfpu=fpv4-sp-d16 -mfloat-abi=hard -mthumb -o "Core/Src/main.o"
arm-none-eabi-gcc -o "STM32F407VGT6.elf" @"objects.list"   -mcpu=cortex-m4 -T"A:\git\PROJECT\STM32F407VGT6\STM32F407VGTX_FLASH.ld" --specs=nosys.specs -Wl,-Map="STM32F407VGT6.map" -Wl,--gc-sections -static --specs=nano.specs -mfpu=fpv4-sp-d16 -mfloat-abi=hard -mthumb -u _printf_float -u _scanf_float -Wl,--start-group -lc -lm -Wl,--end-group
已结束构建目标： STM32F407VGT6.elf
 
arm-none-eabi-size  STM32F407VGT6.elf 
arm-none-eabi-objdump -h -S STM32F407VGT6.elf  > "STM32F407VGT6.list"
   text	   data	    bss	    dec	    hex	filename
  55628	    496	   5216	  61340	   ef9c	STM32F407VGT6.elf
已结束构建： default.size.stdout
 
已结束构建： STM32F407VGT6.list
 
21:31:55 **** Incremental Build of configuration Debug for project STM32F407VGT6 ****
make -j12 all 
arm-none-eabi-size  STM32F407VGT6.elf 
   text	   data	    bss	    dec	    hex	filename
  55628	    496	   5216	  61340	   ef9c	STM32F407VGT6.elf
已结束构建： default.size.stdout
 
21:33:00 **** Incremental Build of configuration Debug for project STM32F407VGT6 ****
make -j12 all 
arm-none-eabi-gcc "../Core/Src/main.c" -mcpu=cortex-m4 -std=gnu11 -g3 -DDEBUG -DUSE_HAL_DRIVER -DSTM32F407xx -c -I../Core/Inc -I../Drivers/STM32F4xx_HAL_Driver/Inc -I../Drivers/STM32F4xx_HAL_Driver/Inc/Legacy -I../Drivers/CMSIS/Device/ST/STM32F4xx/Include -I../Drivers/CMSIS/Include -I../Core/UserCC -I../Core/UserHH -O0 -ffunction-sections -fdata-sections -Wall -fstack-usage -fcyclomatic-complexity -MMD -MP -MF"Core/Src/main.d" -MT"Core/Src/main.o" --specs=nano.specs -mfpu=fpv4-sp-d16 -mfloat-abi=hard -mthumb -o "Core/Src/main.o"
arm-none-eabi-gcc -o "STM32F407VGT6.elf" @"objects.list"   -mcpu=cortex-m4 -T"A:\git\PROJECT\STM32F407VGT6\STM32F407VGTX_FLASH.ld" --specs=nosys.specs -Wl,-Map="STM32F407VGT6.map" -Wl,--gc-sections -static --specs=nano.specs -mfpu=fpv4-sp-d16 -mfloat-abi=hard -mthumb -u _printf_float -u _scanf_float -Wl,--start-group -lc -lm -Wl,--end-group
已结束构建目标： STM32F407VGT6.elf
 
arm-none-eabi-size  STM32F407VGT6.elf 
arm-none-eabi-objdump -h -S STM32F407VGT6.elf  > "STM32F407VGT6.list"
   text	   data	    bss	    dec	    hex	filename
  55628	    496	   5216	  61340	   ef9c	STM32F407VGT6.elf
已结束构建： default.size.stdout
 
已结束构建： STM32F407VGT6.list
 
21:33:28 **** Incremental Build of configuration Debug for project STM32F407VGT6 ****
make -j12 all 
arm-none-eabi-gcc "../Core/Src/main.c" -mcpu=cortex-m4 -std=gnu11 -g3 -DDEBUG -DUSE_HAL_DRIVER -DSTM32F407xx -c -I../Core/Inc -I../Drivers/STM32F4xx_HAL_Driver/Inc -I../Drivers/STM32F4xx_HAL_Driver/Inc/Legacy -I../Drivers/CMSIS/Device/ST/STM32F4xx/Include -I../Drivers/CMSIS/Include -I../Core/UserCC -I../Core/UserHH -O0 -ffunction-sections -fdata-sections -Wall -fstack-usage -fcyclomatic-complexity -MMD -MP -MF"Core/Src/main.d" -MT"Core/Src/main.o" --specs=nano.specs -mfpu=fpv4-sp-d16 -mfloat-abi=hard -mthumb -o "Core/Src/main.o"
arm-none-eabi-gcc -o "STM32F407VGT6.elf" @"objects.list"   -mcpu=cortex-m4 -T"A:\git\PROJECT\STM32F407VGT6\STM32F407VGTX_FLASH.ld" --specs=nosys.specs -Wl,-Map="STM32F407VGT6.map" -Wl,--gc-sections -static --specs=nano.specs -mfpu=fpv4-sp-d16 -mfloat-abi=hard -mthumb -u _printf_float -u _scanf_float -Wl,--start-group -lc -lm -Wl,--end-group
已结束构建目标： STM32F407VGT6.elf
 
arm-none-eabi-size  STM32F407VGT6.elf 
arm-none-eabi-objdump -h -S STM32F407VGT6.elf  > "STM32F407VGT6.list"
   text	   data	    bss	    dec	    hex	filename
  55628	    496	   5216	  61340	   ef9c	STM32F407VGT6.elf
已结束构建： default.size.stdout
 
已结束构建： STM32F407VGT6.list
 
21:36:58 **** Incremental Build of configuration Debug for project STM32F407VGT6 ****
make -j12 all 
arm-none-eabi-gcc "../Core/Src/gpio.c" -mcpu=cortex-m4 -std=gnu11 -g3 -DDEBUG -DUSE_HAL_DRIVER -DSTM32F407xx -c -I../Core/Inc -I../Drivers/STM32F4xx_HAL_Driver/Inc -I../Drivers/STM32F4xx_HAL_Driver/Inc/Legacy -I../Drivers/CMSIS/Device/ST/STM32F4xx/Include -I../Drivers/CMSIS/Include -I../Core/UserCC -I../Core/UserHH -O0 -ffunction-sections -fdata-sections -Wall -fstack-usage -fcyclomatic-complexity -MMD -MP -MF"Core/Src/gpio.d" -MT"Core/Src/gpio.o" --specs=nano.specs -mfpu=fpv4-sp-d16 -mfloat-abi=hard -mthumb -o "Core/Src/gpio.o"
arm-none-eabi-gcc -o "STM32F407VGT6.elf" @"objects.list"   -mcpu=cortex-m4 -T"A:\git\PROJECT\STM32F407VGT6\STM32F407VGTX_FLASH.ld" --specs=nosys.specs -Wl,-Map="STM32F407VGT6.map" -Wl,--gc-sections -static --specs=nano.specs -mfpu=fpv4-sp-d16 -mfloat-abi=hard -mthumb -u _printf_float -u _scanf_float -Wl,--start-group -lc -lm -Wl,--end-group
已结束构建目标： STM32F407VGT6.elf
 
arm-none-eabi-size  STM32F407VGT6.elf 
arm-none-eabi-objdump -h -S STM32F407VGT6.elf  > "STM32F407VGT6.list"
   text	   data	    bss	    dec	    hex	filename
  55628	    496	   5216	  61340	   ef9c	STM32F407VGT6.elf
已结束构建： default.size.stdout
 
已结束构建： STM32F407VGT6.list
 
21:40:05 **** Incremental Build of configuration Debug for project Myproject ****
make -j12 all 
arm-none-eabi-size  Myproject.elf 
   text	   data	    bss	    dec	    hex	filename
  44020	    468	   4132	  48620	   bdec	Myproject.elf
已结束构建： default.size.stdout
 
21:40:06 **** Incremental Build of configuration Debug for project STM32F407VGT6 ****
make -j12 all 
arm-none-eabi-gcc "../Core/UserCC/Trace_PID.c" -mcpu=cortex-m4 -std=gnu11 -g3 -DDEBUG -DUSE_HAL_DRIVER -DSTM32F407xx -c -I../Core/Inc -I../Drivers/STM32F4xx_HAL_Driver/Inc -I../Drivers/STM32F4xx_HAL_Driver/Inc/Legacy -I../Drivers/CMSIS/Device/ST/STM32F4xx/Include -I../Drivers/CMSIS/Include -I../Core/UserCC -I../Core/UserHH -O0 -ffunction-sections -fdata-sections -Wall -fstack-usage -fcyclomatic-complexity -MMD -MP -MF"Core/UserCC/Trace_PID.d" -MT"Core/UserCC/Trace_PID.o" --specs=nano.specs -mfpu=fpv4-sp-d16 -mfloat-abi=hard -mthumb -o "Core/UserCC/Trace_PID.o"
arm-none-eabi-gcc "../Core/UserCC/jy62.c" -mcpu=cortex-m4 -std=gnu11 -g3 -DDEBUG -DUSE_HAL_DRIVER -DSTM32F407xx -c -I../Core/Inc -I../Drivers/STM32F4xx_HAL_Driver/Inc -I../Drivers/STM32F4xx_HAL_Driver/Inc/Legacy -I../Drivers/CMSIS/Device/ST/STM32F4xx/Include -I../Drivers/CMSIS/Include -I../Core/UserCC -I../Core/UserHH -O0 -ffunction-sections -fdata-sections -Wall -fstack-usage -fcyclomatic-complexity -MMD -MP -MF"Core/UserCC/jy62.d" -MT"Core/UserCC/jy62.o" --specs=nano.specs -mfpu=fpv4-sp-d16 -mfloat-abi=hard -mthumb -o "Core/UserCC/jy62.o"
arm-none-eabi-gcc "../Core/UserCC/oled.c" -mcpu=cortex-m4 -std=gnu11 -g3 -DDEBUG -DUSE_HAL_DRIVER -DSTM32F407xx -c -I../Core/Inc -I../Drivers/STM32F4xx_HAL_Driver/Inc -I../Drivers/STM32F4xx_HAL_Driver/Inc/Legacy -I../Drivers/CMSIS/Device/ST/STM32F4xx/Include -I../Drivers/CMSIS/Include -I../Core/UserCC -I../Core/UserHH -O0 -ffunction-sections -fdata-sections -Wall -fstack-usage -fcyclomatic-complexity -MMD -MP -MF"Core/UserCC/oled.d" -MT"Core/UserCC/oled.o" --specs=nano.specs -mfpu=fpv4-sp-d16 -mfloat-abi=hard -mthumb -o "Core/UserCC/oled.o"
arm-none-eabi-gcc "../Core/UserCC/pidspeed.c" -mcpu=cortex-m4 -std=gnu11 -g3 -DDEBUG -DUSE_HAL_DRIVER -DSTM32F407xx -c -I../Core/Inc -I../Drivers/STM32F4xx_HAL_Driver/Inc -I../Drivers/STM32F4xx_HAL_Driver/Inc/Legacy -I../Drivers/CMSIS/Device/ST/STM32F4xx/Include -I../Drivers/CMSIS/Include -I../Core/UserCC -I../Core/UserHH -O0 -ffunction-sections -fdata-sections -Wall -fstack-usage -fcyclomatic-complexity -MMD -MP -MF"Core/UserCC/pidspeed.d" -MT"Core/UserCC/pidspeed.o" --specs=nano.specs -mfpu=fpv4-sp-d16 -mfloat-abi=hard -mthumb -o "Core/UserCC/pidspeed.o"
arm-none-eabi-gcc "../Core/Src/dma.c" -mcpu=cortex-m4 -std=gnu11 -g3 -DDEBUG -DUSE_HAL_DRIVER -DSTM32F407xx -c -I../Core/Inc -I../Drivers/STM32F4xx_HAL_Driver/Inc -I../Drivers/STM32F4xx_HAL_Driver/Inc/Legacy -I../Drivers/CMSIS/Device/ST/STM32F4xx/Include -I../Drivers/CMSIS/Include -I../Core/UserCC -I../Core/UserHH -O0 -ffunction-sections -fdata-sections -Wall -fstack-usage -fcyclomatic-complexity -MMD -MP -MF"Core/Src/dma.d" -MT"Core/Src/dma.o" --specs=nano.specs -mfpu=fpv4-sp-d16 -mfloat-abi=hard -mthumb -o "Core/Src/dma.o"
arm-none-eabi-gcc "../Core/Src/gpio.c" -mcpu=cortex-m4 -std=gnu11 -g3 -DDEBUG -DUSE_HAL_DRIVER -DSTM32F407xx -c -I../Core/Inc -I../Drivers/STM32F4xx_HAL_Driver/Inc -I../Drivers/STM32F4xx_HAL_Driver/Inc/Legacy -I../Drivers/CMSIS/Device/ST/STM32F4xx/Include -I../Drivers/CMSIS/Include -I../Core/UserCC -I../Core/UserHH -O0 -ffunction-sections -fdata-sections -Wall -fstack-usage -fcyclomatic-complexity -MMD -MP -MF"Core/Src/gpio.d" -MT"Core/Src/gpio.o" --specs=nano.specs -mfpu=fpv4-sp-d16 -mfloat-abi=hard -mthumb -o "Core/Src/gpio.o"
arm-none-eabi-gcc "../Core/Src/i2c.c" -mcpu=cortex-m4 -std=gnu11 -g3 -DDEBUG -DUSE_HAL_DRIVER -DSTM32F407xx -c -I../Core/Inc -I../Drivers/STM32F4xx_HAL_Driver/Inc -I../Drivers/STM32F4xx_HAL_Driver/Inc/Legacy -I../Drivers/CMSIS/Device/ST/STM32F4xx/Include -I../Drivers/CMSIS/Include -I../Core/UserCC -I../Core/UserHH -O0 -ffunction-sections -fdata-sections -Wall -fstack-usage -fcyclomatic-complexity -MMD -MP -MF"Core/Src/i2c.d" -MT"Core/Src/i2c.o" --specs=nano.specs -mfpu=fpv4-sp-d16 -mfloat-abi=hard -mthumb -o "Core/Src/i2c.o"
arm-none-eabi-gcc "../Core/Src/main.c" -mcpu=cortex-m4 -std=gnu11 -g3 -DDEBUG -DUSE_HAL_DRIVER -DSTM32F407xx -c -I../Core/Inc -I../Drivers/STM32F4xx_HAL_Driver/Inc -I../Drivers/STM32F4xx_HAL_Driver/Inc/Legacy -I../Drivers/CMSIS/Device/ST/STM32F4xx/Include -I../Drivers/CMSIS/Include -I../Core/UserCC -I../Core/UserHH -O0 -ffunction-sections -fdata-sections -Wall -fstack-usage -fcyclomatic-complexity -MMD -MP -MF"Core/Src/main.d" -MT"Core/Src/main.o" --specs=nano.specs -mfpu=fpv4-sp-d16 -mfloat-abi=hard -mthumb -o "Core/Src/main.o"
arm-none-eabi-gcc "../Core/Src/stm32f4xx_hal_msp.c" -mcpu=cortex-m4 -std=gnu11 -g3 -DDEBUG -DUSE_HAL_DRIVER -DSTM32F407xx -c -I../Core/Inc -I../Drivers/STM32F4xx_HAL_Driver/Inc -I../Drivers/STM32F4xx_HAL_Driver/Inc/Legacy -I../Drivers/CMSIS/Device/ST/STM32F4xx/Include -I../Drivers/CMSIS/Include -I../Core/UserCC -I../Core/UserHH -O0 -ffunction-sections -fdata-sections -Wall -fstack-usage -fcyclomatic-complexity -MMD -MP -MF"Core/Src/stm32f4xx_hal_msp.d" -MT"Core/Src/stm32f4xx_hal_msp.o" --specs=nano.specs -mfpu=fpv4-sp-d16 -mfloat-abi=hard -mthumb -o "Core/Src/stm32f4xx_hal_msp.o"
arm-none-eabi-gcc "../Core/Src/stm32f4xx_it.c" -mcpu=cortex-m4 -std=gnu11 -g3 -DDEBUG -DUSE_HAL_DRIVER -DSTM32F407xx -c -I../Core/Inc -I../Drivers/STM32F4xx_HAL_Driver/Inc -I../Drivers/STM32F4xx_HAL_Driver/Inc/Legacy -I../Drivers/CMSIS/Device/ST/STM32F4xx/Include -I../Drivers/CMSIS/Include -I../Core/UserCC -I../Core/UserHH -O0 -ffunction-sections -fdata-sections -Wall -fstack-usage -fcyclomatic-complexity -MMD -MP -MF"Core/Src/stm32f4xx_it.d" -MT"Core/Src/stm32f4xx_it.o" --specs=nano.specs -mfpu=fpv4-sp-d16 -mfloat-abi=hard -mthumb -o "Core/Src/stm32f4xx_it.o"
arm-none-eabi-gcc "../Core/Src/tim.c" -mcpu=cortex-m4 -std=gnu11 -g3 -DDEBUG -DUSE_HAL_DRIVER -DSTM32F407xx -c -I../Core/Inc -I../Drivers/STM32F4xx_HAL_Driver/Inc -I../Drivers/STM32F4xx_HAL_Driver/Inc/Legacy -I../Drivers/CMSIS/Device/ST/STM32F4xx/Include -I../Drivers/CMSIS/Include -I../Core/UserCC -I../Core/UserHH -O0 -ffunction-sections -fdata-sections -Wall -fstack-usage -fcyclomatic-complexity -MMD -MP -MF"Core/Src/tim.d" -MT"Core/Src/tim.o" --specs=nano.specs -mfpu=fpv4-sp-d16 -mfloat-abi=hard -mthumb -o "Core/Src/tim.o"
arm-none-eabi-gcc "../Core/Src/usart.c" -mcpu=cortex-m4 -std=gnu11 -g3 -DDEBUG -DUSE_HAL_DRIVER -DSTM32F407xx -c -I../Core/Inc -I../Drivers/STM32F4xx_HAL_Driver/Inc -I../Drivers/STM32F4xx_HAL_Driver/Inc/Legacy -I../Drivers/CMSIS/Device/ST/STM32F4xx/Include -I../Drivers/CMSIS/Include -I../Core/UserCC -I../Core/UserHH -O0 -ffunction-sections -fdata-sections -Wall -fstack-usage -fcyclomatic-complexity -MMD -MP -MF"Core/Src/usart.d" -MT"Core/Src/usart.o" --specs=nano.specs -mfpu=fpv4-sp-d16 -mfloat-abi=hard -mthumb -o "Core/Src/usart.o"
arm-none-eabi-gcc -o "STM32F407VGT6.elf" @"objects.list"   -mcpu=cortex-m4 -T"A:\git\PROJECT\STM32F407VGT6\STM32F407VGTX_FLASH.ld" --specs=nosys.specs -Wl,-Map="STM32F407VGT6.map" -Wl,--gc-sections -static --specs=nano.specs -mfpu=fpv4-sp-d16 -mfloat-abi=hard -mthumb -u _printf_float -u _scanf_float -Wl,--start-group -lc -lm -Wl,--end-group
已结束构建目标： STM32F407VGT6.elf
 
arm-none-eabi-size  STM32F407VGT6.elf 
arm-none-eabi-objdump -h -S STM32F407VGT6.elf  > "STM32F407VGT6.list"
   text	   data	    bss	    dec	    hex	filename
  55628	    496	   5216	  61340	   ef9c	STM32F407VGT6.elf
已结束构建： default.size.stdout
 
已结束构建： STM32F407VGT6.list
 
21:41:05 **** Incremental Build of configuration Debug for project STM32F407VGT6 ****
make -j12 all 
arm-none-eabi-size  STM32F407VGT6.elf 
   text	   data	    bss	    dec	    hex	filename
  55628	    496	   5216	  61340	   ef9c	STM32F407VGT6.elf
已结束构建： default.size.stdout
 
21:41:58 **** Incremental Build of configuration Debug for project STM32F407VGT6 ****
make -j12 all 
arm-none-eabi-gcc "../Core/UserCC/pidspeed.c" -mcpu=cortex-m4 -std=gnu11 -g3 -DDEBUG -DUSE_HAL_DRIVER -DSTM32F407xx -c -I../Core/Inc -I../Drivers/STM32F4xx_HAL_Driver/Inc -I../Drivers/STM32F4xx_HAL_Driver/Inc/Legacy -I../Drivers/CMSIS/Device/ST/STM32F4xx/Include -I../Drivers/CMSIS/Include -I../Core/UserCC -I../Core/UserHH -O0 -ffunction-sections -fdata-sections -Wall -fstack-usage -fcyclomatic-complexity -MMD -MP -MF"Core/UserCC/pidspeed.d" -MT"Core/UserCC/pidspeed.o" --specs=nano.specs -mfpu=fpv4-sp-d16 -mfloat-abi=hard -mthumb -o "Core/UserCC/pidspeed.o"
arm-none-eabi-gcc -o "STM32F407VGT6.elf" @"objects.list"   -mcpu=cortex-m4 -T"A:\git\PROJECT\STM32F407VGT6\STM32F407VGTX_FLASH.ld" --specs=nosys.specs -Wl,-Map="STM32F407VGT6.map" -Wl,--gc-sections -static --specs=nano.specs -mfpu=fpv4-sp-d16 -mfloat-abi=hard -mthumb -u _printf_float -u _scanf_float -Wl,--start-group -lc -lm -Wl,--end-group
已结束构建目标： STM32F407VGT6.elf
 
arm-none-eabi-size  STM32F407VGT6.elf 
arm-none-eabi-objdump -h -S STM32F407VGT6.elf  > "STM32F407VGT6.list"
   text	   data	    bss	    dec	    hex	filename
  55628	    496	   5216	  61340	   ef9c	STM32F407VGT6.elf
已结束构建： default.size.stdout
 
已结束构建： STM32F407VGT6.list
 
21:42:59 **** Incremental Build of configuration Debug for project STM32F407VGT6 ****
make -j12 all 
arm-none-eabi-gcc "../Core/Src/main.c" -mcpu=cortex-m4 -std=gnu11 -g3 -DDEBUG -DUSE_HAL_DRIVER -DSTM32F407xx -c -I../Core/Inc -I../Drivers/STM32F4xx_HAL_Driver/Inc -I../Drivers/STM32F4xx_HAL_Driver/Inc/Legacy -I../Drivers/CMSIS/Device/ST/STM32F4xx/Include -I../Drivers/CMSIS/Include -I../Core/UserCC -I../Core/UserHH -O0 -ffunction-sections -fdata-sections -Wall -fstack-usage -fcyclomatic-complexity -MMD -MP -MF"Core/Src/main.d" -MT"Core/Src/main.o" --specs=nano.specs -mfpu=fpv4-sp-d16 -mfloat-abi=hard -mthumb -o "Core/Src/main.o"
arm-none-eabi-gcc -o "STM32F407VGT6.elf" @"objects.list"   -mcpu=cortex-m4 -T"A:\git\PROJECT\STM32F407VGT6\STM32F407VGTX_FLASH.ld" --specs=nosys.specs -Wl,-Map="STM32F407VGT6.map" -Wl,--gc-sections -static --specs=nano.specs -mfpu=fpv4-sp-d16 -mfloat-abi=hard -mthumb -u _printf_float -u _scanf_float -Wl,--start-group -lc -lm -Wl,--end-group
已结束构建目标： STM32F407VGT6.elf
 
arm-none-eabi-size  STM32F407VGT6.elf 
arm-none-eabi-objdump -h -S STM32F407VGT6.elf  > "STM32F407VGT6.list"
   text	   data	    bss	    dec	    hex	filename
  55652	    496	   5216	  61364	   efb4	STM32F407VGT6.elf
已结束构建： default.size.stdout
 
已结束构建： STM32F407VGT6.list
 
21:43:41 **** Incremental Build of configuration Debug for project STM32F407VGT6 ****
make -j12 all 
arm-none-eabi-gcc "../Core/Src/main.c" -mcpu=cortex-m4 -std=gnu11 -g3 -DDEBUG -DUSE_HAL_DRIVER -DSTM32F407xx -c -I../Core/Inc -I../Drivers/STM32F4xx_HAL_Driver/Inc -I../Drivers/STM32F4xx_HAL_Driver/Inc/Legacy -I../Drivers/CMSIS/Device/ST/STM32F4xx/Include -I../Drivers/CMSIS/Include -I../Core/UserCC -I../Core/UserHH -O0 -ffunction-sections -fdata-sections -Wall -fstack-usage -fcyclomatic-complexity -MMD -MP -MF"Core/Src/main.d" -MT"Core/Src/main.o" --specs=nano.specs -mfpu=fpv4-sp-d16 -mfloat-abi=hard -mthumb -o "Core/Src/main.o"
arm-none-eabi-gcc -o "STM32F407VGT6.elf" @"objects.list"   -mcpu=cortex-m4 -T"A:\git\PROJECT\STM32F407VGT6\STM32F407VGTX_FLASH.ld" --specs=nosys.specs -Wl,-Map="STM32F407VGT6.map" -Wl,--gc-sections -static --specs=nano.specs -mfpu=fpv4-sp-d16 -mfloat-abi=hard -mthumb -u _printf_float -u _scanf_float -Wl,--start-group -lc -lm -Wl,--end-group
已结束构建目标： STM32F407VGT6.elf
 
arm-none-eabi-size  STM32F407VGT6.elf 
arm-none-eabi-objdump -h -S STM32F407VGT6.elf  > "STM32F407VGT6.list"
   text	   data	    bss	    dec	    hex	filename
  55652	    500	   5212	  61364	   efb4	STM32F407VGT6.elf
已结束构建： default.size.stdout
 
已结束构建： STM32F407VGT6.list
 
21:44:25 **** Incremental Build of configuration Debug for project STM32F407VGT6 ****
make -j12 all 
arm-none-eabi-gcc "../Core/Src/main.c" -mcpu=cortex-m4 -std=gnu11 -g3 -DDEBUG -DUSE_HAL_DRIVER -DSTM32F407xx -c -I../Core/Inc -I../Drivers/STM32F4xx_HAL_Driver/Inc -I../Drivers/STM32F4xx_HAL_Driver/Inc/Legacy -I../Drivers/CMSIS/Device/ST/STM32F4xx/Include -I../Drivers/CMSIS/Include -I../Core/UserCC -I../Core/UserHH -O0 -ffunction-sections -fdata-sections -Wall -fstack-usage -fcyclomatic-complexity -MMD -MP -MF"Core/Src/main.d" -MT"Core/Src/main.o" --specs=nano.specs -mfpu=fpv4-sp-d16 -mfloat-abi=hard -mthumb -o "Core/Src/main.o"
arm-none-eabi-gcc -o "STM32F407VGT6.elf" @"objects.list"   -mcpu=cortex-m4 -T"A:\git\PROJECT\STM32F407VGT6\STM32F407VGTX_FLASH.ld" --specs=nosys.specs -Wl,-Map="STM32F407VGT6.map" -Wl,--gc-sections -static --specs=nano.specs -mfpu=fpv4-sp-d16 -mfloat-abi=hard -mthumb -u _printf_float -u _scanf_float -Wl,--start-group -lc -lm -Wl,--end-group
已结束构建目标： STM32F407VGT6.elf
 
arm-none-eabi-size  STM32F407VGT6.elf 
arm-none-eabi-objdump -h -S STM32F407VGT6.elf  > "STM32F407VGT6.list"
   text	   data	    bss	    dec	    hex	filename
  55652	    496	   5216	  61364	   efb4	STM32F407VGT6.elf
已结束构建： default.size.stdout
 
已结束构建： STM32F407VGT6.list
 
21:45:11 **** Incremental Build of configuration Debug for project STM32F407VGT6 ****
make -j12 all 
arm-none-eabi-gcc "../Core/Src/main.c" -mcpu=cortex-m4 -std=gnu11 -g3 -DDEBUG -DUSE_HAL_DRIVER -DSTM32F407xx -c -I../Core/Inc -I../Drivers/STM32F4xx_HAL_Driver/Inc -I../Drivers/STM32F4xx_HAL_Driver/Inc/Legacy -I../Drivers/CMSIS/Device/ST/STM32F4xx/Include -I../Drivers/CMSIS/Include -I../Core/UserCC -I../Core/UserHH -O0 -ffunction-sections -fdata-sections -Wall -fstack-usage -fcyclomatic-complexity -MMD -MP -MF"Core/Src/main.d" -MT"Core/Src/main.o" --specs=nano.specs -mfpu=fpv4-sp-d16 -mfloat-abi=hard -mthumb -o "Core/Src/main.o"
arm-none-eabi-gcc -o "STM32F407VGT6.elf" @"objects.list"   -mcpu=cortex-m4 -T"A:\git\PROJECT\STM32F407VGT6\STM32F407VGTX_FLASH.ld" --specs=nosys.specs -Wl,-Map="STM32F407VGT6.map" -Wl,--gc-sections -static --specs=nano.specs -mfpu=fpv4-sp-d16 -mfloat-abi=hard -mthumb -u _printf_float -u _scanf_float -Wl,--start-group -lc -lm -Wl,--end-group
已结束构建目标： STM32F407VGT6.elf
 
arm-none-eabi-size  STM32F407VGT6.elf 
arm-none-eabi-objdump -h -S STM32F407VGT6.elf  > "STM32F407VGT6.list"
   text	   data	    bss	    dec	    hex	filename
  55652	    500	   5212	  61364	   efb4	STM32F407VGT6.elf
已结束构建： default.size.stdout
 
已结束构建： STM32F407VGT6.list
 
21:47:00 **** Incremental Build of configuration Debug for project STM32F407VGT6 ****
make -j12 all 
arm-none-eabi-gcc "../Core/Src/main.c" -mcpu=cortex-m4 -std=gnu11 -g3 -DDEBUG -DUSE_HAL_DRIVER -DSTM32F407xx -c -I../Core/Inc -I../Drivers/STM32F4xx_HAL_Driver/Inc -I../Drivers/STM32F4xx_HAL_Driver/Inc/Legacy -I../Drivers/CMSIS/Device/ST/STM32F4xx/Include -I../Drivers/CMSIS/Include -I../Core/UserCC -I../Core/UserHH -O0 -ffunction-sections -fdata-sections -Wall -fstack-usage -fcyclomatic-complexity -MMD -MP -MF"Core/Src/main.d" -MT"Core/Src/main.o" --specs=nano.specs -mfpu=fpv4-sp-d16 -mfloat-abi=hard -mthumb -o "Core/Src/main.o"
arm-none-eabi-gcc -o "STM32F407VGT6.elf" @"objects.list"   -mcpu=cortex-m4 -T"A:\git\PROJECT\STM32F407VGT6\STM32F407VGTX_FLASH.ld" --specs=nosys.specs -Wl,-Map="STM32F407VGT6.map" -Wl,--gc-sections -static --specs=nano.specs -mfpu=fpv4-sp-d16 -mfloat-abi=hard -mthumb -u _printf_float -u _scanf_float -Wl,--start-group -lc -lm -Wl,--end-group
已结束构建目标： STM32F407VGT6.elf
 
arm-none-eabi-size  STM32F407VGT6.elf 
arm-none-eabi-objdump -h -S STM32F407VGT6.elf  > "STM32F407VGT6.list"
   text	   data	    bss	    dec	    hex	filename
  55652	    504	   5208	  61364	   efb4	STM32F407VGT6.elf
已结束构建： default.size.stdout
 
已结束构建： STM32F407VGT6.list
 
21:47:34 **** Incremental Build of configuration Debug for project STM32F407VGT6 ****
make -j12 all 
arm-none-eabi-gcc "../Core/Src/main.c" -mcpu=cortex-m4 -std=gnu11 -g3 -DDEBUG -DUSE_HAL_DRIVER -DSTM32F407xx -c -I../Core/Inc -I../Drivers/STM32F4xx_HAL_Driver/Inc -I../Drivers/STM32F4xx_HAL_Driver/Inc/Legacy -I../Drivers/CMSIS/Device/ST/STM32F4xx/Include -I../Drivers/CMSIS/Include -I../Core/UserCC -I../Core/UserHH -O0 -ffunction-sections -fdata-sections -Wall -fstack-usage -fcyclomatic-complexity -MMD -MP -MF"Core/Src/main.d" -MT"Core/Src/main.o" --specs=nano.specs -mfpu=fpv4-sp-d16 -mfloat-abi=hard -mthumb -o "Core/Src/main.o"
arm-none-eabi-gcc -o "STM32F407VGT6.elf" @"objects.list"   -mcpu=cortex-m4 -T"A:\git\PROJECT\STM32F407VGT6\STM32F407VGTX_FLASH.ld" --specs=nosys.specs -Wl,-Map="STM32F407VGT6.map" -Wl,--gc-sections -static --specs=nano.specs -mfpu=fpv4-sp-d16 -mfloat-abi=hard -mthumb -u _printf_float -u _scanf_float -Wl,--start-group -lc -lm -Wl,--end-group
已结束构建目标： STM32F407VGT6.elf
 
arm-none-eabi-size  STM32F407VGT6.elf 
arm-none-eabi-objdump -h -S STM32F407VGT6.elf  > "STM32F407VGT6.list"
   text	   data	    bss	    dec	    hex	filename
  55652	    500	   5212	  61364	   efb4	STM32F407VGT6.elf
已结束构建： default.size.stdout
 
已结束构建： STM32F407VGT6.list
 
21:50:58 **** Incremental Build of configuration Debug for project Myproject ****
make -j12 all 
arm-none-eabi-size  Myproject.elf 
   text	   data	    bss	    dec	    hex	filename
  44020	    468	   4132	  48620	   bdec	Myproject.elf
已结束构建： default.size.stdout
 
21:50:59 **** Incremental Build of configuration Debug for project STM32F407VGT6 ****
make -j12 all 
arm-none-eabi-gcc "../Core/UserCC/Trace_PID.c" -mcpu=cortex-m4 -std=gnu11 -g3 -DDEBUG -DUSE_HAL_DRIVER -DSTM32F407xx -c -I../Core/Inc -I../Drivers/STM32F4xx_HAL_Driver/Inc -I../Drivers/STM32F4xx_HAL_Driver/Inc/Legacy -I../Drivers/CMSIS/Device/ST/STM32F4xx/Include -I../Drivers/CMSIS/Include -I../Core/UserCC -I../Core/UserHH -O0 -ffunction-sections -fdata-sections -Wall -fstack-usage -fcyclomatic-complexity -MMD -MP -MF"Core/UserCC/Trace_PID.d" -MT"Core/UserCC/Trace_PID.o" --specs=nano.specs -mfpu=fpv4-sp-d16 -mfloat-abi=hard -mthumb -o "Core/UserCC/Trace_PID.o"
arm-none-eabi-gcc -o "STM32F407VGT6.elf" @"objects.list"   -mcpu=cortex-m4 -T"A:\git\PROJECT\STM32F407VGT6\STM32F407VGTX_FLASH.ld" --specs=nosys.specs -Wl,-Map="STM32F407VGT6.map" -Wl,--gc-sections -static --specs=nano.specs -mfpu=fpv4-sp-d16 -mfloat-abi=hard -mthumb -u _printf_float -u _scanf_float -Wl,--start-group -lc -lm -Wl,--end-group
已结束构建目标： STM32F407VGT6.elf
 
arm-none-eabi-size  STM32F407VGT6.elf 
arm-none-eabi-objdump -h -S STM32F407VGT6.elf  > "STM32F407VGT6.list"
   text	   data	    bss	    dec	    hex	filename
  55652	    500	   5212	  61364	   efb4	STM32F407VGT6.elf
已结束构建： default.size.stdout
 
已结束构建： STM32F407VGT6.list
 
21:51:04 **** Incremental Build of configuration Debug for project STM32F407VGT6 ****
make -j12 all 
arm-none-eabi-size  STM32F407VGT6.elf 
   text	   data	    bss	    dec	    hex	filename
  55652	    500	   5212	  61364	   efb4	STM32F407VGT6.elf
已结束构建： default.size.stdout
 
21:52:02 **** Incremental Build of configuration Debug for project STM32F407VGT6 ****
make -j12 all 
arm-none-eabi-gcc "../Core/Src/main.c" -mcpu=cortex-m4 -std=gnu11 -g3 -DDEBUG -DUSE_HAL_DRIVER -DSTM32F407xx -c -I../Core/Inc -I../Drivers/STM32F4xx_HAL_Driver/Inc -I../Drivers/STM32F4xx_HAL_Driver/Inc/Legacy -I../Drivers/CMSIS/Device/ST/STM32F4xx/Include -I../Drivers/CMSIS/Include -I../Core/UserCC -I../Core/UserHH -O0 -ffunction-sections -fdata-sections -Wall -fstack-usage -fcyclomatic-complexity -MMD -MP -MF"Core/Src/main.d" -MT"Core/Src/main.o" --specs=nano.specs -mfpu=fpv4-sp-d16 -mfloat-abi=hard -mthumb -o "Core/Src/main.o"
arm-none-eabi-gcc -o "STM32F407VGT6.elf" @"objects.list"   -mcpu=cortex-m4 -T"A:\git\PROJECT\STM32F407VGT6\STM32F407VGTX_FLASH.ld" --specs=nosys.specs -Wl,-Map="STM32F407VGT6.map" -Wl,--gc-sections -static --specs=nano.specs -mfpu=fpv4-sp-d16 -mfloat-abi=hard -mthumb -u _printf_float -u _scanf_float -Wl,--start-group -lc -lm -Wl,--end-group
已结束构建目标： STM32F407VGT6.elf
 
arm-none-eabi-size  STM32F407VGT6.elf 
arm-none-eabi-objdump -h -S STM32F407VGT6.elf  > "STM32F407VGT6.list"
   text	   data	    bss	    dec	    hex	filename
  54900	    500	   5212	  60612	   ecc4	STM32F407VGT6.elf
已结束构建： default.size.stdout
 
已结束构建： STM32F407VGT6.list
 
21:53:25 **** Incremental Build of configuration Debug for project STM32F407VGT6 ****
make -j12 all 
arm-none-eabi-gcc "../Core/Src/main.c" -mcpu=cortex-m4 -std=gnu11 -g3 -DDEBUG -DUSE_HAL_DRIVER -DSTM32F407xx -c -I../Core/Inc -I../Drivers/STM32F4xx_HAL_Driver/Inc -I../Drivers/STM32F4xx_HAL_Driver/Inc/Legacy -I../Drivers/CMSIS/Device/ST/STM32F4xx/Include -I../Drivers/CMSIS/Include -I../Core/UserCC -I../Core/UserHH -O0 -ffunction-sections -fdata-sections -Wall -fstack-usage -fcyclomatic-complexity -MMD -MP -MF"Core/Src/main.d" -MT"Core/Src/main.o" --specs=nano.specs -mfpu=fpv4-sp-d16 -mfloat-abi=hard -mthumb -o "Core/Src/main.o"
arm-none-eabi-gcc -o "STM32F407VGT6.elf" @"objects.list"   -mcpu=cortex-m4 -T"A:\git\PROJECT\STM32F407VGT6\STM32F407VGTX_FLASH.ld" --specs=nosys.specs -Wl,-Map="STM32F407VGT6.map" -Wl,--gc-sections -static --specs=nano.specs -mfpu=fpv4-sp-d16 -mfloat-abi=hard -mthumb -u _printf_float -u _scanf_float -Wl,--start-group -lc -lm -Wl,--end-group
已结束构建目标： STM32F407VGT6.elf
 
arm-none-eabi-size  STM32F407VGT6.elf 
arm-none-eabi-objdump -h -S STM32F407VGT6.elf  > "STM32F407VGT6.list"
   text	   data	    bss	    dec	    hex	filename
  55652	    500	   5212	  61364	   efb4	STM32F407VGT6.elf
已结束构建： default.size.stdout
 
已结束构建： STM32F407VGT6.list
 
21:57:15 **** Incremental Build of configuration Debug for project STM32F407VGT6 ****
make -j12 all 
arm-none-eabi-gcc "../Core/UserCC/Trace_PID.c" -mcpu=cortex-m4 -std=gnu11 -g3 -DDEBUG -DUSE_HAL_DRIVER -DSTM32F407xx -c -I../Core/Inc -I../Drivers/STM32F4xx_HAL_Driver/Inc -I../Drivers/STM32F4xx_HAL_Driver/Inc/Legacy -I../Drivers/CMSIS/Device/ST/STM32F4xx/Include -I../Drivers/CMSIS/Include -I../Core/UserCC -I../Core/UserHH -O0 -ffunction-sections -fdata-sections -Wall -fstack-usage -fcyclomatic-complexity -MMD -MP -MF"Core/UserCC/Trace_PID.d" -MT"Core/UserCC/Trace_PID.o" --specs=nano.specs -mfpu=fpv4-sp-d16 -mfloat-abi=hard -mthumb -o "Core/UserCC/Trace_PID.o"
arm-none-eabi-gcc -o "STM32F407VGT6.elf" @"objects.list"   -mcpu=cortex-m4 -T"A:\git\PROJECT\STM32F407VGT6\STM32F407VGTX_FLASH.ld" --specs=nosys.specs -Wl,-Map="STM32F407VGT6.map" -Wl,--gc-sections -static --specs=nano.specs -mfpu=fpv4-sp-d16 -mfloat-abi=hard -mthumb -u _printf_float -u _scanf_float -Wl,--start-group -lc -lm -Wl,--end-group
已结束构建目标： STM32F407VGT6.elf
 
arm-none-eabi-size  STM32F407VGT6.elf 
arm-none-eabi-objdump -h -S STM32F407VGT6.elf  > "STM32F407VGT6.list"
   text	   data	    bss	    dec	    hex	filename
  55932	    500	   5220	  61652	   f0d4	STM32F407VGT6.elf
已结束构建： default.size.stdout
 
已结束构建： STM32F407VGT6.list
 
21:59:53 **** Incremental Build of configuration Debug for project STM32F407VGT6 ****
make -j12 all 
arm-none-eabi-gcc "../Core/Src/main.c" -mcpu=cortex-m4 -std=gnu11 -g3 -DDEBUG -DUSE_HAL_DRIVER -DSTM32F407xx -c -I../Core/Inc -I../Drivers/STM32F4xx_HAL_Driver/Inc -I../Drivers/STM32F4xx_HAL_Driver/Inc/Legacy -I../Drivers/CMSIS/Device/ST/STM32F4xx/Include -I../Drivers/CMSIS/Include -I../Core/UserCC -I../Core/UserHH -O0 -ffunction-sections -fdata-sections -Wall -fstack-usage -fcyclomatic-complexity -MMD -MP -MF"Core/Src/main.d" -MT"Core/Src/main.o" --specs=nano.specs -mfpu=fpv4-sp-d16 -mfloat-abi=hard -mthumb -o "Core/Src/main.o"
arm-none-eabi-gcc -o "STM32F407VGT6.elf" @"objects.list"   -mcpu=cortex-m4 -T"A:\git\PROJECT\STM32F407VGT6\STM32F407VGTX_FLASH.ld" --specs=nosys.specs -Wl,-Map="STM32F407VGT6.map" -Wl,--gc-sections -static --specs=nano.specs -mfpu=fpv4-sp-d16 -mfloat-abi=hard -mthumb -u _printf_float -u _scanf_float -Wl,--start-group -lc -lm -Wl,--end-group
已结束构建目标： STM32F407VGT6.elf
 
arm-none-eabi-size  STM32F407VGT6.elf 
arm-none-eabi-objdump -h -S STM32F407VGT6.elf  > "STM32F407VGT6.list"
   text	   data	    bss	    dec	    hex	filename
  55932	    500	   5220	  61652	   f0d4	STM32F407VGT6.elf
已结束构建： default.size.stdout
 
已结束构建： STM32F407VGT6.list
 
22:03:36 **** Incremental Build of configuration Debug for project Myproject ****
make -j12 all 
arm-none-eabi-size  Myproject.elf 
   text	   data	    bss	    dec	    hex	filename
  44020	    468	   4132	  48620	   bdec	Myproject.elf
已结束构建： default.size.stdout
 
22:03:37 **** Incremental Build of configuration Debug for project STM32F407VGT6 ****
make -j12 all 
arm-none-eabi-gcc "../Core/UserCC/Trace_PID.c" -mcpu=cortex-m4 -std=gnu11 -g3 -DDEBUG -DUSE_HAL_DRIVER -DSTM32F407xx -c -I../Core/Inc -I../Drivers/STM32F4xx_HAL_Driver/Inc -I../Drivers/STM32F4xx_HAL_Driver/Inc/Legacy -I../Drivers/CMSIS/Device/ST/STM32F4xx/Include -I../Drivers/CMSIS/Include -I../Core/UserCC -I../Core/UserHH -O0 -ffunction-sections -fdata-sections -Wall -fstack-usage -fcyclomatic-complexity -MMD -MP -MF"Core/UserCC/Trace_PID.d" -MT"Core/UserCC/Trace_PID.o" --specs=nano.specs -mfpu=fpv4-sp-d16 -mfloat-abi=hard -mthumb -o "Core/UserCC/Trace_PID.o"
arm-none-eabi-gcc "../Core/Src/main.c" -mcpu=cortex-m4 -std=gnu11 -g3 -DDEBUG -DUSE_HAL_DRIVER -DSTM32F407xx -c -I../Core/Inc -I../Drivers/STM32F4xx_HAL_Driver/Inc -I../Drivers/STM32F4xx_HAL_Driver/Inc/Legacy -I../Drivers/CMSIS/Device/ST/STM32F4xx/Include -I../Drivers/CMSIS/Include -I../Core/UserCC -I../Core/UserHH -O0 -ffunction-sections -fdata-sections -Wall -fstack-usage -fcyclomatic-complexity -MMD -MP -MF"Core/Src/main.d" -MT"Core/Src/main.o" --specs=nano.specs -mfpu=fpv4-sp-d16 -mfloat-abi=hard -mthumb -o "Core/Src/main.o"
../Core/UserCC/Trace_PID.c:33:7: error: redefinition of 'Trace_error'
   33 | float Trace_error(void) {
      |       ^~~~~~~~~~~
../Core/UserCC/Trace_PID.c:23:7: note: previous definition of 'Trace_error' with type 'float(void)'
   23 | float Trace_error(void) {
      |       ^~~~~~~~~~~
make: *** [Core/UserCC/subdir.mk:34: Core/UserCC/Trace_PID.o] Error 1
make: *** Waiting for unfinished jobs....
"make -j12 all" terminated with exit code 2. Build might be incomplete.
22:04:05 **** Incremental Build of configuration Debug for project Myproject ****
make -j12 all 
arm-none-eabi-size  Myproject.elf 
   text	   data	    bss	    dec	    hex	filename
  44020	    468	   4132	  48620	   bdec	Myproject.elf
已结束构建： default.size.stdout
 
22:04:06 **** Incremental Build of configuration Debug for project STM32F407VGT6 ****
make -j12 all 
arm-none-eabi-gcc "../Core/UserCC/Trace_PID.c" -mcpu=cortex-m4 -std=gnu11 -g3 -DDEBUG -DUSE_HAL_DRIVER -DSTM32F407xx -c -I../Core/Inc -I../Drivers/STM32F4xx_HAL_Driver/Inc -I../Drivers/STM32F4xx_HAL_Driver/Inc/Legacy -I../Drivers/CMSIS/Device/ST/STM32F4xx/Include -I../Drivers/CMSIS/Include -I../Core/UserCC -I../Core/UserHH -O0 -ffunction-sections -fdata-sections -Wall -fstack-usage -fcyclomatic-complexity -MMD -MP -MF"Core/UserCC/Trace_PID.d" -MT"Core/UserCC/Trace_PID.o" --specs=nano.specs -mfpu=fpv4-sp-d16 -mfloat-abi=hard -mthumb -o "Core/UserCC/Trace_PID.o"
arm-none-eabi-gcc -o "STM32F407VGT6.elf" @"objects.list"   -mcpu=cortex-m4 -T"A:\git\PROJECT\STM32F407VGT6\STM32F407VGTX_FLASH.ld" --specs=nosys.specs -Wl,-Map="STM32F407VGT6.map" -Wl,--gc-sections -static --specs=nano.specs -mfpu=fpv4-sp-d16 -mfloat-abi=hard -mthumb -u _printf_float -u _scanf_float -Wl,--start-group -lc -lm -Wl,--end-group
已结束构建目标： STM32F407VGT6.elf
 
arm-none-eabi-size  STM32F407VGT6.elf 
arm-none-eabi-objdump -h -S STM32F407VGT6.elf  > "STM32F407VGT6.list"
   text	   data	    bss	    dec	    hex	filename
  55468	    500	   5204	  61172	   eef4	STM32F407VGT6.elf
已结束构建： default.size.stdout
 
已结束构建： STM32F407VGT6.list
 
22:04:11 **** Incremental Build of configuration Debug for project STM32F407VGT6 ****
make -j12 all 
arm-none-eabi-size  STM32F407VGT6.elf 
   text	   data	    bss	    dec	    hex	filename
  55468	    500	   5204	  61172	   eef4	STM32F407VGT6.elf
已结束构建： default.size.stdout
 
22:04:40 **** Incremental Build of configuration Debug for project STM32F407VGT6 ****
make -j12 all 
arm-none-eabi-gcc "../Core/UserCC/Trace_PID.c" -mcpu=cortex-m4 -std=gnu11 -g3 -DDEBUG -DUSE_HAL_DRIVER -DSTM32F407xx -c -I../Core/Inc -I../Drivers/STM32F4xx_HAL_Driver/Inc -I../Drivers/STM32F4xx_HAL_Driver/Inc/Legacy -I../Drivers/CMSIS/Device/ST/STM32F4xx/Include -I../Drivers/CMSIS/Include -I../Core/UserCC -I../Core/UserHH -O0 -ffunction-sections -fdata-sections -Wall -fstack-usage -fcyclomatic-complexity -MMD -MP -MF"Core/UserCC/Trace_PID.d" -MT"Core/UserCC/Trace_PID.o" --specs=nano.specs -mfpu=fpv4-sp-d16 -mfloat-abi=hard -mthumb -o "Core/UserCC/Trace_PID.o"
arm-none-eabi-gcc -o "STM32F407VGT6.elf" @"objects.list"   -mcpu=cortex-m4 -T"A:\git\PROJECT\STM32F407VGT6\STM32F407VGTX_FLASH.ld" --specs=nosys.specs -Wl,-Map="STM32F407VGT6.map" -Wl,--gc-sections -static --specs=nano.specs -mfpu=fpv4-sp-d16 -mfloat-abi=hard -mthumb -u _printf_float -u _scanf_float -Wl,--start-group -lc -lm -Wl,--end-group
已结束构建目标： STM32F407VGT6.elf
 
arm-none-eabi-size  STM32F407VGT6.elf 
arm-none-eabi-objdump -h -S STM32F407VGT6.elf  > "STM32F407VGT6.list"
   text	   data	    bss	    dec	    hex	filename
  55476	    500	   5204	  61180	   eefc	STM32F407VGT6.elf
已结束构建： default.size.stdout
 
已结束构建： STM32F407VGT6.list
 
22:06:12 **** Incremental Build of configuration Debug for project STM32F407VGT6 ****
make -j12 all 
arm-none-eabi-gcc "../Core/Src/main.c" -mcpu=cortex-m4 -std=gnu11 -g3 -DDEBUG -DUSE_HAL_DRIVER -DSTM32F407xx -c -I../Core/Inc -I../Drivers/STM32F4xx_HAL_Driver/Inc -I../Drivers/STM32F4xx_HAL_Driver/Inc/Legacy -I../Drivers/CMSIS/Device/ST/STM32F4xx/Include -I../Drivers/CMSIS/Include -I../Core/UserCC -I../Core/UserHH -O0 -ffunction-sections -fdata-sections -Wall -fstack-usage -fcyclomatic-complexity -MMD -MP -MF"Core/Src/main.d" -MT"Core/Src/main.o" --specs=nano.specs -mfpu=fpv4-sp-d16 -mfloat-abi=hard -mthumb -o "Core/Src/main.o"
arm-none-eabi-gcc -o "STM32F407VGT6.elf" @"objects.list"   -mcpu=cortex-m4 -T"A:\git\PROJECT\STM32F407VGT6\STM32F407VGTX_FLASH.ld" --specs=nosys.specs -Wl,-Map="STM32F407VGT6.map" -Wl,--gc-sections -static --specs=nano.specs -mfpu=fpv4-sp-d16 -mfloat-abi=hard -mthumb -u _printf_float -u _scanf_float -Wl,--start-group -lc -lm -Wl,--end-group
已结束构建目标： STM32F407VGT6.elf
 
arm-none-eabi-size  STM32F407VGT6.elf 
arm-none-eabi-objdump -h -S STM32F407VGT6.elf  > "STM32F407VGT6.list"
   text	   data	    bss	    dec	    hex	filename
  55476	    500	   5204	  61180	   eefc	STM32F407VGT6.elf
已结束构建： default.size.stdout
 
已结束构建： STM32F407VGT6.list
 
22:06:30 **** Incremental Build of configuration Debug for project STM32F407VGT6 ****
make -j12 all 
arm-none-eabi-size  STM32F407VGT6.elf 
   text	   data	    bss	    dec	    hex	filename
  55476	    500	   5204	  61180	   eefc	STM32F407VGT6.elf
已结束构建： default.size.stdout
 
22:08:24 **** Incremental Build of configuration Debug for project STM32F407VGT6 ****
make -j12 all 
arm-none-eabi-gcc "../Core/UserCC/Trace_PID.c" -mcpu=cortex-m4 -std=gnu11 -g3 -DDEBUG -DUSE_HAL_DRIVER -DSTM32F407xx -c -I../Core/Inc -I../Drivers/STM32F4xx_HAL_Driver/Inc -I../Drivers/STM32F4xx_HAL_Driver/Inc/Legacy -I../Drivers/CMSIS/Device/ST/STM32F4xx/Include -I../Drivers/CMSIS/Include -I../Core/UserCC -I../Core/UserHH -O0 -ffunction-sections -fdata-sections -Wall -fstack-usage -fcyclomatic-complexity -MMD -MP -MF"Core/UserCC/Trace_PID.d" -MT"Core/UserCC/Trace_PID.o" --specs=nano.specs -mfpu=fpv4-sp-d16 -mfloat-abi=hard -mthumb -o "Core/UserCC/Trace_PID.o"
arm-none-eabi-gcc "../Core/Src/main.c" -mcpu=cortex-m4 -std=gnu11 -g3 -DDEBUG -DUSE_HAL_DRIVER -DSTM32F407xx -c -I../Core/Inc -I../Drivers/STM32F4xx_HAL_Driver/Inc -I../Drivers/STM32F4xx_HAL_Driver/Inc/Legacy -I../Drivers/CMSIS/Device/ST/STM32F4xx/Include -I../Drivers/CMSIS/Include -I../Core/UserCC -I../Core/UserHH -O0 -ffunction-sections -fdata-sections -Wall -fstack-usage -fcyclomatic-complexity -MMD -MP -MF"Core/Src/main.d" -MT"Core/Src/main.o" --specs=nano.specs -mfpu=fpv4-sp-d16 -mfloat-abi=hard -mthumb -o "Core/Src/main.o"
arm-none-eabi-gcc -o "STM32F407VGT6.elf" @"objects.list"   -mcpu=cortex-m4 -T"A:\git\PROJECT\STM32F407VGT6\STM32F407VGTX_FLASH.ld" --specs=nosys.specs -Wl,-Map="STM32F407VGT6.map" -Wl,--gc-sections -static --specs=nano.specs -mfpu=fpv4-sp-d16 -mfloat-abi=hard -mthumb -u _printf_float -u _scanf_float -Wl,--start-group -lc -lm -Wl,--end-group
已结束构建目标： STM32F407VGT6.elf
 
arm-none-eabi-size  STM32F407VGT6.elf 
arm-none-eabi-objdump -h -S STM32F407VGT6.elf  > "STM32F407VGT6.list"
   text	   data	    bss	    dec	    hex	filename
  55652	    496	   5216	  61364	   efb4	STM32F407VGT6.elf
已结束构建： default.size.stdout
 
已结束构建： STM32F407VGT6.list
 
22:10:38 **** Incremental Build of configuration Debug for project Myproject ****
make -j12 all 
arm-none-eabi-gcc -o "Myproject.elf" @"objects.list"   -mcpu=cortex-m3 -T"A:\git\WYHCODE\PROJECT\Myproject\STM32F103C8TX_FLASH.ld" --specs=nosys.specs -Wl,-Map="Myproject.map" -Wl,--gc-sections -static --specs=nano.specs -mfloat-abi=soft -mthumb -u _printf_float -u _scanf_float -Wl,--start-group -lc -lm -Wl,--end-group
已结束构建目标： Myproject.elf
 
arm-none-eabi-size  Myproject.elf 
arm-none-eabi-objdump -h -S Myproject.elf  > "Myproject.list"
   text	   data	    bss	    dec	    hex	filename
  44020	    468	   4132	  48620	   bdec	Myproject.elf
已结束构建： default.size.stdout
 
已结束构建： Myproject.list
 
22:10:40 **** Incremental Build of configuration Debug for project STM32F407VGT6 ****
make -j12 all 
arm-none-eabi-gcc -o "STM32F407VGT6.elf" @"objects.list"   -mcpu=cortex-m4 -T"A:\git\WYHCODE\PROJECT\STM32F407VGT6\STM32F407VGTX_FLASH.ld" --specs=nosys.specs -Wl,-Map="STM32F407VGT6.map" -Wl,--gc-sections -static --specs=nano.specs -mfpu=fpv4-sp-d16 -mfloat-abi=hard -mthumb -u _printf_float -u _scanf_float -Wl,--start-group -lc -lm -Wl,--end-group
已结束构建目标： STM32F407VGT6.elf
 
arm-none-eabi-size  STM32F407VGT6.elf 
arm-none-eabi-objdump -h -S STM32F407VGT6.elf  > "STM32F407VGT6.list"
   text	   data	    bss	    dec	    hex	filename
  55652	    496	   5216	  61364	   efb4	STM32F407VGT6.elf
已结束构建： default.size.stdout
 
已结束构建： STM32F407VGT6.list
 
21:06:13 **** Incremental Build of configuration Debug for project Myproject ****
make -j12 all 
arm-none-eabi-size  Myproject.elf 
   text	   data	    bss	    dec	    hex	filename
  44020	    468	   4132	  48620	   bdec	Myproject.elf
已结束构建： default.size.stdout
 
21:06:14 **** Incremental Build of configuration Debug for project STM32F407VGT6 ****
make -j12 all 
arm-none-eabi-gcc "../Core/UserCC/Angle_PID.c" -mcpu=cortex-m4 -std=gnu11 -g3 -DDEBUG -DUSE_HAL_DRIVER -DSTM32F407xx -c -I../Core/Inc -I../Drivers/STM32F4xx_HAL_Driver/Inc -I../Drivers/STM32F4xx_HAL_Driver/Inc/Legacy -I../Drivers/CMSIS/Device/ST/STM32F4xx/Include -I../Drivers/CMSIS/Include -I../Core/UserCC -I../Core/UserHH -O0 -ffunction-sections -fdata-sections -Wall -fstack-usage -fcyclomatic-complexity -MMD -MP -MF"Core/UserCC/Angle_PID.d" -MT"Core/UserCC/Angle_PID.o" --specs=nano.specs -mfpu=fpv4-sp-d16 -mfloat-abi=hard -mthumb -o "Core/UserCC/Angle_PID.o"
arm-none-eabi-gcc "../Core/UserCC/Trace_PID.c" -mcpu=cortex-m4 -std=gnu11 -g3 -DDEBUG -DUSE_HAL_DRIVER -DSTM32F407xx -c -I../Core/Inc -I../Drivers/STM32F4xx_HAL_Driver/Inc -I../Drivers/STM32F4xx_HAL_Driver/Inc/Legacy -I../Drivers/CMSIS/Device/ST/STM32F4xx/Include -I../Drivers/CMSIS/Include -I../Core/UserCC -I../Core/UserHH -O0 -ffunction-sections -fdata-sections -Wall -fstack-usage -fcyclomatic-complexity -MMD -MP -MF"Core/UserCC/Trace_PID.d" -MT"Core/UserCC/Trace_PID.o" --specs=nano.specs -mfpu=fpv4-sp-d16 -mfloat-abi=hard -mthumb -o "Core/UserCC/Trace_PID.o"
arm-none-eabi-gcc "../Core/UserCC/define.c" -mcpu=cortex-m4 -std=gnu11 -g3 -DDEBUG -DUSE_HAL_DRIVER -DSTM32F407xx -c -I../Core/Inc -I../Drivers/STM32F4xx_HAL_Driver/Inc -I../Drivers/STM32F4xx_HAL_Driver/Inc/Legacy -I../Drivers/CMSIS/Device/ST/STM32F4xx/Include -I../Drivers/CMSIS/Include -I../Core/UserCC -I../Core/UserHH -O0 -ffunction-sections -fdata-sections -Wall -fstack-usage -fcyclomatic-complexity -MMD -MP -MF"Core/UserCC/define.d" -MT"Core/UserCC/define.o" --specs=nano.specs -mfpu=fpv4-sp-d16 -mfloat-abi=hard -mthumb -o "Core/UserCC/define.o"
arm-none-eabi-gcc "../Core/UserCC/font.c" -mcpu=cortex-m4 -std=gnu11 -g3 -DDEBUG -DUSE_HAL_DRIVER -DSTM32F407xx -c -I../Core/Inc -I../Drivers/STM32F4xx_HAL_Driver/Inc -I../Drivers/STM32F4xx_HAL_Driver/Inc/Legacy -I../Drivers/CMSIS/Device/ST/STM32F4xx/Include -I../Drivers/CMSIS/Include -I../Core/UserCC -I../Core/UserHH -O0 -ffunction-sections -fdata-sections -Wall -fstack-usage -fcyclomatic-complexity -MMD -MP -MF"Core/UserCC/font.d" -MT"Core/UserCC/font.o" --specs=nano.specs -mfpu=fpv4-sp-d16 -mfloat-abi=hard -mthumb -o "Core/UserCC/font.o"
arm-none-eabi-gcc "../Core/UserCC/jy62.c" -mcpu=cortex-m4 -std=gnu11 -g3 -DDEBUG -DUSE_HAL_DRIVER -DSTM32F407xx -c -I../Core/Inc -I../Drivers/STM32F4xx_HAL_Driver/Inc -I../Drivers/STM32F4xx_HAL_Driver/Inc/Legacy -I../Drivers/CMSIS/Device/ST/STM32F4xx/Include -I../Drivers/CMSIS/Include -I../Core/UserCC -I../Core/UserHH -O0 -ffunction-sections -fdata-sections -Wall -fstack-usage -fcyclomatic-complexity -MMD -MP -MF"Core/UserCC/jy62.d" -MT"Core/UserCC/jy62.o" --specs=nano.specs -mfpu=fpv4-sp-d16 -mfloat-abi=hard -mthumb -o "Core/UserCC/jy62.o"
arm-none-eabi-gcc "../Core/UserCC/oled.c" -mcpu=cortex-m4 -std=gnu11 -g3 -DDEBUG -DUSE_HAL_DRIVER -DSTM32F407xx -c -I../Core/Inc -I../Drivers/STM32F4xx_HAL_Driver/Inc -I../Drivers/STM32F4xx_HAL_Driver/Inc/Legacy -I../Drivers/CMSIS/Device/ST/STM32F4xx/Include -I../Drivers/CMSIS/Include -I../Core/UserCC -I../Core/UserHH -O0 -ffunction-sections -fdata-sections -Wall -fstack-usage -fcyclomatic-complexity -MMD -MP -MF"Core/UserCC/oled.d" -MT"Core/UserCC/oled.o" --specs=nano.specs -mfpu=fpv4-sp-d16 -mfloat-abi=hard -mthumb -o "Core/UserCC/oled.o"
arm-none-eabi-gcc "../Core/UserCC/pidspeed.c" -mcpu=cortex-m4 -std=gnu11 -g3 -DDEBUG -DUSE_HAL_DRIVER -DSTM32F407xx -c -I../Core/Inc -I../Drivers/STM32F4xx_HAL_Driver/Inc -I../Drivers/STM32F4xx_HAL_Driver/Inc/Legacy -I../Drivers/CMSIS/Device/ST/STM32F4xx/Include -I../Drivers/CMSIS/Include -I../Core/UserCC -I../Core/UserHH -O0 -ffunction-sections -fdata-sections -Wall -fstack-usage -fcyclomatic-complexity -MMD -MP -MF"Core/UserCC/pidspeed.d" -MT"Core/UserCC/pidspeed.o" --specs=nano.specs -mfpu=fpv4-sp-d16 -mfloat-abi=hard -mthumb -o "Core/UserCC/pidspeed.o"
arm-none-eabi-gcc "../Core/Src/main.c" -mcpu=cortex-m4 -std=gnu11 -g3 -DDEBUG -DUSE_HAL_DRIVER -DSTM32F407xx -c -I../Core/Inc -I../Drivers/STM32F4xx_HAL_Driver/Inc -I../Drivers/STM32F4xx_HAL_Driver/Inc/Legacy -I../Drivers/CMSIS/Device/ST/STM32F4xx/Include -I../Drivers/CMSIS/Include -I../Core/UserCC -I../Core/UserHH -O0 -ffunction-sections -fdata-sections -Wall -fstack-usage -fcyclomatic-complexity -MMD -MP -MF"Core/Src/main.d" -MT"Core/Src/main.o" --specs=nano.specs -mfpu=fpv4-sp-d16 -mfloat-abi=hard -mthumb -o "Core/Src/main.o"
../Core/Src/main.c:73:9: error: expected '=', ',', ';', 'asm' or '__attribute__' before 'ceshi'
   73 | uint8_t ceshi[255];
      |         ^~~~~
make: *** [Core/Src/subdir.mk:49: Core/Src/main.o] Error 1
make: *** Waiting for unfinished jobs....
"make -j12 all" terminated with exit code 2. Build might be incomplete.
21:06:26 **** Incremental Build of configuration Debug for project Myproject ****
make -j12 all 
arm-none-eabi-size  Myproject.elf 
   text	   data	    bss	    dec	    hex	filename
  44020	    468	   4132	  48620	   bdec	Myproject.elf
已结束构建： default.size.stdout
 
21:06:27 **** Incremental Build of configuration Debug for project STM32F407VGT6 ****
make -j12 all 
arm-none-eabi-gcc "../Core/Src/main.c" -mcpu=cortex-m4 -std=gnu11 -g3 -DDEBUG -DUSE_HAL_DRIVER -DSTM32F407xx -c -I../Core/Inc -I../Drivers/STM32F4xx_HAL_Driver/Inc -I../Drivers/STM32F4xx_HAL_Driver/Inc/Legacy -I../Drivers/CMSIS/Device/ST/STM32F4xx/Include -I../Drivers/CMSIS/Include -I../Core/UserCC -I../Core/UserHH -O0 -ffunction-sections -fdata-sections -Wall -fstack-usage -fcyclomatic-complexity -MMD -MP -MF"Core/Src/main.d" -MT"Core/Src/main.o" --specs=nano.specs -mfpu=fpv4-sp-d16 -mfloat-abi=hard -mthumb -o "Core/Src/main.o"
arm-none-eabi-gcc -o "STM32F407VGT6.elf" @"objects.list"   -mcpu=cortex-m4 -T"A:\git\WYHCODE\PROJECT\STM32F407VGT6\STM32F407VGTX_FLASH.ld" --specs=nosys.specs -Wl,-Map="STM32F407VGT6.map" -Wl,--gc-sections -static --specs=nano.specs -mfpu=fpv4-sp-d16 -mfloat-abi=hard -mthumb -u _printf_float -u _scanf_float -Wl,--start-group -lc -lm -Wl,--end-group
已结束构建目标： STM32F407VGT6.elf
 
arm-none-eabi-size  STM32F407VGT6.elf 
arm-none-eabi-objdump -h -S STM32F407VGT6.elf  > "STM32F407VGT6.list"
   text	   data	    bss	    dec	    hex	filename
  55652	    496	   5216	  61364	   efb4	STM32F407VGT6.elf
已结束构建： default.size.stdout
 
已结束构建： STM32F407VGT6.list
 
21:10:59 **** Incremental Build of configuration Debug for project Myproject ****
make -j12 all 
arm-none-eabi-size  Myproject.elf 
   text	   data	    bss	    dec	    hex	filename
  44020	    468	   4132	  48620	   bdec	Myproject.elf
已结束构建： default.size.stdout
 
21:10:59 **** Incremental Build of configuration Debug for project STM32F407VGT6 ****
make -j12 all 
arm-none-eabi-gcc "../Core/UserCC/Angle_PID.c" -mcpu=cortex-m4 -std=gnu11 -g3 -DDEBUG -DUSE_HAL_DRIVER -DSTM32F407xx -c -I../Core/Inc -I../Drivers/STM32F4xx_HAL_Driver/Inc -I../Drivers/STM32F4xx_HAL_Driver/Inc/Legacy -I../Drivers/CMSIS/Device/ST/STM32F4xx/Include -I../Drivers/CMSIS/Include -I../Core/UserCC -I../Core/UserHH -O0 -ffunction-sections -fdata-sections -Wall -fstack-usage -fcyclomatic-complexity -MMD -MP -MF"Core/UserCC/Angle_PID.d" -MT"Core/UserCC/Angle_PID.o" --specs=nano.specs -mfpu=fpv4-sp-d16 -mfloat-abi=hard -mthumb -o "Core/UserCC/Angle_PID.o"
arm-none-eabi-gcc "../Core/UserCC/Trace_PID.c" -mcpu=cortex-m4 -std=gnu11 -g3 -DDEBUG -DUSE_HAL_DRIVER -DSTM32F407xx -c -I../Core/Inc -I../Drivers/STM32F4xx_HAL_Driver/Inc -I../Drivers/STM32F4xx_HAL_Driver/Inc/Legacy -I../Drivers/CMSIS/Device/ST/STM32F4xx/Include -I../Drivers/CMSIS/Include -I../Core/UserCC -I../Core/UserHH -O0 -ffunction-sections -fdata-sections -Wall -fstack-usage -fcyclomatic-complexity -MMD -MP -MF"Core/UserCC/Trace_PID.d" -MT"Core/UserCC/Trace_PID.o" --specs=nano.specs -mfpu=fpv4-sp-d16 -mfloat-abi=hard -mthumb -o "Core/UserCC/Trace_PID.o"
arm-none-eabi-gcc "../Core/Src/main.c" -mcpu=cortex-m4 -std=gnu11 -g3 -DDEBUG -DUSE_HAL_DRIVER -DSTM32F407xx -c -I../Core/Inc -I../Drivers/STM32F4xx_HAL_Driver/Inc -I../Drivers/STM32F4xx_HAL_Driver/Inc/Legacy -I../Drivers/CMSIS/Device/ST/STM32F4xx/Include -I../Drivers/CMSIS/Include -I../Core/UserCC -I../Core/UserHH -O0 -ffunction-sections -fdata-sections -Wall -fstack-usage -fcyclomatic-complexity -MMD -MP -MF"Core/Src/main.d" -MT"Core/Src/main.o" --specs=nano.specs -mfpu=fpv4-sp-d16 -mfloat-abi=hard -mthumb -o "Core/Src/main.o"
../Core/UserCC/Angle_PID.c: In function 'PID_Angle_realize':
../Core/UserCC/Angle_PID.c:16:36: error: 'CurrentValue' undeclared (first use in this function); did you mean 'CurrentAngle'?
   16 |     pid->Error = pid->target_val - CurrentValue;
      |                                    ^~~~~~~~~~~~
      |                                    CurrentAngle
../Core/UserCC/Angle_PID.c:16:36: note: each undeclared identifier is reported only once for each function it appears in
make: *** [Core/UserCC/subdir.mk:37: Core/UserCC/Angle_PID.o] Error 1
make: *** Waiting for unfinished jobs....
"make -j12 all" terminated with exit code 2. Build might be incomplete.
21:11:09 **** Incremental Build of configuration Debug for project Myproject ****
make -j12 all 
arm-none-eabi-size  Myproject.elf 
   text	   data	    bss	    dec	    hex	filename
  44020	    468	   4132	  48620	   bdec	Myproject.elf
已结束构建： default.size.stdout
 
21:11:09 **** Incremental Build of configuration Debug for project STM32F407VGT6 ****
make -j12 all 
arm-none-eabi-gcc "../Core/UserCC/Angle_PID.c" -mcpu=cortex-m4 -std=gnu11 -g3 -DDEBUG -DUSE_HAL_DRIVER -DSTM32F407xx -c -I../Core/Inc -I../Drivers/STM32F4xx_HAL_Driver/Inc -I../Drivers/STM32F4xx_HAL_Driver/Inc/Legacy -I../Drivers/CMSIS/Device/ST/STM32F4xx/Include -I../Drivers/CMSIS/Include -I../Core/UserCC -I../Core/UserHH -O0 -ffunction-sections -fdata-sections -Wall -fstack-usage -fcyclomatic-complexity -MMD -MP -MF"Core/UserCC/Angle_PID.d" -MT"Core/UserCC/Angle_PID.o" --specs=nano.specs -mfpu=fpv4-sp-d16 -mfloat-abi=hard -mthumb -o "Core/UserCC/Angle_PID.o"
arm-none-eabi-gcc -o "STM32F407VGT6.elf" @"objects.list"   -mcpu=cortex-m4 -T"A:\git\WYHCODE\PROJECT\STM32F407VGT6\STM32F407VGTX_FLASH.ld" --specs=nosys.specs -Wl,-Map="STM32F407VGT6.map" -Wl,--gc-sections -static --specs=nano.specs -mfpu=fpv4-sp-d16 -mfloat-abi=hard -mthumb -u _printf_float -u _scanf_float -Wl,--start-group -lc -lm -Wl,--end-group
已结束构建目标： STM32F407VGT6.elf
 
arm-none-eabi-size  STM32F407VGT6.elf 
arm-none-eabi-objdump -h -S STM32F407VGT6.elf  > "STM32F407VGT6.list"
   text	   data	    bss	    dec	    hex	filename
  55740	    496	   5240	  61476	   f024	STM32F407VGT6.elf
已结束构建： default.size.stdout
 
已结束构建： STM32F407VGT6.list
 
21:11:14 **** Incremental Build of configuration Debug for project STM32F407VGT6 ****
make -j12 all 
arm-none-eabi-size  STM32F407VGT6.elf 
   text	   data	    bss	    dec	    hex	filename
  55740	    496	   5240	  61476	   f024	STM32F407VGT6.elf
已结束构建： default.size.stdout
 
21:11:36 **** Incremental Build of configuration Debug for project STM32F407VGT6 ****
make -j12 all 
arm-none-eabi-gcc "../Core/Src/main.c" -mcpu=cortex-m4 -std=gnu11 -g3 -DDEBUG -DUSE_HAL_DRIVER -DSTM32F407xx -c -I../Core/Inc -I../Drivers/STM32F4xx_HAL_Driver/Inc -I../Drivers/STM32F4xx_HAL_Driver/Inc/Legacy -I../Drivers/CMSIS/Device/ST/STM32F4xx/Include -I../Drivers/CMSIS/Include -I../Core/UserCC -I../Core/UserHH -O0 -ffunction-sections -fdata-sections -Wall -fstack-usage -fcyclomatic-complexity -MMD -MP -MF"Core/Src/main.d" -MT"Core/Src/main.o" --specs=nano.specs -mfpu=fpv4-sp-d16 -mfloat-abi=hard -mthumb -o "Core/Src/main.o"
arm-none-eabi-gcc -o "STM32F407VGT6.elf" @"objects.list"   -mcpu=cortex-m4 -T"A:\git\WYHCODE\PROJECT\STM32F407VGT6\STM32F407VGTX_FLASH.ld" --specs=nosys.specs -Wl,-Map="STM32F407VGT6.map" -Wl,--gc-sections -static --specs=nano.specs -mfpu=fpv4-sp-d16 -mfloat-abi=hard -mthumb -u _printf_float -u _scanf_float -Wl,--start-group -lc -lm -Wl,--end-group
已结束构建目标： STM32F407VGT6.elf
 
arm-none-eabi-size  STM32F407VGT6.elf 
arm-none-eabi-objdump -h -S STM32F407VGT6.elf  > "STM32F407VGT6.list"
   text	   data	    bss	    dec	    hex	filename
  55740	    496	   5240	  61476	   f024	STM32F407VGT6.elf
已结束构建： default.size.stdout
 
已结束构建： STM32F407VGT6.list
 
21:13:27 **** Incremental Build of configuration Debug for project STM32F407VGT6 ****
make -j12 all 
arm-none-eabi-gcc "../Core/Src/main.c" -mcpu=cortex-m4 -std=gnu11 -g3 -DDEBUG -DUSE_HAL_DRIVER -DSTM32F407xx -c -I../Core/Inc -I../Drivers/STM32F4xx_HAL_Driver/Inc -I../Drivers/STM32F4xx_HAL_Driver/Inc/Legacy -I../Drivers/CMSIS/Device/ST/STM32F4xx/Include -I../Drivers/CMSIS/Include -I../Core/UserCC -I../Core/UserHH -O0 -ffunction-sections -fdata-sections -Wall -fstack-usage -fcyclomatic-complexity -MMD -MP -MF"Core/Src/main.d" -MT"Core/Src/main.o" --specs=nano.specs -mfpu=fpv4-sp-d16 -mfloat-abi=hard -mthumb -o "Core/Src/main.o"
arm-none-eabi-gcc -o "STM32F407VGT6.elf" @"objects.list"   -mcpu=cortex-m4 -T"A:\git\WYHCODE\PROJECT\STM32F407VGT6\STM32F407VGTX_FLASH.ld" --specs=nosys.specs -Wl,-Map="STM32F407VGT6.map" -Wl,--gc-sections -static --specs=nano.specs -mfpu=fpv4-sp-d16 -mfloat-abi=hard -mthumb -u _printf_float -u _scanf_float -Wl,--start-group -lc -lm -Wl,--end-group
已结束构建目标： STM32F407VGT6.elf
 
arm-none-eabi-size  STM32F407VGT6.elf 
arm-none-eabi-objdump -h -S STM32F407VGT6.elf  > "STM32F407VGT6.list"
   text	   data	    bss	    dec	    hex	filename
  55860	    500	   5252	  61612	   f0ac	STM32F407VGT6.elf
已结束构建： default.size.stdout
 
已结束构建： STM32F407VGT6.list
 
21:18:15 **** Incremental Build of configuration Debug for project STM32F407VGT6 ****
make -j12 all 
arm-none-eabi-size  STM32F407VGT6.elf 
   text	   data	    bss	    dec	    hex	filename
  55860	    500	   5252	  61612	   f0ac	STM32F407VGT6.elf
已结束构建： default.size.stdout
 
21:22:13 **** Incremental Build of configuration Debug for project STM32F407VGT6 ****
make -j12 all 
arm-none-eabi-gcc "../Core/Src/main.c" -mcpu=cortex-m4 -std=gnu11 -g3 -DDEBUG -DUSE_HAL_DRIVER -DSTM32F407xx -c -I../Core/Inc -I../Drivers/STM32F4xx_HAL_Driver/Inc -I../Drivers/STM32F4xx_HAL_Driver/Inc/Legacy -I../Drivers/CMSIS/Device/ST/STM32F4xx/Include -I../Drivers/CMSIS/Include -I../Core/UserCC -I../Core/UserHH -O0 -ffunction-sections -fdata-sections -Wall -fstack-usage -fcyclomatic-complexity -MMD -MP -MF"Core/Src/main.d" -MT"Core/Src/main.o" --specs=nano.specs -mfpu=fpv4-sp-d16 -mfloat-abi=hard -mthumb -o "Core/Src/main.o"
arm-none-eabi-gcc -o "STM32F407VGT6.elf" @"objects.list"   -mcpu=cortex-m4 -T"A:\git\WYHCODE\PROJECT\STM32F407VGT6\STM32F407VGTX_FLASH.ld" --specs=nosys.specs -Wl,-Map="STM32F407VGT6.map" -Wl,--gc-sections -static --specs=nano.specs -mfpu=fpv4-sp-d16 -mfloat-abi=hard -mthumb -u _printf_float -u _scanf_float -Wl,--start-group -lc -lm -Wl,--end-group
已结束构建目标： STM32F407VGT6.elf
 
arm-none-eabi-size  STM32F407VGT6.elf 
arm-none-eabi-objdump -h -S STM32F407VGT6.elf  > "STM32F407VGT6.list"
   text	   data	    bss	    dec	    hex	filename
  55868	    500	   5252	  61620	   f0b4	STM32F407VGT6.elf
已结束构建： default.size.stdout
 
已结束构建： STM32F407VGT6.list
 
21:26:54 **** Incremental Build of configuration Debug for project STM32F407VGT6 ****
make -j12 all 
arm-none-eabi-gcc "../Core/UserCC/Angle_PID.c" -mcpu=cortex-m4 -std=gnu11 -g3 -DDEBUG -DUSE_HAL_DRIVER -DSTM32F407xx -c -I../Core/Inc -I../Drivers/STM32F4xx_HAL_Driver/Inc -I../Drivers/STM32F4xx_HAL_Driver/Inc/Legacy -I../Drivers/CMSIS/Device/ST/STM32F4xx/Include -I../Drivers/CMSIS/Include -I../Core/UserCC -I../Core/UserHH -O0 -ffunction-sections -fdata-sections -Wall -fstack-usage -fcyclomatic-complexity -MMD -MP -MF"Core/UserCC/Angle_PID.d" -MT"Core/UserCC/Angle_PID.o" --specs=nano.specs -mfpu=fpv4-sp-d16 -mfloat-abi=hard -mthumb -o "Core/UserCC/Angle_PID.o"
arm-none-eabi-gcc "../Core/UserCC/Trace_PID.c" -mcpu=cortex-m4 -std=gnu11 -g3 -DDEBUG -DUSE_HAL_DRIVER -DSTM32F407xx -c -I../Core/Inc -I../Drivers/STM32F4xx_HAL_Driver/Inc -I../Drivers/STM32F4xx_HAL_Driver/Inc/Legacy -I../Drivers/CMSIS/Device/ST/STM32F4xx/Include -I../Drivers/CMSIS/Include -I../Core/UserCC -I../Core/UserHH -O0 -ffunction-sections -fdata-sections -Wall -fstack-usage -fcyclomatic-complexity -MMD -MP -MF"Core/UserCC/Trace_PID.d" -MT"Core/UserCC/Trace_PID.o" --specs=nano.specs -mfpu=fpv4-sp-d16 -mfloat-abi=hard -mthumb -o "Core/UserCC/Trace_PID.o"
arm-none-eabi-gcc "../Core/UserCC/pidspeed.c" -mcpu=cortex-m4 -std=gnu11 -g3 -DDEBUG -DUSE_HAL_DRIVER -DSTM32F407xx -c -I../Core/Inc -I../Drivers/STM32F4xx_HAL_Driver/Inc -I../Drivers/STM32F4xx_HAL_Driver/Inc/Legacy -I../Drivers/CMSIS/Device/ST/STM32F4xx/Include -I../Drivers/CMSIS/Include -I../Core/UserCC -I../Core/UserHH -O0 -ffunction-sections -fdata-sections -Wall -fstack-usage -fcyclomatic-complexity -MMD -MP -MF"Core/UserCC/pidspeed.d" -MT"Core/UserCC/pidspeed.o" --specs=nano.specs -mfpu=fpv4-sp-d16 -mfloat-abi=hard -mthumb -o "Core/UserCC/pidspeed.o"
arm-none-eabi-gcc -o "STM32F407VGT6.elf" @"objects.list"   -mcpu=cortex-m4 -T"A:\git\WYHCODE\PROJECT\STM32F407VGT6\STM32F407VGTX_FLASH.ld" --specs=nosys.specs -Wl,-Map="STM32F407VGT6.map" -Wl,--gc-sections -static --specs=nano.specs -mfpu=fpv4-sp-d16 -mfloat-abi=hard -mthumb -u _printf_float -u _scanf_float -Wl,--start-group -lc -lm -Wl,--end-group
已结束构建目标： STM32F407VGT6.elf
 
arm-none-eabi-size  STM32F407VGT6.elf 
arm-none-eabi-objdump -h -S STM32F407VGT6.elf  > "STM32F407VGT6.list"
   text	   data	    bss	    dec	    hex	filename
  56076	    500	   5252	  61828	   f184	STM32F407VGT6.elf
已结束构建： default.size.stdout
 
已结束构建： STM32F407VGT6.list
 
21:27:52 **** Incremental Build of configuration Debug for project STM32F407VGT6 ****
make -j12 all 
arm-none-eabi-gcc "../Core/UserCC/Angle_PID.c" -mcpu=cortex-m4 -std=gnu11 -g3 -DDEBUG -DUSE_HAL_DRIVER -DSTM32F407xx -c -I../Core/Inc -I../Drivers/STM32F4xx_HAL_Driver/Inc -I../Drivers/STM32F4xx_HAL_Driver/Inc/Legacy -I../Drivers/CMSIS/Device/ST/STM32F4xx/Include -I../Drivers/CMSIS/Include -I../Core/UserCC -I../Core/UserHH -O0 -ffunction-sections -fdata-sections -Wall -fstack-usage -fcyclomatic-complexity -MMD -MP -MF"Core/UserCC/Angle_PID.d" -MT"Core/UserCC/Angle_PID.o" --specs=nano.specs -mfpu=fpv4-sp-d16 -mfloat-abi=hard -mthumb -o "Core/UserCC/Angle_PID.o"
arm-none-eabi-gcc "../Core/UserCC/Trace_PID.c" -mcpu=cortex-m4 -std=gnu11 -g3 -DDEBUG -DUSE_HAL_DRIVER -DSTM32F407xx -c -I../Core/Inc -I../Drivers/STM32F4xx_HAL_Driver/Inc -I../Drivers/STM32F4xx_HAL_Driver/Inc/Legacy -I../Drivers/CMSIS/Device/ST/STM32F4xx/Include -I../Drivers/CMSIS/Include -I../Core/UserCC -I../Core/UserHH -O0 -ffunction-sections -fdata-sections -Wall -fstack-usage -fcyclomatic-complexity -MMD -MP -MF"Core/UserCC/Trace_PID.d" -MT"Core/UserCC/Trace_PID.o" --specs=nano.specs -mfpu=fpv4-sp-d16 -mfloat-abi=hard -mthumb -o "Core/UserCC/Trace_PID.o"
arm-none-eabi-gcc "../Core/UserCC/pidspeed.c" -mcpu=cortex-m4 -std=gnu11 -g3 -DDEBUG -DUSE_HAL_DRIVER -DSTM32F407xx -c -I../Core/Inc -I../Drivers/STM32F4xx_HAL_Driver/Inc -I../Drivers/STM32F4xx_HAL_Driver/Inc/Legacy -I../Drivers/CMSIS/Device/ST/STM32F4xx/Include -I../Drivers/CMSIS/Include -I../Core/UserCC -I../Core/UserHH -O0 -ffunction-sections -fdata-sections -Wall -fstack-usage -fcyclomatic-complexity -MMD -MP -MF"Core/UserCC/pidspeed.d" -MT"Core/UserCC/pidspeed.o" --specs=nano.specs -mfpu=fpv4-sp-d16 -mfloat-abi=hard -mthumb -o "Core/UserCC/pidspeed.o"
arm-none-eabi-gcc -o "STM32F407VGT6.elf" @"objects.list"   -mcpu=cortex-m4 -T"A:\git\WYHCODE\PROJECT\STM32F407VGT6\STM32F407VGTX_FLASH.ld" --specs=nosys.specs -Wl,-Map="STM32F407VGT6.map" -Wl,--gc-sections -static --specs=nano.specs -mfpu=fpv4-sp-d16 -mfloat-abi=hard -mthumb -u _printf_float -u _scanf_float -Wl,--start-group -lc -lm -Wl,--end-group
已结束构建目标： STM32F407VGT6.elf
 
arm-none-eabi-size  STM32F407VGT6.elf 
arm-none-eabi-objdump -h -S STM32F407VGT6.elf  > "STM32F407VGT6.list"
   text	   data	    bss	    dec	    hex	filename
  56060	    500	   5252	  61812	   f174	STM32F407VGT6.elf
已结束构建： default.size.stdout
 
已结束构建： STM32F407VGT6.list
 
21:28:24 **** Incremental Build of configuration Debug for project STM32F407VGT6 ****
make -j12 all 
arm-none-eabi-gcc "../Core/UserCC/Angle_PID.c" -mcpu=cortex-m4 -std=gnu11 -g3 -DDEBUG -DUSE_HAL_DRIVER -DSTM32F407xx -c -I../Core/Inc -I../Drivers/STM32F4xx_HAL_Driver/Inc -I../Drivers/STM32F4xx_HAL_Driver/Inc/Legacy -I../Drivers/CMSIS/Device/ST/STM32F4xx/Include -I../Drivers/CMSIS/Include -I../Core/UserCC -I../Core/UserHH -O0 -ffunction-sections -fdata-sections -Wall -fstack-usage -fcyclomatic-complexity -MMD -MP -MF"Core/UserCC/Angle_PID.d" -MT"Core/UserCC/Angle_PID.o" --specs=nano.specs -mfpu=fpv4-sp-d16 -mfloat-abi=hard -mthumb -o "Core/UserCC/Angle_PID.o"
arm-none-eabi-gcc "../Core/UserCC/Trace_PID.c" -mcpu=cortex-m4 -std=gnu11 -g3 -DDEBUG -DUSE_HAL_DRIVER -DSTM32F407xx -c -I../Core/Inc -I../Drivers/STM32F4xx_HAL_Driver/Inc -I../Drivers/STM32F4xx_HAL_Driver/Inc/Legacy -I../Drivers/CMSIS/Device/ST/STM32F4xx/Include -I../Drivers/CMSIS/Include -I../Core/UserCC -I../Core/UserHH -O0 -ffunction-sections -fdata-sections -Wall -fstack-usage -fcyclomatic-complexity -MMD -MP -MF"Core/UserCC/Trace_PID.d" -MT"Core/UserCC/Trace_PID.o" --specs=nano.specs -mfpu=fpv4-sp-d16 -mfloat-abi=hard -mthumb -o "Core/UserCC/Trace_PID.o"
arm-none-eabi-gcc "../Core/UserCC/pidspeed.c" -mcpu=cortex-m4 -std=gnu11 -g3 -DDEBUG -DUSE_HAL_DRIVER -DSTM32F407xx -c -I../Core/Inc -I../Drivers/STM32F4xx_HAL_Driver/Inc -I../Drivers/STM32F4xx_HAL_Driver/Inc/Legacy -I../Drivers/CMSIS/Device/ST/STM32F4xx/Include -I../Drivers/CMSIS/Include -I../Core/UserCC -I../Core/UserHH -O0 -ffunction-sections -fdata-sections -Wall -fstack-usage -fcyclomatic-complexity -MMD -MP -MF"Core/UserCC/pidspeed.d" -MT"Core/UserCC/pidspeed.o" --specs=nano.specs -mfpu=fpv4-sp-d16 -mfloat-abi=hard -mthumb -o "Core/UserCC/pidspeed.o"
arm-none-eabi-gcc -o "STM32F407VGT6.elf" @"objects.list"   -mcpu=cortex-m4 -T"A:\git\WYHCODE\PROJECT\STM32F407VGT6\STM32F407VGTX_FLASH.ld" --specs=nosys.specs -Wl,-Map="STM32F407VGT6.map" -Wl,--gc-sections -static --specs=nano.specs -mfpu=fpv4-sp-d16 -mfloat-abi=hard -mthumb -u _printf_float -u _scanf_float -Wl,--start-group -lc -lm -Wl,--end-group
已结束构建目标： STM32F407VGT6.elf
 
arm-none-eabi-size  STM32F407VGT6.elf 
arm-none-eabi-objdump -h -S STM32F407VGT6.elf  > "STM32F407VGT6.list"
   text	   data	    bss	    dec	    hex	filename
  56060	    500	   5252	  61812	   f174	STM32F407VGT6.elf
已结束构建： default.size.stdout
 
已结束构建： STM32F407VGT6.list
 
21:29:21 **** Incremental Build of configuration Debug for project STM32F407VGT6 ****
make -j12 all 
arm-none-eabi-gcc "../Core/Src/main.c" -mcpu=cortex-m4 -std=gnu11 -g3 -DDEBUG -DUSE_HAL_DRIVER -DSTM32F407xx -c -I../Core/Inc -I../Drivers/STM32F4xx_HAL_Driver/Inc -I../Drivers/STM32F4xx_HAL_Driver/Inc/Legacy -I../Drivers/CMSIS/Device/ST/STM32F4xx/Include -I../Drivers/CMSIS/Include -I../Core/UserCC -I../Core/UserHH -O0 -ffunction-sections -fdata-sections -Wall -fstack-usage -fcyclomatic-complexity -MMD -MP -MF"Core/Src/main.d" -MT"Core/Src/main.o" --specs=nano.specs -mfpu=fpv4-sp-d16 -mfloat-abi=hard -mthumb -o "Core/Src/main.o"
arm-none-eabi-gcc -o "STM32F407VGT6.elf" @"objects.list"   -mcpu=cortex-m4 -T"A:\git\WYHCODE\PROJECT\STM32F407VGT6\STM32F407VGTX_FLASH.ld" --specs=nosys.specs -Wl,-Map="STM32F407VGT6.map" -Wl,--gc-sections -static --specs=nano.specs -mfpu=fpv4-sp-d16 -mfloat-abi=hard -mthumb -u _printf_float -u _scanf_float -Wl,--start-group -lc -lm -Wl,--end-group
已结束构建目标： STM32F407VGT6.elf
 
arm-none-eabi-size  STM32F407VGT6.elf 
arm-none-eabi-objdump -h -S STM32F407VGT6.elf  > "STM32F407VGT6.list"
   text	   data	    bss	    dec	    hex	filename
  56060	    500	   5252	  61812	   f174	STM32F407VGT6.elf
已结束构建： default.size.stdout
 
已结束构建： STM32F407VGT6.list
 
21:31:07 **** Incremental Build of configuration Debug for project STM32F407VGT6 ****
make -j12 all 
arm-none-eabi-gcc "../Core/Src/main.c" -mcpu=cortex-m4 -std=gnu11 -g3 -DDEBUG -DUSE_HAL_DRIVER -DSTM32F407xx -c -I../Core/Inc -I../Drivers/STM32F4xx_HAL_Driver/Inc -I../Drivers/STM32F4xx_HAL_Driver/Inc/Legacy -I../Drivers/CMSIS/Device/ST/STM32F4xx/Include -I../Drivers/CMSIS/Include -I../Core/UserCC -I../Core/UserHH -O0 -ffunction-sections -fdata-sections -Wall -fstack-usage -fcyclomatic-complexity -MMD -MP -MF"Core/Src/main.d" -MT"Core/Src/main.o" --specs=nano.specs -mfpu=fpv4-sp-d16 -mfloat-abi=hard -mthumb -o "Core/Src/main.o"
arm-none-eabi-gcc -o "STM32F407VGT6.elf" @"objects.list"   -mcpu=cortex-m4 -T"A:\git\WYHCODE\PROJECT\STM32F407VGT6\STM32F407VGTX_FLASH.ld" --specs=nosys.specs -Wl,-Map="STM32F407VGT6.map" -Wl,--gc-sections -static --specs=nano.specs -mfpu=fpv4-sp-d16 -mfloat-abi=hard -mthumb -u _printf_float -u _scanf_float -Wl,--start-group -lc -lm -Wl,--end-group
已结束构建目标： STM32F407VGT6.elf
 
arm-none-eabi-size  STM32F407VGT6.elf 
arm-none-eabi-objdump -h -S STM32F407VGT6.elf  > "STM32F407VGT6.list"
   text	   data	    bss	    dec	    hex	filename
  56052	    496	   5256	  61804	   f16c	STM32F407VGT6.elf
已结束构建： default.size.stdout
 
已结束构建： STM32F407VGT6.list
 
